<?xml version="1.0" encoding="UTF-8"?>
<coverage generated="1652859464434" clover="3.2.0">
  <project timestamp="1652859464434" name="All files">
    <metrics statements="7295" coveredstatements="3764" conditionals="2406" coveredconditionals="1129" methods="2710" coveredmethods="1552" elements="12411" coveredelements="6445" complexity="0" loc="7295" ncloc="7295" packages="69" files="254" classes="254"/>
    <package name="src">
      <metrics statements="206" coveredstatements="136" conditionals="149" coveredconditionals="97" methods="60" coveredmethods="38"/>
      <file name="App.vue" path="C:\Users\sameerksingh\hux_test\hux-unified\hux\frontend\src\App.vue">
        <metrics statements="3" coveredstatements="3" conditionals="2" coveredconditionals="2" methods="3" coveredmethods="3"/>
        <line num="14" count="291" type="cond" truecount="2" falsecount="0"/>
        <line num="18" count="101" type="stmt"/>
        <line num="19" count="101" type="stmt"/>
      </file>
      <file name="config.js" path="C:\Users\sameerksingh\hux_test\hux-unified\hux\frontend\src\config.js">
        <metrics statements="0" coveredstatements="0" conditionals="2" coveredconditionals="1" methods="0" coveredmethods="0"/>
      </file>
      <file name="filters.js" path="C:\Users\sameerksingh\hux_test\hux-unified\hux\frontend\src\filters.js">
        <metrics statements="79" coveredstatements="68" conditionals="74" coveredconditionals="63" methods="16" coveredmethods="13"/>
        <line num="11" count="101" type="stmt"/>
        <line num="12" count="101" type="stmt"/>
        <line num="13" count="101" type="stmt"/>
        <line num="14" count="101" type="stmt"/>
        <line num="15" count="101" type="stmt"/>
        <line num="26" count="101" type="stmt"/>
        <line num="32" count="767053" type="cond" truecount="2" falsecount="0"/>
        <line num="34" count="766988" type="stmt"/>
        <line num="36" count="766988" type="cond" truecount="2" falsecount="0"/>
        <line num="38" count="766971" type="cond" truecount="2" falsecount="0"/>
        <line num="39" count="1459" type="cond" truecount="1" falsecount="1"/>
        <line num="40" count="1459" type="stmt"/>
        <line num="42" count="0" type="stmt"/>
        <line num="45" count="765512" type="cond" truecount="2" falsecount="0"/>
        <line num="47" count="765438" type="cond" truecount="1" falsecount="1"/>
        <line num="49" count="765438" type="stmt"/>
        <line num="58" count="101" type="stmt"/>
        <line num="59" count="74" type="stmt"/>
        <line num="70" count="101" type="stmt"/>
        <line num="71" count="0" type="stmt"/>
        <line num="72" count="0" type="stmt"/>
        <line num="73" count="0" type="stmt"/>
        <line num="74" count="0" type="stmt"/>
        <line num="75" count="0" type="stmt"/>
        <line num="76" count="0" type="stmt"/>
        <line num="93" count="101" type="cond" truecount="1" falsecount="0"/>
        <line num="94" count="7927" type="cond" truecount="5" falsecount="0"/>
        <line num="95" count="417" type="stmt"/>
        <line num="97" count="7510" type="stmt"/>
        <line num="110" count="101" type="cond" truecount="1" falsecount="0"/>
        <line num="111" count="200" type="cond" truecount="1" falsecount="1"/>
        <line num="112" count="200" type="cond" truecount="3" falsecount="0"/>
        <line num="114" count="200" type="cond" truecount="1" falsecount="1"/>
        <line num="115" count="200" type="stmt"/>
        <line num="116" count="200" type="stmt"/>
        <line num="118" count="200" type="cond" truecount="1" falsecount="1"/>
        <line num="119" count="200" type="stmt"/>
        <line num="120" count="200" type="stmt"/>
        <line num="123" count="200" type="stmt"/>
        <line num="126" count="200" type="cond" truecount="1" falsecount="1"/>
        <line num="127" count="0" type="stmt"/>
        <line num="130" count="200" type="stmt"/>
        <line num="133" count="101" type="stmt"/>
        <line num="141" count="3739" type="cond" truecount="2" falsecount="0"/>
        <line num="142" count="3015" type="stmt"/>
        <line num="144" count="3015" type="cond" truecount="2" falsecount="0"/>
        <line num="145" count="378" type="stmt"/>
        <line num="146" count="378" type="stmt"/>
        <line num="149" count="3015" type="cond" truecount="2" falsecount="0"/>
        <line num="150" count="1150" type="cond" truecount="2" falsecount="0"/>
        <line num="151" count="647" type="stmt"/>
        <line num="152" count="647" type="stmt"/>
        <line num="153" count="503" type="cond" truecount="2" falsecount="0"/>
        <line num="154" count="299" type="stmt"/>
        <line num="155" count="299" type="stmt"/>
        <line num="158" count="3015" type="cond" truecount="2" falsecount="0"/>
        <line num="160" count="234" type="stmt"/>
        <line num="172" count="3015" type="cond" truecount="2" falsecount="0"/>
        <line num="190" count="101" type="stmt"/>
        <line num="191" count="532" type="stmt"/>
        <line num="192" count="537" type="stmt"/>
        <line num="202" count="101" type="stmt"/>
        <line num="203" count="751" type="stmt"/>
        <line num="205" count="1502" type="stmt"/>
        <line num="209" count="101" type="stmt"/>
        <line num="210" count="627" type="cond" truecount="1" falsecount="1"/>
        <line num="211" count="0" type="stmt"/>
        <line num="226" count="101" type="cond" truecount="1" falsecount="0"/>
        <line num="227" count="199" type="stmt"/>
        <line num="238" count="101" type="stmt"/>
        <line num="239" count="276" type="cond" truecount="2" falsecount="0"/>
        <line num="240" count="265" type="cond" truecount="1" falsecount="1"/>
        <line num="241" count="265" type="stmt"/>
        <line num="247" count="0" type="stmt"/>
        <line num="257" count="101" type="stmt"/>
        <line num="258" count="3" type="cond" truecount="2" falsecount="1"/>
        <line num="260" count="2" type="stmt"/>
        <line num="263" count="1" type="stmt"/>
        <line num="266" count="0" type="stmt"/>
      </file>
      <file name="main.js" path="C:\Users\sameerksingh\hux_test\hux-unified\hux\frontend\src\main.js">
        <metrics statements="11" coveredstatements="11" conditionals="2" coveredconditionals="1" methods="2" coveredmethods="2"/>
        <line num="15" count="101" type="stmt"/>
        <line num="16" count="101" type="stmt"/>
        <line num="18" count="101" type="stmt"/>
        <line num="21" count="101" type="stmt"/>
        <line num="22" count="1212" type="stmt"/>
        <line num="25" count="101" type="stmt"/>
        <line num="28" count="101" type="cond" truecount="1" falsecount="1"/>
        <line num="29" count="101" type="stmt"/>
        <line num="30" count="101" type="stmt"/>
        <line num="33" count="101" type="stmt"/>
        <line num="37" count="101" type="stmt"/>
      </file>
      <file name="utils.js" path="C:\Users\sameerksingh\hux_test\hux-unified\hux\frontend\src\utils.js">
        <metrics statements="113" coveredstatements="54" conditionals="69" coveredconditionals="30" methods="39" coveredmethods="20"/>
        <line num="16" count="217" type="stmt"/>
        <line num="28" count="1" type="cond" truecount="1" falsecount="2"/>
        <line num="31" count="1" type="stmt"/>
        <line num="47" count="0" type="stmt"/>
        <line num="63" count="0" type="stmt"/>
        <line num="86" count="751" type="stmt"/>
        <line num="87" count="751" type="stmt"/>
        <line num="88" count="751" type="stmt"/>
        <line num="89" count="2253" type="stmt"/>
        <line num="90" count="2253" type="stmt"/>
        <line num="91" count="2253" type="stmt"/>
        <line num="95" count="751" type="stmt"/>
        <line num="97" count="751" type="stmt"/>
        <line num="98" count="751" type="stmt"/>
        <line num="99" count="9960" type="stmt"/>
        <line num="102" count="751" type="stmt"/>
        <line num="103" count="751" type="stmt"/>
        <line num="114" count="0" type="cond" truecount="0" falsecount="2"/>
        <line num="133" count="0" type="stmt"/>
        <line num="134" count="0" type="stmt"/>
        <line num="135" count="0" type="cond" truecount="0" falsecount="2"/>
        <line num="136" count="0" type="stmt"/>
        <line num="138" count="0" type="stmt"/>
        <line num="143" count="0" type="stmt"/>
        <line num="146" count="0" type="stmt"/>
        <line num="156" count="5" type="stmt"/>
        <line num="167" count="5" type="cond" truecount="1" falsecount="1"/>
        <line num="168" count="5" type="stmt"/>
        <line num="169" count="5" type="stmt"/>
        <line num="173" count="5" type="stmt"/>
        <line num="183" count="0" type="stmt"/>
        <line num="184" count="0" type="cond" truecount="0" falsecount="2"/>
        <line num="185" count="0" type="stmt"/>
        <line num="187" count="0" type="stmt"/>
        <line num="197" count="0" type="cond" truecount="0" falsecount="8"/>
        <line num="199" count="0" type="stmt"/>
        <line num="201" count="0" type="stmt"/>
        <line num="203" count="0" type="stmt"/>
        <line num="205" count="0" type="stmt"/>
        <line num="207" count="0" type="stmt"/>
        <line num="209" count="0" type="stmt"/>
        <line num="211" count="0" type="stmt"/>
        <line num="213" count="0" type="stmt"/>
        <line num="227" count="5" type="stmt"/>
        <line num="229" count="5" type="stmt"/>
        <line num="244" count="5" type="cond" truecount="4" falsecount="0"/>
        <line num="245" count="2" type="cond" truecount="2" falsecount="0"/>
        <line num="246" count="2" type="cond" truecount="2" falsecount="0"/>
        <line num="247" count="2" type="stmt"/>
        <line num="248" count="2" type="stmt"/>
        <line num="251" count="3" type="stmt"/>
        <line num="268" count="5" type="stmt"/>
        <line num="269" count="5" type="stmt"/>
        <line num="270" count="5" type="stmt"/>
        <line num="271" count="5" type="stmt"/>
        <line num="272" count="23" type="stmt"/>
        <line num="273" count="23" type="stmt"/>
        <line num="275" count="5" type="stmt"/>
        <line num="285" count="0" type="stmt"/>
        <line num="295" count="0" type="stmt"/>
        <line num="298" count="0" type="stmt"/>
        <line num="299" count="0" type="stmt"/>
        <line num="304" count="0" type="stmt"/>
        <line num="305" count="0" type="stmt"/>
        <line num="306" count="0" type="stmt"/>
        <line num="317" count="152" type="stmt"/>
        <line num="318" count="2" type="stmt"/>
        <line num="329" count="96" type="cond" truecount="1" falsecount="1"/>
        <line num="330" count="19" type="stmt"/>
        <line num="331" count="96" type="cond" truecount="1" falsecount="1"/>
        <line num="332" count="96" type="stmt"/>
        <line num="345" count="8" type="stmt"/>
        <line num="346" count="16" type="stmt"/>
        <line num="347" count="64" type="stmt"/>
        <line num="348" count="64" type="stmt"/>
        <line num="349" count="64" type="cond" truecount="4" falsecount="0"/>
        <line num="361" count="970" type="stmt"/>
        <line num="371" count="0" type="stmt"/>
        <line num="381" count="0" type="stmt"/>
        <line num="390" count="1" type="stmt"/>
        <line num="402" count="0" type="stmt"/>
        <line num="403" count="0" type="stmt"/>
        <line num="404" count="0" type="stmt"/>
        <line num="405" count="0" type="stmt"/>
        <line num="406" count="0" type="stmt"/>
        <line num="407" count="0" type="stmt"/>
        <line num="409" count="0" type="stmt"/>
        <line num="418" count="542" type="stmt"/>
        <line num="428" count="0" type="stmt"/>
        <line num="439" count="213" type="cond" truecount="2" falsecount="0"/>
        <line num="441" count="213" type="cond" truecount="2" falsecount="0"/>
        <line num="442" count="213" type="cond" truecount="2" falsecount="0"/>
        <line num="443" count="213" type="cond" truecount="2" falsecount="0"/>
        <line num="444" count="213" type="stmt"/>
        <line num="454" count="0" type="cond" truecount="0" falsecount="4"/>
        <line num="455" count="0" type="stmt"/>
        <line num="457" count="0" type="stmt"/>
        <line num="458" count="0" type="stmt"/>
        <line num="459" count="0" type="stmt"/>
        <line num="461" count="0" type="stmt"/>
        <line num="462" count="0" type="stmt"/>
        <line num="463" count="0" type="stmt"/>
        <line num="465" count="0" type="stmt"/>
        <line num="466" count="0" type="cond" truecount="0" falsecount="2"/>
        <line num="467" count="0" type="stmt"/>
        <line num="468" count="0" type="cond" truecount="0" falsecount="2"/>
        <line num="472" count="0" type="stmt"/>
        <line num="474" count="0" type="stmt"/>
        <line num="477" count="0" type="stmt"/>
        <line num="478" count="0" type="stmt"/>
        <line num="481" count="0" type="cond" truecount="0" falsecount="2"/>
        <line num="482" count="0" type="stmt"/>
        <line num="484" count="0" type="stmt"/>
      </file>
    </package>
    <package name="src.api">
      <metrics statements="245" coveredstatements="174" conditionals="35" coveredconditionals="10" methods="100" coveredmethods="46"/>
      <file name="client.js" path="C:\Users\sameerksingh\hux_test\hux-unified\hux\frontend\src\api\client.js">
        <metrics statements="237" coveredstatements="166" conditionals="33" coveredconditionals="9" methods="99" coveredmethods="45"/>
        <line num="9" count="101" type="stmt"/>
        <line num="12" count="101" type="stmt"/>
        <line num="13" count="1515" type="stmt"/>
        <line num="14" count="1515" type="stmt"/>
        <line num="15" count="14" type="stmt"/>
        <line num="16" count="0" type="stmt"/>
        <line num="17" count="0" type="stmt"/>
        <line num="18" count="4" type="stmt"/>
        <line num="19" count="0" type="stmt"/>
        <line num="20" count="0" type="stmt"/>
        <line num="21" count="1" type="stmt"/>
        <line num="27" count="101" type="stmt"/>
        <line num="28" count="28" type="stmt"/>
        <line num="30" count="101" type="stmt"/>
        <line num="31" count="0" type="stmt"/>
        <line num="33" count="101" type="stmt"/>
        <line num="34" count="1" type="stmt"/>
        <line num="36" count="101" type="stmt"/>
        <line num="37" count="1" type="stmt"/>
        <line num="39" count="101" type="stmt"/>
        <line num="40" count="0" type="stmt"/>
        <line num="42" count="101" type="stmt"/>
        <line num="43" count="0" type="stmt"/>
        <line num="45" count="101" type="stmt"/>
        <line num="46" count="0" type="stmt"/>
        <line num="48" count="101" type="stmt"/>
        <line num="49" count="1" type="stmt"/>
        <line num="51" count="101" type="stmt"/>
        <line num="52" count="0" type="stmt"/>
        <line num="57" count="101" type="stmt"/>
        <line num="58" count="1" type="stmt"/>
        <line num="61" count="101" type="stmt"/>
        <line num="62" count="73" type="stmt"/>
        <line num="69" count="101" type="stmt"/>
        <line num="70" count="0" type="stmt"/>
        <line num="73" count="101" type="stmt"/>
        <line num="74" count="5" type="stmt"/>
        <line num="77" count="101" type="stmt"/>
        <line num="79" count="101" type="stmt"/>
        <line num="80" count="1" type="stmt"/>
        <line num="85" count="101" type="stmt"/>
        <line num="86" count="1" type="stmt"/>
        <line num="89" count="101" type="stmt"/>
        <line num="90" count="1" type="stmt"/>
        <line num="93" count="101" type="stmt"/>
        <line num="94" count="0" type="stmt"/>
        <line num="99" count="101" type="stmt"/>
        <line num="100" count="43" type="stmt"/>
        <line num="103" count="101" type="stmt"/>
        <line num="104" count="3" type="stmt"/>
        <line num="107" count="101" type="stmt"/>
        <line num="108" count="1" type="stmt"/>
        <line num="109" count="1" type="stmt"/>
        <line num="112" count="101" type="stmt"/>
        <line num="113" count="6" type="stmt"/>
        <line num="116" count="101" type="stmt"/>
        <line num="117" count="1" type="stmt"/>
        <line num="124" count="101" type="stmt"/>
        <line num="125" count="0" type="stmt"/>
        <line num="128" count="101" type="stmt"/>
        <line num="129" count="0" type="stmt"/>
        <line num="132" count="101" type="stmt"/>
        <line num="133" count="0" type="stmt"/>
        <line num="136" count="101" type="stmt"/>
        <line num="137" count="0" type="stmt"/>
        <line num="140" count="101" type="stmt"/>
        <line num="141" count="1" type="stmt"/>
        <line num="144" count="101" type="stmt"/>
        <line num="145" count="1" type="stmt"/>
        <line num="147" count="101" type="stmt"/>
        <line num="148" count="0" type="stmt"/>
        <line num="153" count="101" type="stmt"/>
        <line num="154" count="9" type="stmt"/>
        <line num="155" count="9" type="stmt"/>
        <line num="156" count="36" type="stmt"/>
        <line num="157" count="36" type="stmt"/>
        <line num="159" count="9" type="stmt"/>
        <line num="160" count="9" type="stmt"/>
        <line num="163" count="101" type="stmt"/>
        <line num="164" count="0" type="stmt"/>
        <line num="167" count="101" type="stmt"/>
        <line num="168" count="0" type="stmt"/>
        <line num="171" count="101" type="stmt"/>
        <line num="172" count="0" type="stmt"/>
        <line num="175" count="101" type="stmt"/>
        <line num="180" count="0" type="stmt"/>
        <line num="185" count="101" type="stmt"/>
        <line num="192" count="0" type="stmt"/>
        <line num="198" count="101" type="stmt"/>
        <line num="201" count="0" type="cond" truecount="0" falsecount="2"/>
        <line num="202" count="0" type="stmt"/>
        <line num="204" count="0" type="stmt"/>
        <line num="208" count="101" type="stmt"/>
        <line num="211" count="0" type="cond" truecount="0" falsecount="2"/>
        <line num="212" count="0" type="stmt"/>
        <line num="214" count="0" type="stmt"/>
        <line num="215" count="0" type="stmt"/>
        <line num="219" count="101" type="stmt"/>
        <line num="220" count="0" type="stmt"/>
        <line num="221" count="0" type="stmt"/>
        <line num="224" count="101" type="stmt"/>
        <line num="230" count="0" type="stmt"/>
        <line num="231" count="0" type="stmt"/>
        <line num="234" count="101" type="stmt"/>
        <line num="238" count="0" type="stmt"/>
        <line num="239" count="0" type="stmt"/>
        <line num="242" count="101" type="stmt"/>
        <line num="243" count="0" type="stmt"/>
        <line num="244" count="0" type="stmt"/>
        <line num="247" count="101" type="stmt"/>
        <line num="248" count="1" type="stmt"/>
        <line num="251" count="101" type="stmt"/>
        <line num="252" count="2" type="stmt"/>
        <line num="259" count="101" type="stmt"/>
        <line num="264" count="0" type="stmt"/>
        <line num="268" count="101" type="stmt"/>
        <line num="272" count="0" type="stmt"/>
        <line num="278" count="101" type="stmt"/>
        <line num="279" count="0" type="stmt"/>
        <line num="288" count="101" type="stmt"/>
        <line num="293" count="0" type="stmt"/>
        <line num="298" count="101" type="stmt"/>
        <line num="299" count="0" type="stmt"/>
        <line num="304" count="101" type="stmt"/>
        <line num="305" count="1" type="stmt"/>
        <line num="308" count="101" type="stmt"/>
        <line num="309" count="1" type="stmt"/>
        <line num="312" count="101" type="stmt"/>
        <line num="313" count="1" type="stmt"/>
        <line num="316" count="101" type="stmt"/>
        <line num="317" count="1" type="stmt"/>
        <line num="322" count="101" type="stmt"/>
        <line num="323" count="16" type="stmt"/>
        <line num="326" count="101" type="stmt"/>
        <line num="327" count="0" type="stmt"/>
        <line num="330" count="101" type="stmt"/>
        <line num="331" count="0" type="stmt"/>
        <line num="334" count="101" type="stmt"/>
        <line num="335" count="10" type="stmt"/>
        <line num="338" count="10" type="stmt"/>
        <line num="339" count="70" type="cond" truecount="2" falsecount="0"/>
        <line num="340" count="10" type="stmt"/>
        <line num="341" count="0" type="stmt"/>
        <line num="342" count="0" type="stmt"/>
        <line num="345" count="60" type="stmt"/>
        <line num="346" count="60" type="stmt"/>
        <line num="349" count="10" type="stmt"/>
        <line num="350" count="10" type="stmt"/>
        <line num="351" count="10" type="stmt"/>
        <line num="352" count="10" type="stmt"/>
        <line num="355" count="101" type="stmt"/>
        <line num="356" count="0" type="stmt"/>
        <line num="362" count="101" type="stmt"/>
        <line num="363" count="1" type="stmt"/>
        <line num="366" count="101" type="stmt"/>
        <line num="367" count="0" type="stmt"/>
        <line num="374" count="101" type="stmt"/>
        <line num="375" count="1" type="stmt"/>
        <line num="378" count="101" type="stmt"/>
        <line num="379" count="0" type="stmt"/>
        <line num="384" count="101" type="stmt"/>
        <line num="385" count="0" type="stmt"/>
        <line num="388" count="101" type="stmt"/>
        <line num="389" count="0" type="stmt"/>
        <line num="392" count="101" type="stmt"/>
        <line num="393" count="0" type="stmt"/>
        <line num="396" count="101" type="stmt"/>
        <line num="397" count="0" type="stmt"/>
        <line num="400" count="101" type="stmt"/>
        <line num="401" count="0" type="stmt"/>
        <line num="402" count="0" type="cond" truecount="0" falsecount="2"/>
        <line num="403" count="0" type="stmt"/>
        <line num="405" count="0" type="stmt"/>
        <line num="410" count="101" type="stmt"/>
        <line num="411" count="195" type="stmt"/>
        <line num="412" count="195" type="stmt"/>
        <line num="415" count="195" type="stmt"/>
        <line num="416" count="546" type="stmt"/>
        <line num="417" count="546" type="stmt"/>
        <line num="419" count="195" type="stmt"/>
        <line num="420" count="195" type="stmt"/>
        <line num="421" count="195" type="stmt"/>
        <line num="422" count="195" type="stmt"/>
        <line num="425" count="101" type="stmt"/>
        <line num="426" count="0" type="stmt"/>
        <line num="429" count="101" type="stmt"/>
        <line num="430" count="1" type="stmt"/>
        <line num="435" count="101" type="stmt"/>
        <line num="436" count="1" type="cond" truecount="1" falsecount="1"/>
        <line num="437" count="1" type="stmt"/>
        <line num="440" count="101" type="stmt"/>
        <line num="441" count="1" type="cond" truecount="1" falsecount="1"/>
        <line num="442" count="0" type="stmt"/>
        <line num="443" count="1" type="stmt"/>
        <line num="446" count="101" type="stmt"/>
        <line num="447" count="1" type="stmt"/>
        <line num="450" count="101" type="stmt"/>
        <line num="451" count="1" type="cond" truecount="1" falsecount="1"/>
        <line num="452" count="1" type="stmt"/>
        <line num="455" count="101" type="stmt"/>
        <line num="456" count="1" type="cond" truecount="1" falsecount="1"/>
        <line num="457" count="1" type="stmt"/>
        <line num="460" count="101" type="stmt"/>
        <line num="461" count="1" type="cond" truecount="1" falsecount="1"/>
        <line num="462" count="1" type="stmt"/>
        <line num="465" count="101" type="stmt"/>
        <line num="466" count="0" type="stmt"/>
        <line num="469" count="101" type="stmt"/>
        <line num="470" count="0" type="cond" truecount="0" falsecount="2"/>
        <line num="471" count="0" type="stmt"/>
        <line num="472" count="0" type="stmt"/>
        <line num="476" count="101" type="stmt"/>
        <line num="477" count="1" type="stmt"/>
        <line num="479" count="101" type="stmt"/>
        <line num="486" count="0" type="stmt"/>
        <line num="497" count="101" type="stmt"/>
        <line num="498" count="2" type="stmt"/>
        <line num="501" count="101" type="stmt"/>
        <line num="502" count="0" type="stmt"/>
        <line num="505" count="101" type="stmt"/>
        <line num="506" count="0" type="stmt"/>
        <line num="510" count="101" type="stmt"/>
        <line num="511" count="1" type="stmt"/>
        <line num="514" count="101" type="stmt"/>
        <line num="515" count="1" type="stmt"/>
        <line num="519" count="101" type="stmt"/>
        <line num="520" count="0" type="stmt"/>
        <line num="523" count="101" type="stmt"/>
        <line num="524" count="0" type="stmt"/>
        <line num="526" count="101" type="stmt"/>
        <line num="527" count="0" type="stmt"/>
        <line num="530" count="101" type="stmt"/>
        <line num="531" count="0" type="stmt"/>
        <line num="534" count="101" type="stmt"/>
        <line num="535" count="0" type="stmt"/>
        <line num="537" count="101" type="stmt"/>
        <line num="538" count="0" type="stmt"/>
      </file>
      <file name="httpClient.js" path="C:\Users\sameerksingh\hux_test\hux-unified\hux\frontend\src\api\httpClient.js">
        <metrics statements="8" coveredstatements="8" conditionals="2" coveredconditionals="1" methods="1" coveredmethods="1"/>
        <line num="9" count="101" type="stmt"/>
        <line num="18" count="101" type="cond" truecount="1" falsecount="1"/>
        <line num="19" count="101" type="stmt"/>
        <line num="20" count="442" type="stmt"/>
        <line num="21" count="442" type="stmt"/>
        <line num="22" count="442" type="stmt"/>
        <line num="23" count="442" type="stmt"/>
        <line num="24" count="442" type="stmt"/>
      </file>
      <file name="resources.js" path="C:\Users\sameerksingh\hux_test\hux-unified\hux\frontend\src\api\resources.js">
        <metrics statements="0" coveredstatements="0" conditionals="0" coveredconditionals="0" methods="0" coveredmethods="0"/>
      </file>
    </package>
    <package name="src.api.mock">
      <metrics statements="471" coveredstatements="219" conditionals="72" coveredconditionals="23" methods="130" coveredmethods="52"/>
      <file name="routes.js" path="C:\Users\sameerksingh\hux_test\hux-unified\hux\frontend\src\api\mock\routes.js">
        <metrics statements="456" coveredstatements="209" conditionals="64" coveredconditionals="18" methods="127" coveredmethods="50"/>
        <line num="37" count="101" type="stmt"/>
        <line num="39" count="101" type="stmt"/>
        <line num="40" count="28" type="stmt"/>
        <line num="42" count="101" type="stmt"/>
        <line num="43" count="1" type="stmt"/>
        <line num="44" count="1" type="stmt"/>
        <line num="45" count="1" type="stmt"/>
        <line num="46" count="1" type="stmt"/>
        <line num="47" count="1" type="stmt"/>
        <line num="48" count="1" type="stmt"/>
        <line num="50" count="1" type="stmt"/>
        <line num="51" count="1" type="stmt"/>
        <line num="53" count="101" type="stmt"/>
        <line num="54" count="1" type="stmt"/>
        <line num="55" count="1" type="stmt"/>
        <line num="56" count="1" type="stmt"/>
        <line num="57" count="1" type="stmt"/>
        <line num="58" count="1" type="stmt"/>
        <line num="59" count="1" type="stmt"/>
        <line num="61" count="1" type="stmt"/>
        <line num="62" count="1" type="stmt"/>
        <line num="64" count="1" type="stmt"/>
        <line num="66" count="101" type="stmt"/>
        <line num="67" count="0" type="stmt"/>
        <line num="68" count="0" type="stmt"/>
        <line num="69" count="0" type="stmt"/>
        <line num="75" count="0" type="stmt"/>
        <line num="77" count="101" type="stmt"/>
        <line num="78" count="0" type="stmt"/>
        <line num="79" count="0" type="stmt"/>
        <line num="80" count="0" type="stmt"/>
        <line num="81" count="0" type="stmt"/>
        <line num="95" count="0" type="stmt"/>
        <line num="97" count="101" type="stmt"/>
        <line num="98" count="101" type="stmt"/>
        <line num="99" count="0" type="stmt"/>
        <line num="100" count="0" type="stmt"/>
        <line num="101" count="0" type="stmt"/>
        <line num="103" count="101" type="stmt"/>
        <line num="104" count="101" type="stmt"/>
        <line num="105" count="0" type="stmt"/>
        <line num="106" count="0" type="stmt"/>
        <line num="108" count="0" type="stmt"/>
        <line num="114" count="101" type="stmt"/>
        <line num="117" count="101" type="stmt"/>
        <line num="119" count="101" type="stmt"/>
        <line num="121" count="101" type="stmt"/>
        <line num="122" count="1" type="stmt"/>
        <line num="123" count="1" type="stmt"/>
        <line num="124" count="1" type="stmt"/>
        <line num="127" count="101" type="stmt"/>
        <line num="128" count="0" type="stmt"/>
        <line num="129" count="0" type="stmt"/>
        <line num="130" count="0" type="stmt"/>
        <line num="133" count="101" type="stmt"/>
        <line num="134" count="0" type="stmt"/>
        <line num="136" count="0" type="stmt"/>
        <line num="142" count="101" type="stmt"/>
        <line num="143" count="101" type="stmt"/>
        <line num="145" count="101" type="stmt"/>
        <line num="146" count="0" type="stmt"/>
        <line num="147" count="0" type="stmt"/>
        <line num="149" count="0" type="stmt"/>
        <line num="156" count="101" type="stmt"/>
        <line num="157" count="0" type="stmt"/>
        <line num="158" count="0" type="stmt"/>
        <line num="159" count="0" type="cond" truecount="0" falsecount="2"/>
        <line num="160" count="0" type="stmt"/>
        <line num="162" count="0" type="stmt"/>
        <line num="168" count="101" type="stmt"/>
        <line num="169" count="101" type="stmt"/>
        <line num="172" count="1" type="stmt"/>
        <line num="173" count="1" type="stmt"/>
        <line num="176" count="1" type="stmt"/>
        <line num="178" count="1" type="stmt"/>
        <line num="184" count="1" type="stmt"/>
        <line num="188" count="101" type="stmt"/>
        <line num="189" count="0" type="stmt"/>
        <line num="190" count="0" type="stmt"/>
        <line num="191" count="0" type="stmt"/>
        <line num="194" count="101" type="stmt"/>
        <line num="195" count="0" type="stmt"/>
        <line num="196" count="0" type="stmt"/>
        <line num="197" count="0" type="stmt"/>
        <line num="198" count="0" type="stmt"/>
        <line num="200" count="0" type="cond" truecount="0" falsecount="2"/>
        <line num="201" count="0" type="stmt"/>
        <line num="203" count="0" type="stmt"/>
        <line num="206" count="101" type="stmt"/>
        <line num="207" count="0" type="stmt"/>
        <line num="208" count="0" type="stmt"/>
        <line num="209" count="0" type="stmt"/>
        <line num="210" count="0" type="cond" truecount="0" falsecount="2"/>
        <line num="211" count="0" type="stmt"/>
        <line num="213" count="0" type="stmt"/>
        <line num="220" count="0" type="stmt"/>
        <line num="224" count="101" type="stmt"/>
        <line num="227" count="101" type="stmt"/>
        <line num="228" count="9" type="stmt"/>
        <line num="229" count="9" type="stmt"/>
        <line num="233" count="9" type="cond" truecount="1" falsecount="1"/>
        <line num="234" count="9" type="stmt"/>
        <line num="235" count="9" type="stmt"/>
        <line num="240" count="9" type="stmt"/>
        <line num="243" count="101" type="stmt"/>
        <line num="244" count="2" type="stmt"/>
        <line num="245" count="2" type="stmt"/>
        <line num="246" count="2" type="stmt"/>
        <line num="249" count="101" type="stmt"/>
        <line num="250" count="0" type="stmt"/>
        <line num="255" count="0" type="stmt"/>
        <line num="259" count="0" type="cond" truecount="0" falsecount="2"/>
        <line num="260" count="0" type="stmt"/>
        <line num="266" count="0" type="cond" truecount="0" falsecount="2"/>
        <line num="267" count="0" type="stmt"/>
        <line num="272" count="0" type="cond" truecount="0" falsecount="2"/>
        <line num="273" count="0" type="stmt"/>
        <line num="274" count="0" type="stmt"/>
        <line num="275" count="0" type="stmt"/>
        <line num="278" count="0" type="stmt"/>
        <line num="280" count="0" type="stmt"/>
        <line num="282" count="0" type="stmt"/>
        <line num="284" count="0" type="stmt"/>
        <line num="288" count="0" type="stmt"/>
        <line num="291" count="101" type="stmt"/>
        <line num="292" count="0" type="stmt"/>
        <line num="294" count="0" type="stmt"/>
        <line num="297" count="101" type="stmt"/>
        <line num="298" count="0" type="stmt"/>
        <line num="299" count="0" type="stmt"/>
        <line num="300" count="0" type="stmt"/>
        <line num="301" count="0" type="stmt"/>
        <line num="305" count="101" type="stmt"/>
        <line num="306" count="0" type="stmt"/>
        <line num="307" count="0" type="stmt"/>
        <line num="308" count="0" type="stmt"/>
        <line num="309" count="0" type="stmt"/>
        <line num="310" count="0" type="stmt"/>
        <line num="311" count="0" type="stmt"/>
        <line num="312" count="0" type="stmt"/>
        <line num="313" count="0" type="stmt"/>
        <line num="316" count="0" type="stmt"/>
        <line num="320" count="101" type="stmt"/>
        <line num="321" count="0" type="stmt"/>
        <line num="322" count="0" type="stmt"/>
        <line num="323" count="0" type="stmt"/>
        <line num="327" count="0" type="stmt"/>
        <line num="331" count="101" type="stmt"/>
        <line num="332" count="0" type="stmt"/>
        <line num="333" count="0" type="stmt"/>
        <line num="334" count="0" type="stmt"/>
        <line num="335" count="0" type="stmt"/>
        <line num="336" count="0" type="stmt"/>
        <line num="337" count="0" type="stmt"/>
        <line num="338" count="0" type="stmt"/>
        <line num="339" count="0" type="stmt"/>
        <line num="340" count="0" type="stmt"/>
        <line num="342" count="0" type="cond" truecount="0" falsecount="2"/>
        <line num="343" count="0" type="stmt"/>
        <line num="344" count="0" type="stmt"/>
        <line num="346" count="0" type="stmt"/>
        <line num="348" count="0" type="stmt"/>
        <line num="353" count="0" type="stmt"/>
        <line num="356" count="0" type="stmt"/>
        <line num="358" count="0" type="cond" truecount="0" falsecount="2"/>
        <line num="359" count="0" type="stmt"/>
        <line num="361" count="0" type="stmt"/>
        <line num="362" count="0" type="stmt"/>
        <line num="366" count="101" type="stmt"/>
        <line num="367" count="0" type="stmt"/>
        <line num="368" count="0" type="stmt"/>
        <line num="369" count="0" type="stmt"/>
        <line num="370" count="0" type="stmt"/>
        <line num="371" count="0" type="stmt"/>
        <line num="372" count="0" type="stmt"/>
        <line num="373" count="0" type="stmt"/>
        <line num="376" count="0" type="stmt"/>
        <line num="377" count="0" type="stmt"/>
        <line num="381" count="101" type="stmt"/>
        <line num="384" count="0" type="stmt"/>
        <line num="385" count="0" type="stmt"/>
        <line num="386" count="0" type="stmt"/>
        <line num="387" count="0" type="stmt"/>
        <line num="388" count="0" type="stmt"/>
        <line num="389" count="0" type="stmt"/>
        <line num="390" count="0" type="stmt"/>
        <line num="391" count="0" type="stmt"/>
        <line num="395" count="0" type="cond" truecount="0" falsecount="2"/>
        <line num="396" count="0" type="stmt"/>
        <line num="400" count="0" type="stmt"/>
        <line num="401" count="0" type="stmt"/>
        <line num="405" count="101" type="stmt"/>
        <line num="408" count="0" type="stmt"/>
        <line num="409" count="0" type="stmt"/>
        <line num="411" count="0" type="stmt"/>
        <line num="413" count="0" type="stmt"/>
        <line num="416" count="0" type="cond" truecount="0" falsecount="2"/>
        <line num="417" count="0" type="stmt"/>
        <line num="418" count="0" type="stmt"/>
        <line num="422" count="0" type="stmt"/>
        <line num="425" count="0" type="stmt"/>
        <line num="429" count="0" type="stmt"/>
        <line num="431" count="0" type="stmt"/>
        <line num="435" count="101" type="stmt"/>
        <line num="438" count="0" type="stmt"/>
        <line num="442" count="101" type="stmt"/>
        <line num="443" count="0" type="stmt"/>
        <line num="444" count="0" type="stmt"/>
        <line num="445" count="0" type="stmt"/>
        <line num="448" count="0" type="stmt"/>
        <line num="451" count="101" type="stmt"/>
        <line num="454" count="0" type="stmt"/>
        <line num="457" count="101" type="stmt"/>
        <line num="460" count="0" type="stmt"/>
        <line num="463" count="101" type="stmt"/>
        <line num="466" count="0" type="stmt"/>
        <line num="467" count="0" type="stmt"/>
        <line num="468" count="0" type="stmt"/>
        <line num="469" count="0" type="stmt"/>
        <line num="470" count="0" type="stmt"/>
        <line num="472" count="0" type="stmt"/>
        <line num="473" count="0" type="stmt"/>
        <line num="475" count="0" type="stmt"/>
        <line num="476" count="0" type="cond" truecount="0" falsecount="2"/>
        <line num="477" count="0" type="stmt"/>
        <line num="478" count="0" type="stmt"/>
        <line num="480" count="0" type="cond" truecount="0" falsecount="2"/>
        <line num="481" count="0" type="stmt"/>
        <line num="482" count="0" type="stmt"/>
        <line num="483" count="0" type="stmt"/>
        <line num="485" count="0" type="stmt"/>
        <line num="488" count="0" type="stmt"/>
        <line num="489" count="0" type="stmt"/>
        <line num="491" count="0" type="stmt"/>
        <line num="492" count="0" type="stmt"/>
        <line num="493" count="0" type="stmt"/>
        <line num="494" count="0" type="stmt"/>
        <line num="495" count="0" type="stmt"/>
        <line num="496" count="0" type="stmt"/>
        <line num="498" count="0" type="stmt"/>
        <line num="501" count="0" type="stmt"/>
        <line num="505" count="101" type="stmt"/>
        <line num="506" count="0" type="stmt"/>
        <line num="507" count="0" type="stmt"/>
        <line num="508" count="0" type="cond" truecount="0" falsecount="2"/>
        <line num="510" count="0" type="stmt"/>
        <line num="513" count="0" type="stmt"/>
        <line num="514" count="0" type="stmt"/>
        <line num="517" count="0" type="stmt"/>
        <line num="521" count="101" type="stmt"/>
        <line num="524" count="0" type="stmt"/>
        <line num="525" count="0" type="stmt"/>
        <line num="526" count="0" type="stmt"/>
        <line num="527" count="0" type="cond" truecount="0" falsecount="2"/>
        <line num="530" count="101" type="stmt"/>
        <line num="531" count="1" type="stmt"/>
        <line num="532" count="1" type="stmt"/>
        <line num="533" count="1" type="stmt"/>
        <line num="534" count="1" type="stmt"/>
        <line num="535" count="1" type="stmt"/>
        <line num="553" count="101" type="stmt"/>
        <line num="556" count="1" type="stmt"/>
        <line num="557" count="1" type="stmt"/>
        <line num="558" count="1" type="stmt"/>
        <line num="561" count="0" type="stmt"/>
        <line num="564" count="101" type="stmt"/>
        <line num="567" count="1" type="stmt"/>
        <line num="568" count="1" type="stmt"/>
        <line num="569" count="1" type="stmt"/>
        <line num="572" count="0" type="stmt"/>
        <line num="575" count="101" type="stmt"/>
        <line num="578" count="0" type="stmt"/>
        <line num="579" count="0" type="stmt"/>
        <line num="582" count="101" type="stmt"/>
        <line num="583" count="0" type="stmt"/>
        <line num="584" count="0" type="stmt"/>
        <line num="585" count="0" type="stmt"/>
        <line num="586" count="0" type="stmt"/>
        <line num="587" count="0" type="stmt"/>
        <line num="591" count="101" type="stmt"/>
        <line num="592" count="101" type="stmt"/>
        <line num="593" count="0" type="stmt"/>
        <line num="594" count="0" type="stmt"/>
        <line num="597" count="101" type="stmt"/>
        <line num="598" count="1" type="stmt"/>
        <line num="599" count="1" type="stmt"/>
        <line num="600" count="1" type="stmt"/>
        <line num="608" count="1" type="stmt"/>
        <line num="611" count="101" type="stmt"/>
        <line num="612" count="1" type="stmt"/>
        <line num="615" count="101" type="stmt"/>
        <line num="616" count="0" type="stmt"/>
        <line num="619" count="101" type="stmt"/>
        <line num="620" count="1" type="stmt"/>
        <line num="621" count="1" type="stmt"/>
        <line num="622" count="1" type="stmt"/>
        <line num="625" count="101" type="stmt"/>
        <line num="627" count="101" type="stmt"/>
        <line num="629" count="101" type="stmt"/>
        <line num="630" count="1" type="stmt"/>
        <line num="631" count="1" type="stmt"/>
        <line num="632" count="1" type="stmt"/>
        <line num="635" count="101" type="stmt"/>
        <line num="636" count="0" type="stmt"/>
        <line num="637" count="0" type="stmt"/>
        <line num="640" count="101" type="stmt"/>
        <line num="641" count="0" type="stmt"/>
        <line num="642" count="0" type="stmt"/>
        <line num="643" count="0" type="stmt"/>
        <line num="644" count="0" type="stmt"/>
        <line num="645" count="0" type="stmt"/>
        <line num="646" count="0" type="stmt"/>
        <line num="647" count="0" type="stmt"/>
        <line num="651" count="101" type="stmt"/>
        <line num="653" count="101" type="stmt"/>
        <line num="654" count="1" type="stmt"/>
        <line num="655" count="1" type="stmt"/>
        <line num="656" count="1" type="stmt"/>
        <line num="657" count="1" type="stmt"/>
        <line num="658" count="1" type="stmt"/>
        <line num="661" count="101" type="stmt"/>
        <line num="663" count="101" type="stmt"/>
        <line num="665" count="101" type="stmt"/>
        <line num="667" count="101" type="stmt"/>
        <line num="669" count="101" type="stmt"/>
        <line num="671" count="101" type="stmt"/>
        <line num="673" count="101" type="stmt"/>
        <line num="674" count="1" type="cond" truecount="1" falsecount="1"/>
        <line num="675" count="1" type="cond" truecount="1" falsecount="1"/>
        <line num="676" count="1" type="cond" truecount="1" falsecount="1"/>
        <line num="677" count="1" type="cond" truecount="1" falsecount="1"/>
        <line num="678" count="1" type="stmt"/>
        <line num="681" count="101" type="stmt"/>
        <line num="682" count="1" type="stmt"/>
        <line num="685" count="101" type="stmt"/>
        <line num="686" count="1" type="stmt"/>
        <line num="689" count="101" type="stmt"/>
        <line num="690" count="1" type="stmt"/>
        <line num="691" count="1" type="stmt"/>
        <line num="692" count="1" type="stmt"/>
        <line num="695" count="101" type="stmt"/>
        <line num="698" count="101" type="stmt"/>
        <line num="699" count="1" type="stmt"/>
        <line num="707" count="101" type="stmt"/>
        <line num="710" count="1" type="stmt"/>
        <line num="714" count="101" type="stmt"/>
        <line num="715" count="101" type="stmt"/>
        <line num="718" count="101" type="stmt"/>
        <line num="719" count="195" type="stmt"/>
        <line num="720" count="195" type="stmt"/>
        <line num="721" count="195" type="stmt"/>
        <line num="726" count="195" type="stmt"/>
        <line num="728" count="101" type="stmt"/>
        <line num="729" count="0" type="stmt"/>
        <line num="730" count="0" type="stmt"/>
        <line num="731" count="0" type="stmt"/>
        <line num="734" count="101" type="stmt"/>
        <line num="735" count="2" type="stmt"/>
        <line num="738" count="101" type="stmt"/>
        <line num="739" count="0" type="stmt"/>
        <line num="742" count="101" type="stmt"/>
        <line num="743" count="10" type="stmt"/>
        <line num="744" count="10" type="stmt"/>
        <line num="748" count="10" type="cond" truecount="2" falsecount="0"/>
        <line num="749" count="8" type="stmt"/>
        <line num="750" count="8" type="stmt"/>
        <line num="752" count="10" type="stmt"/>
        <line num="755" count="101" type="stmt"/>
        <line num="756" count="1" type="stmt"/>
        <line num="757" count="1" type="stmt"/>
        <line num="759" count="101" type="stmt"/>
        <line num="762" count="0" type="stmt"/>
        <line num="763" count="0" type="stmt"/>
        <line num="766" count="101" type="stmt"/>
        <line num="767" count="1" type="stmt"/>
        <line num="768" count="1" type="stmt"/>
        <line num="769" count="1" type="stmt"/>
        <line num="775" count="101" type="stmt"/>
        <line num="776" count="0" type="stmt"/>
        <line num="777" count="0" type="stmt"/>
        <line num="778" count="0" type="stmt"/>
        <line num="779" count="0" type="stmt"/>
        <line num="780" count="0" type="stmt"/>
        <line num="782" count="0" type="stmt"/>
        <line num="784" count="0" type="stmt"/>
        <line num="787" count="0" type="stmt"/>
        <line num="790" count="101" type="stmt"/>
        <line num="791" count="0" type="stmt"/>
        <line num="792" count="0" type="stmt"/>
        <line num="793" count="0" type="stmt"/>
        <line num="797" count="0" type="stmt"/>
        <line num="800" count="101" type="stmt"/>
        <line num="801" count="0" type="stmt"/>
        <line num="804" count="101" type="stmt"/>
        <line num="806" count="101" type="stmt"/>
        <line num="807" count="0" type="stmt"/>
        <line num="808" count="0" type="cond" truecount="0" falsecount="2"/>
        <line num="809" count="0" type="stmt"/>
        <line num="811" count="0" type="stmt"/>
        <line num="812" count="0" type="stmt"/>
        <line num="816" count="101" type="stmt"/>
        <line num="817" count="1" type="stmt"/>
        <line num="818" count="1" type="stmt"/>
        <line num="819" count="1" type="stmt"/>
        <line num="820" count="1" type="stmt"/>
        <line num="821" count="4" type="stmt"/>
        <line num="838" count="101" type="stmt"/>
        <line num="839" count="0" type="cond" truecount="0" falsecount="2"/>
        <line num="840" count="0" type="cond" truecount="0" falsecount="2"/>
        <line num="841" count="0" type="cond" truecount="0" falsecount="2"/>
        <line num="842" count="0" type="cond" truecount="0" falsecount="2"/>
        <line num="843" count="0" type="stmt"/>
        <line num="846" count="101" type="stmt"/>
        <line num="847" count="0" type="stmt"/>
        <line num="850" count="101" type="stmt"/>
        <line num="851" count="0" type="stmt"/>
        <line num="854" count="101" type="stmt"/>
        <line num="855" count="0" type="stmt"/>
        <line num="856" count="0" type="stmt"/>
        <line num="857" count="0" type="stmt"/>
        <line num="858" count="0" type="stmt"/>
        <line num="859" count="0" type="stmt"/>
        <line num="862" count="101" type="stmt"/>
        <line num="863" count="0" type="stmt"/>
        <line num="864" count="0" type="stmt"/>
        <line num="865" count="0" type="stmt"/>
        <line num="866" count="0" type="stmt"/>
        <line num="867" count="0" type="stmt"/>
        <line num="875" count="101" type="stmt"/>
        <line num="876" count="0" type="stmt"/>
        <line num="881" count="0" type="stmt"/>
        <line num="882" count="0" type="stmt"/>
        <line num="883" count="0" type="stmt"/>
        <line num="893" count="0" type="stmt"/>
        <line num="896" count="101" type="stmt"/>
        <line num="897" count="0" type="stmt"/>
        <line num="898" count="0" type="stmt"/>
        <line num="902" count="101" type="stmt"/>
        <line num="903" count="1" type="stmt"/>
        <line num="906" count="101" type="stmt"/>
        <line num="909" count="101" type="stmt"/>
        <line num="910" count="2" type="stmt"/>
        <line num="911" count="2" type="cond" truecount="2" falsecount="0"/>
        <line num="914" count="101" type="stmt"/>
        <line num="915" count="0" type="stmt"/>
        <line num="922" count="101" type="stmt"/>
        <line num="923" count="0" type="stmt"/>
        <line num="924" count="0" type="stmt"/>
        <line num="927" count="101" type="stmt"/>
        <line num="929" count="101" type="stmt"/>
        <line num="932" count="101" type="stmt"/>
        <line num="934" count="101" type="stmt"/>
        <line num="936" count="101" type="stmt"/>
        <line num="938" count="101" type="stmt"/>
        <line num="940" count="101" type="stmt"/>
        <line num="942" count="101" type="stmt"/>
      </file>
      <file name="serializer.js" path="C:\Users\sameerksingh\hux_test\hux-unified\hux\frontend\src\api\mock\serializer.js">
        <metrics statements="0" coveredstatements="0" conditionals="0" coveredconditionals="0" methods="0" coveredmethods="0"/>
      </file>
      <file name="server.js" path="C:\Users\sameerksingh\hux_test\hux-unified\hux\frontend\src\api\mock\server.js">
        <metrics statements="15" coveredstatements="10" conditionals="8" coveredconditionals="5" methods="3" coveredmethods="2"/>
        <line num="52" count="101" type="stmt"/>
        <line num="79" count="101" type="stmt"/>
        <line num="104" count="101" type="stmt"/>
        <line num="110" count="101" type="stmt"/>
        <line num="111" count="101" type="stmt"/>
        <line num="112" count="101" type="stmt"/>
        <line num="113" count="101" type="stmt"/>
        <line num="117" count="101" type="cond" truecount="3" falsecount="1"/>
        <line num="118" count="0" type="stmt"/>
        <line num="119" count="0" type="cond" truecount="0" falsecount="2"/>
        <line num="120" count="0" type="stmt"/>
        <line num="121" count="0" type="stmt"/>
        <line num="123" count="0" type="stmt"/>
        <line num="128" count="101" type="stmt"/>
        <line num="144" count="101" type="stmt"/>
      </file>
    </package>
    <package name="src.api.mock.factories">
      <metrics statements="311" coveredstatements="272" conditionals="67" coveredconditionals="52" methods="188" coveredmethods="154"/>
      <file name="application.js" path="C:\Users\sameerksingh\hux_test\hux-unified\hux\frontend\src\api\mock\factories\application.js">
        <metrics statements="2" coveredstatements="2" conditionals="0" coveredconditionals="0" methods="0" coveredmethods="0"/>
        <line num="3" count="101" type="stmt"/>
        <line num="51" count="101" type="stmt"/>
      </file>
      <file name="attributeRules.js" path="C:\Users\sameerksingh\hux_test\hux-unified\hux\frontend\src\api\mock\factories\attributeRules.js">
        <metrics statements="1" coveredstatements="1" conditionals="0" coveredconditionals="0" methods="0" coveredmethods="0"/>
        <line num="1" count="101" type="stmt"/>
      </file>
      <file name="audienceCSVData.js" path="C:\Users\sameerksingh\hux_test\hux-unified\hux\frontend\src\api\mock\factories\audienceCSVData.js">
        <metrics statements="0" coveredstatements="0" conditionals="0" coveredconditionals="0" methods="0" coveredmethods="0"/>
      </file>
      <file name="audienceHistogramData.js" path="C:\Users\sameerksingh\hux_test\hux-unified\hux\frontend\src\api\mock\factories\audienceHistogramData.js">
        <metrics statements="0" coveredstatements="0" conditionals="0" coveredconditionals="0" methods="0" coveredmethods="0"/>
      </file>
      <file name="audiencePerformance.js" path="C:\Users\sameerksingh\hux_test\hux-unified\hux\frontend\src\api\mock\factories\audiencePerformance.js">
        <metrics statements="41" coveredstatements="41" conditionals="38" coveredconditionals="37" methods="6" coveredmethods="6"/>
        <line num="2" count="101" type="stmt"/>
        <line num="3" count="101" type="stmt"/>
        <line num="6" count="1010" type="cond" truecount="2" falsecount="0"/>
        <line num="7" count="520" type="stmt"/>
        <line num="21" count="490" type="stmt"/>
        <line num="37" count="1010" type="stmt"/>
        <line num="38" count="1010" type="cond" truecount="2" falsecount="0"/>
        <line num="39" count="1010" type="cond" truecount="2" falsecount="0"/>
        <line num="40" count="490" type="stmt"/>
        <line num="42" count="1010" type="stmt"/>
        <line num="43" count="1793" type="stmt"/>
        <line num="58" count="1793" type="stmt"/>
        <line num="59" count="1793" type="stmt"/>
        <line num="60" count="1793" type="stmt"/>
        <line num="61" count="1793" type="stmt"/>
        <line num="62" count="1793" type="stmt"/>
        <line num="64" count="1793" type="cond" truecount="1" falsecount="1"/>
        <line num="65" count="1793" type="stmt"/>
        <line num="115" count="1793" type="cond" truecount="2" falsecount="0"/>
        <line num="116" count="1793" type="stmt"/>
        <line num="118" count="1793" type="stmt"/>
        <line num="120" count="1793" type="stmt"/>
        <line num="122" count="1010" type="stmt"/>
        <line num="128" count="1010" type="cond" truecount="2" falsecount="0"/>
        <line num="129" count="520" type="stmt"/>
        <line num="146" count="490" type="stmt"/>
        <line num="166" count="1010" type="stmt"/>
        <line num="167" count="1010" type="cond" truecount="2" falsecount="0"/>
        <line num="168" count="1010" type="cond" truecount="2" falsecount="0"/>
        <line num="169" count="490" type="stmt"/>
        <line num="191" count="520" type="stmt"/>
        <line num="192" count="1862" type="stmt"/>
        <line num="209" count="1862" type="stmt"/>
        <line num="210" count="1862" type="stmt"/>
        <line num="211" count="1862" type="stmt"/>
        <line num="212" count="1862" type="stmt"/>
        <line num="213" count="1862" type="stmt"/>
        <line num="236" count="1862" type="stmt"/>
        <line num="238" count="1862" type="stmt"/>
        <line num="240" count="1862" type="stmt"/>
        <line num="243" count="1010" type="stmt"/>
      </file>
      <file name="audiences.js" path="C:\Users\sameerksingh\hux_test\hux-unified\hux\frontend\src\api\mock\factories\audiences.js">
        <metrics statements="43" coveredstatements="37" conditionals="4" coveredconditionals="0" methods="33" coveredmethods="27"/>
        <line num="9" count="101" type="stmt"/>
        <line num="21" count="101" type="stmt"/>
        <line num="22" count="50252" type="stmt"/>
        <line num="31" count="0" type="stmt"/>
        <line num="32" count="0" type="stmt"/>
        <line num="33" count="0" type="stmt"/>
        <line num="34" count="0" type="stmt"/>
        <line num="36" count="0" type="stmt"/>
        <line num="46" count="101" type="stmt"/>
        <line num="47" count="52065" type="stmt"/>
        <line num="71" count="101" type="stmt"/>
        <line num="72" count="105040" type="stmt"/>
        <line num="90" count="0" type="stmt"/>
        <line num="101" count="101" type="stmt"/>
        <line num="102" count="15904" type="stmt"/>
        <line num="114" count="101" type="cond" truecount="0" falsecount="1"/>
        <line num="115" count="20806" type="stmt"/>
        <line num="118" count="101" type="cond" truecount="0" falsecount="1"/>
        <line num="119" count="20200" type="stmt"/>
        <line num="122" count="101" type="cond" truecount="0" falsecount="1"/>
        <line num="123" count="21008" type="stmt"/>
        <line num="126" count="101" type="cond" truecount="0" falsecount="1"/>
        <line num="127" count="10504" type="stmt"/>
        <line num="132" count="101" type="stmt"/>
        <line num="133" count="20200" type="stmt"/>
        <line num="134" count="20402" type="stmt"/>
        <line num="135" count="21008" type="stmt"/>
        <line num="136" count="21008" type="stmt"/>
        <line num="137" count="21008" type="stmt"/>
        <line num="139" count="21008" type="stmt"/>
        <line num="145" count="20604" type="stmt"/>
        <line num="146" count="20604" type="stmt"/>
        <line num="147" count="20604" type="stmt"/>
        <line num="148" count="20604" type="stmt"/>
        <line num="149" count="20604" type="stmt"/>
        <line num="150" count="20806" type="stmt"/>
        <line num="152" count="20200" type="stmt"/>
        <line num="153" count="20604" type="stmt"/>
        <line num="154" count="21008" type="stmt"/>
        <line num="155" count="21008" type="stmt"/>
        <line num="158" count="10504" type="stmt"/>
        <line num="180" count="10504" type="stmt"/>
        <line num="191" count="10504" type="stmt"/>
      </file>
      <file name="campaigns.js" path="C:\Users\sameerksingh\hux_test\hux-unified\hux\frontend\src\api\mock\factories\campaigns.js">
        <metrics statements="20" coveredstatements="20" conditionals="0" coveredconditionals="0" methods="8" coveredmethods="8"/>
        <line num="3" count="101" type="stmt"/>
        <line num="5" count="101" type="stmt"/>
        <line num="6" count="101" type="stmt"/>
        <line num="7" count="101" type="stmt"/>
        <line num="8" count="303" type="stmt"/>
        <line num="9" count="303" type="stmt"/>
        <line num="10" count="303" type="stmt"/>
        <line num="11" count="303" type="stmt"/>
        <line num="12" count="303" type="stmt"/>
        <line num="14" count="303" type="stmt"/>
        <line num="16" count="101" type="stmt"/>
        <line num="19" count="101" type="stmt"/>
        <line num="20" count="101" type="stmt"/>
        <line num="21" count="101" type="stmt"/>
        <line num="22" count="303" type="stmt"/>
        <line num="23" count="303" type="stmt"/>
        <line num="24" count="303" type="stmt"/>
        <line num="26" count="303" type="stmt"/>
        <line num="28" count="101" type="stmt"/>
        <line num="31" count="101" type="stmt"/>
      </file>
      <file name="client.js" path="C:\Users\sameerksingh\hux_test\hux-unified\hux\frontend\src\api\mock\factories\client.js">
        <metrics statements="11" coveredstatements="11" conditionals="0" coveredconditionals="0" methods="11" coveredmethods="11"/>
        <line num="5" count="606" type="stmt"/>
        <line num="6" count="606" type="stmt"/>
        <line num="7" count="606" type="stmt"/>
        <line num="8" count="606" type="stmt"/>
        <line num="9" count="606" type="stmt"/>
        <line num="10" count="606" type="stmt"/>
        <line num="11" count="606" type="stmt"/>
        <line num="12" count="606" type="stmt"/>
        <line num="13" count="606" type="stmt"/>
        <line num="14" count="606" type="stmt"/>
        <line num="15" count="606" type="stmt"/>
      </file>
      <file name="configuration.js" path="C:\Users\sameerksingh\hux_test\hux-unified\hux\frontend\src\api\mock\factories\configuration.js">
        <metrics statements="7" coveredstatements="7" conditionals="0" coveredconditionals="0" methods="7" coveredmethods="7"/>
        <line num="4" count="1616" type="stmt"/>
        <line num="6" count="1616" type="stmt"/>
        <line num="14" count="1616" type="stmt"/>
        <line num="17" count="1616" type="stmt"/>
        <line num="18" count="1616" type="stmt"/>
        <line num="19" count="1616" type="stmt"/>
        <line num="20" count="1616" type="stmt"/>
      </file>
      <file name="customers.js" path="C:\Users\sameerksingh\hux_test\hux-unified\hux\frontend\src\api\mock\factories\customers.js">
        <metrics statements="54" coveredstatements="52" conditionals="0" coveredconditionals="0" methods="37" coveredmethods="35"/>
        <line num="5" count="101" type="stmt"/>
        <line num="7" count="101" type="stmt"/>
        <line num="8" count="1010001" type="stmt"/>
        <line num="10" count="1010001" type="stmt"/>
        <line num="12" count="2525568" type="stmt"/>
        <line num="14" count="1010001" type="stmt"/>
        <line num="17" count="101" type="stmt"/>
        <line num="18" count="1010001" type="stmt"/>
        <line num="21" count="101" type="stmt"/>
        <line num="22" count="202" type="stmt"/>
        <line num="34" count="101" type="stmt"/>
        <line num="36" count="101" type="stmt"/>
        <line num="44" count="2525" type="stmt"/>
        <line num="46" count="101" type="stmt"/>
        <line num="47" count="7575" type="stmt"/>
        <line num="48" count="7575" type="stmt"/>
        <line num="49" count="2525" type="stmt"/>
        <line num="50" count="2525" type="stmt"/>
        <line num="57" count="101" type="stmt"/>
        <line num="58" count="505" type="stmt"/>
        <line num="60" count="2525" type="stmt"/>
        <line num="86" count="101" type="stmt"/>
        <line num="87" count="1010001" type="stmt"/>
        <line num="88" count="1010001" type="stmt"/>
        <line num="89" count="1010001" type="stmt"/>
        <line num="90" count="1010001" type="stmt"/>
        <line num="96" count="101" type="stmt"/>
        <line num="117" count="1" type="stmt"/>
        <line num="119" count="1" type="stmt"/>
        <line num="120" count="1" type="stmt"/>
        <line num="121" count="1" type="stmt"/>
        <line num="122" count="1" type="stmt"/>
        <line num="125" count="1" type="stmt"/>
        <line num="136" count="2" type="stmt"/>
        <line num="142" count="101" type="stmt"/>
        <line num="180" count="101" type="stmt"/>
        <line num="181" count="2961118" type="stmt"/>
        <line num="182" count="2961118" type="stmt"/>
        <line num="183" count="2961118" type="stmt"/>
        <line num="184" count="2961118" type="stmt"/>
        <line num="185" count="2961118" type="stmt"/>
        <line num="186" count="2961118" type="stmt"/>
        <line num="187" count="2961118" type="stmt"/>
        <line num="193" count="101" type="stmt"/>
        <line num="194" count="0" type="stmt"/>
        <line num="195" count="404" type="stmt"/>
        <line num="196" count="404" type="stmt"/>
        <line num="197" count="0" type="stmt"/>
        <line num="203" count="101" type="stmt"/>
        <line num="204" count="10504" type="stmt"/>
        <line num="205" count="10504" type="stmt"/>
        <line num="206" count="10504" type="stmt"/>
        <line num="207" count="10504" type="stmt"/>
        <line num="208" count="10504" type="stmt"/>
      </file>
      <file name="dataExtensions.js" path="C:\Users\sameerksingh\hux_test\hux-unified\hux\frontend\src\api\mock\factories\dataExtensions.js">
        <metrics statements="3" coveredstatements="3" conditionals="0" coveredconditionals="0" methods="2" coveredmethods="2"/>
        <line num="3" count="101" type="stmt"/>
        <line num="4" count="5050" type="stmt"/>
        <line num="6" count="5050" type="stmt"/>
      </file>
      <file name="dataSource.js" path="C:\Users\sameerksingh\hux_test\hux-unified\hux\frontend\src\api\mock\factories\dataSource.js">
        <metrics statements="17" coveredstatements="7" conditionals="5" coveredconditionals="1" methods="9" coveredmethods="1"/>
        <line num="14" count="0" type="stmt"/>
        <line num="17" count="0" type="stmt"/>
        <line num="32" count="101" type="cond" truecount="0" falsecount="1"/>
        <line num="33" count="0" type="stmt"/>
        <line num="62" count="101" type="stmt"/>
        <line num="63" count="1" type="stmt"/>
        <line num="65" count="1" type="cond" truecount="1" falsecount="1"/>
        <line num="67" count="1" type="stmt"/>
        <line num="72" count="0" type="stmt"/>
        <line num="82" count="101" type="stmt"/>
        <line num="83" count="0" type="stmt"/>
        <line num="84" count="0" type="stmt"/>
        <line num="86" count="0" type="stmt"/>
        <line num="109" count="0" type="stmt"/>
        <line num="119" count="101" type="stmt"/>
        <line num="120" count="0" type="stmt"/>
        <line num="121" count="0" type="stmt"/>
      </file>
      <file name="delivery.js" path="C:\Users\sameerksingh\hux_test\hux-unified\hux\frontend\src\api\mock\factories\delivery.js">
        <metrics statements="3" coveredstatements="0" conditionals="0" coveredconditionals="0" methods="3" coveredmethods="0"/>
        <line num="4" count="0" type="stmt"/>
        <line num="6" count="0" type="stmt"/>
        <line num="7" count="0" type="stmt"/>
      </file>
      <file name="destination.js" path="C:\Users\sameerksingh\hux_test\hux-unified\hux\frontend\src\api\mock\factories\destination.js">
        <metrics statements="14" coveredstatements="8" conditionals="3" coveredconditionals="3" methods="7" coveredmethods="4"/>
        <line num="6" count="101" type="stmt"/>
        <line num="15" count="0" type="stmt"/>
        <line num="16" count="3838" type="stmt"/>
        <line num="17" count="0" type="stmt"/>
        <line num="18" count="1010" type="stmt"/>
        <line num="20" count="3838" type="stmt"/>
        <line num="39" count="101" type="stmt"/>
        <line num="45" count="1414" type="stmt"/>
        <line num="56" count="101" type="stmt"/>
        <line num="101" count="101" type="stmt"/>
        <line num="102" count="0" type="stmt"/>
        <line num="103" count="0" type="stmt"/>
        <line num="104" count="0" type="stmt"/>
        <line num="110" count="0" type="stmt"/>
      </file>
      <file name="driftData.js" path="C:\Users\sameerksingh\hux_test\hux-unified\hux\frontend\src\api\mock\factories\driftData.js">
        <metrics statements="4" coveredstatements="4" conditionals="0" coveredconditionals="0" methods="2" coveredmethods="2"/>
        <line num="3" count="101" type="stmt"/>
        <line num="4" count="1" type="stmt"/>
        <line num="7" count="101" type="stmt"/>
        <line num="8" count="4" type="stmt"/>
      </file>
      <file name="emailDeliverability.js" path="C:\Users\sameerksingh\hux_test\hux-unified\hux\frontend\src\api\mock\factories\emailDeliverability.js">
        <metrics statements="1" coveredstatements="1" conditionals="0" coveredconditionals="0" methods="0" coveredmethods="0"/>
        <line num="4" count="101" type="stmt"/>
      </file>
      <file name="engagement.js" path="C:\Users\sameerksingh\hux_test\hux-unified\hux\frontend\src\api\mock\factories\engagement.js">
        <metrics statements="36" coveredstatements="28" conditionals="2" coveredconditionals="0" methods="30" coveredmethods="22"/>
        <line num="3" count="101" type="stmt"/>
        <line num="4" count="211773" type="stmt"/>
        <line num="30" count="0" type="stmt"/>
        <line num="31" count="0" type="stmt"/>
        <line num="32" count="0" type="stmt"/>
        <line num="33" count="0" type="stmt"/>
        <line num="37" count="101" type="stmt"/>
        <line num="38" count="70591" type="stmt"/>
        <line num="47" count="0" type="stmt"/>
        <line num="48" count="0" type="stmt"/>
        <line num="49" count="0" type="stmt"/>
        <line num="50" count="0" type="stmt"/>
        <line num="55" count="101" type="cond" truecount="0" falsecount="1"/>
        <line num="56" count="20200" type="stmt"/>
        <line num="59" count="101" type="cond" truecount="0" falsecount="1"/>
        <line num="60" count="70591" type="stmt"/>
        <line num="63" count="101" type="stmt"/>
        <line num="64" count="232175" type="stmt"/>
        <line num="76" count="101" type="stmt"/>
        <line num="77" count="20200" type="stmt"/>
        <line num="78" count="20200" type="stmt"/>
        <line num="79" count="20402" type="stmt"/>
        <line num="84" count="20200" type="stmt"/>
        <line num="85" count="20604" type="stmt"/>
        <line num="86" count="20402" type="stmt"/>
        <line num="87" count="20402" type="stmt"/>
        <line num="88" count="20402" type="stmt"/>
        <line num="89" count="20402" type="stmt"/>
        <line num="111" count="10302" type="stmt"/>
        <line num="122" count="10302" type="stmt"/>
        <line num="136" count="10302" type="stmt"/>
        <line num="147" count="10302" type="stmt"/>
        <line num="174" count="10302" type="stmt"/>
        <line num="185" count="10302" type="stmt"/>
        <line num="199" count="10302" type="stmt"/>
        <line num="210" count="10302" type="stmt"/>
      </file>
      <file name="identity.js" path="C:\Users\sameerksingh\hux_test\hux-unified\hux\frontend\src\api\mock\factories\identity.js">
        <metrics statements="17" coveredstatements="17" conditionals="3" coveredconditionals="2" methods="9" coveredmethods="9"/>
        <line num="7" count="101" type="stmt"/>
        <line num="39" count="101" type="stmt"/>
        <line num="40" count="2020" type="stmt"/>
        <line num="42" count="2020" type="stmt"/>
        <line num="44" count="2020" type="stmt"/>
        <line num="46" count="2020" type="stmt"/>
        <line num="48" count="2020" type="stmt"/>
        <line num="51" count="2020" type="stmt"/>
        <line num="52" count="2020" type="stmt"/>
        <line num="53" count="2020" type="stmt"/>
        <line num="57" count="2020" type="stmt"/>
        <line num="67" count="101" type="cond" truecount="1" falsecount="0"/>
        <line num="68" count="1" type="stmt"/>
        <line num="78" count="3" type="stmt"/>
        <line num="80" count="1" type="stmt"/>
        <line num="82" count="1" type="cond" truecount="1" falsecount="1"/>
        <line num="84" count="1" type="stmt"/>
      </file>
      <file name="liftChartData.js" path="C:\Users\sameerksingh\hux_test\hux-unified\hux\frontend\src\api\mock\factories\liftChartData.js">
        <metrics statements="0" coveredstatements="0" conditionals="0" coveredconditionals="0" methods="0" coveredmethods="0"/>
      </file>
      <file name="me.js" path="C:\Users\sameerksingh\hux_test\hux-unified\hux\frontend\src\api\mock\factories\me.js">
        <metrics statements="4" coveredstatements="3" conditionals="4" coveredconditionals="4" methods="1" coveredmethods="0"/>
        <line num="1" count="101" type="cond" truecount="2" falsecount="0"/>
        <line num="2" count="101" type="cond" truecount="2" falsecount="0"/>
        <line num="10" count="101" type="stmt"/>
        <line num="13" count="0" type="stmt"/>
      </file>
      <file name="model.js" path="C:\Users\sameerksingh\hux_test\hux-unified\hux\frontend\src\api\mock\factories\model.js">
        <metrics statements="17" coveredstatements="14" conditionals="4" coveredconditionals="1" methods="14" coveredmethods="11"/>
        <line num="3" count="101" type="cond" truecount="0" falsecount="1"/>
        <line num="4" count="251894" type="stmt"/>
        <line num="18" count="101" type="cond" truecount="1" falsecount="1"/>
        <line num="19" count="251894" type="stmt"/>
        <line num="22" count="101" type="stmt"/>
        <line num="23" count="29290" type="stmt"/>
        <line num="28" count="0" type="stmt"/>
        <line num="36" count="101" type="cond" truecount="0" falsecount="1"/>
        <line num="37" count="5858" type="stmt"/>
        <line num="42" count="0" type="stmt"/>
        <line num="44" count="3434" type="stmt"/>
        <line num="45" count="3434" type="stmt"/>
        <line num="49" count="3434" type="stmt"/>
        <line num="53" count="0" type="stmt"/>
        <line num="61" count="5858" type="stmt"/>
        <line num="62" count="5858" type="stmt"/>
        <line num="63" count="5858" type="stmt"/>
      </file>
      <file name="notifications.js" path="C:\Users\sameerksingh\hux_test\hux-unified\hux\frontend\src\api\mock\factories\notifications.js">
        <metrics statements="7" coveredstatements="7" conditionals="0" coveredconditionals="0" methods="6" coveredmethods="6"/>
        <line num="6" count="101" type="stmt"/>
        <line num="7" count="202000" type="stmt"/>
        <line num="8" count="202000" type="stmt"/>
        <line num="10" count="202000" type="stmt"/>
        <line num="11" count="202000" type="stmt"/>
        <line num="12" count="202000" type="stmt"/>
        <line num="13" count="202000" type="stmt"/>
      </file>
      <file name="user.js" path="C:\Users\sameerksingh\hux_test\hux-unified\hux\frontend\src\api\mock\factories\user.js">
        <metrics statements="9" coveredstatements="9" conditionals="4" coveredconditionals="4" methods="3" coveredmethods="3"/>
        <line num="2" count="101" type="cond" truecount="2" falsecount="0"/>
        <line num="3" count="101" type="cond" truecount="2" falsecount="0"/>
        <line num="11" count="101" type="stmt"/>
        <line num="78" count="101" type="stmt"/>
        <line num="100" count="101" type="stmt"/>
        <line num="101" count="6" type="stmt"/>
        <line num="124" count="101" type="stmt"/>
        <line num="125" count="1" type="stmt"/>
        <line num="127" count="6" type="stmt"/>
      </file>
    </package>
    <package name="src.api.mock.fixtures">
      <metrics statements="0" coveredstatements="0" conditionals="0" coveredconditionals="0" methods="0" coveredmethods="0"/>
      <file name="addSegmentData.js" path="C:\Users\sameerksingh\hux_test\hux-unified\hux\frontend\src\api\mock\fixtures\addSegmentData.js">
        <metrics statements="0" coveredstatements="0" conditionals="0" coveredconditionals="0" methods="0" coveredmethods="0"/>
      </file>
      <file name="customerEventData.js" path="C:\Users\sameerksingh\hux_test\hux-unified\hux\frontend\src\api\mock\fixtures\customerEventData.js">
        <metrics statements="0" coveredstatements="0" conditionals="0" coveredconditionals="0" methods="0" coveredmethods="0"/>
      </file>
      <file name="deliveredCountData.js" path="C:\Users\sameerksingh\hux_test\hux-unified\hux\frontend\src\api\mock\fixtures\deliveredCountData.js">
        <metrics statements="0" coveredstatements="0" conditionals="0" coveredconditionals="0" methods="0" coveredmethods="0"/>
      </file>
      <file name="demographicData.js" path="C:\Users\sameerksingh\hux_test\hux-unified\hux\frontend\src\api\mock\fixtures\demographicData.js">
        <metrics statements="0" coveredstatements="0" conditionals="0" coveredconditionals="0" methods="0" coveredmethods="0"/>
      </file>
      <file name="domainLineData.js" path="C:\Users\sameerksingh\hux_test\hux-unified\hux\frontend\src\api\mock\fixtures\domainLineData.js">
        <metrics statements="0" coveredstatements="0" conditionals="0" coveredconditionals="0" methods="0" coveredmethods="0"/>
      </file>
      <file name="idrMatchingTrendData.js" path="C:\Users\sameerksingh\hux_test\hux-unified\hux\frontend\src\api\mock\fixtures\idrMatchingTrendData.js">
        <metrics statements="0" coveredstatements="0" conditionals="0" coveredconditionals="0" methods="0" coveredmethods="0"/>
      </file>
      <file name="menuConfig.js" path="C:\Users\sameerksingh\hux_test\hux-unified\hux\frontend\src\api\mock\fixtures\menuConfig.js">
        <metrics statements="0" coveredstatements="0" conditionals="0" coveredconditionals="0" methods="0" coveredmethods="0"/>
      </file>
      <file name="runDurationData.js" path="C:\Users\sameerksingh\hux_test\hux-unified\hux\frontend\src\api\mock\fixtures\runDurationData.js">
        <metrics statements="0" coveredstatements="0" conditionals="0" coveredconditionals="0" methods="0" coveredmethods="0"/>
      </file>
      <file name="segmentComparisonScores.js" path="C:\Users\sameerksingh\hux_test\hux-unified\hux\frontend\src\api\mock\fixtures\segmentComparisonScores.js">
        <metrics statements="0" coveredstatements="0" conditionals="0" coveredconditionals="0" methods="0" coveredmethods="0"/>
      </file>
      <file name="totalCustomerSpendData.js" path="C:\Users\sameerksingh\hux_test\hux-unified\hux\frontend\src\api\mock\fixtures\totalCustomerSpendData.js">
        <metrics statements="0" coveredstatements="0" conditionals="0" coveredconditionals="0" methods="0" coveredmethods="0"/>
      </file>
      <file name="totalCustomersData.js" path="C:\Users\sameerksingh\hux_test\hux-unified\hux\frontend\src\api\mock\fixtures\totalCustomersData.js">
        <metrics statements="0" coveredstatements="0" conditionals="0" coveredconditionals="0" methods="0" coveredmethods="0"/>
      </file>
      <file name="trustIdAttribute.js" path="C:\Users\sameerksingh\hux_test\hux-unified\hux\frontend\src\api\mock\fixtures\trustIdAttribute.js">
        <metrics statements="0" coveredstatements="0" conditionals="0" coveredconditionals="0" methods="0" coveredmethods="0"/>
      </file>
      <file name="trustIdOverview.js" path="C:\Users\sameerksingh\hux_test\hux-unified\hux\frontend\src\api\mock\fixtures\trustIdOverview.js">
        <metrics statements="0" coveredstatements="0" conditionals="0" coveredconditionals="0" methods="0" coveredmethods="0"/>
      </file>
    </package>
    <package name="src.api.mock.seeds">
      <metrics statements="27" coveredstatements="27" conditionals="0" coveredconditionals="0" methods="9" coveredmethods="9"/>
      <file name="audience.js" path="C:\Users\sameerksingh\hux_test\hux-unified\hux\frontend\src\api\mock\seeds\audience.js">
        <metrics statements="4" coveredstatements="4" conditionals="0" coveredconditionals="0" methods="0" coveredmethods="0"/>
        <line num="1" count="101" type="stmt"/>
        <line num="20" count="101" type="stmt"/>
        <line num="99" count="101" type="stmt"/>
        <line num="137" count="101" type="stmt"/>
      </file>
      <file name="configuration.js" path="C:\Users\sameerksingh\hux_test\hux-unified\hux\frontend\src\api\mock\seeds\configuration.js">
        <metrics statements="0" coveredstatements="0" conditionals="0" coveredconditionals="0" methods="0" coveredmethods="0"/>
      </file>
      <file name="dataSource.js" path="C:\Users\sameerksingh\hux_test\hux-unified\hux\frontend\src\api\mock\seeds\dataSource.js">
        <metrics statements="0" coveredstatements="0" conditionals="0" coveredconditionals="0" methods="0" coveredmethods="0"/>
      </file>
      <file name="destination.js" path="C:\Users\sameerksingh\hux_test\hux-unified\hux\frontend\src\api\mock\seeds\destination.js">
        <metrics statements="0" coveredstatements="0" conditionals="0" coveredconditionals="0" methods="0" coveredmethods="0"/>
      </file>
      <file name="engagement.js" path="C:\Users\sameerksingh\hux_test\hux-unified\hux\frontend\src\api\mock\seeds\engagement.js">
        <metrics statements="2" coveredstatements="2" conditionals="0" coveredconditionals="0" methods="0" coveredmethods="0"/>
        <line num="3" count="101" type="stmt"/>
        <line num="31" count="101" type="stmt"/>
      </file>
      <file name="geoCountry.js" path="C:\Users\sameerksingh\hux_test\hux-unified\hux\frontend\src\api\mock\seeds\geoCountry.js">
        <metrics statements="0" coveredstatements="0" conditionals="0" coveredconditionals="0" methods="0" coveredmethods="0"/>
      </file>
[...]
        <line num="528" count="1" type="stmt"/>
        <line num="533" count="3" type="stmt"/>
        <line num="534" count="3" type="stmt"/>
        <line num="535" count="3" type="stmt"/>
        <line num="538" count="3" type="stmt"/>
        <line num="539" count="3" type="cond" truecount="1" falsecount="1"/>
        <line num="540" count="3" type="stmt"/>
        <line num="541" count="3" type="stmt"/>
        <line num="542" count="3" type="stmt"/>
        <line num="543" count="3" type="stmt"/>
        <line num="544" count="3" type="cond" truecount="1" falsecount="1"/>
        <line num="545" count="0" type="stmt"/>
        <line num="546" count="0" type="stmt"/>
        <line num="548" count="3" type="stmt"/>
        <line num="549" count="3" type="stmt"/>
        <line num="551" count="3" type="cond" truecount="2" falsecount="0"/>
        <line num="552" count="2" type="stmt"/>
        <line num="559" count="3" type="stmt"/>
        <line num="563" count="3" type="stmt"/>
        <line num="565" count="3" type="stmt"/>
        <line num="566" count="3" type="stmt"/>
        <line num="570" count="3" type="stmt"/>
        <line num="571" count="3" type="stmt"/>
        <line num="572" count="3" type="stmt"/>
        <line num="573" count="3" type="stmt"/>
        <line num="575" count="0" type="stmt"/>
        <line num="576" count="0" type="stmt"/>
        <line num="577" count="0" type="stmt"/>
        <line num="582" count="4" type="stmt"/>
        <line num="583" count="4" type="stmt"/>
        <line num="584" count="4" type="cond" truecount="2" falsecount="0"/>
        <line num="585" count="2" type="stmt"/>
        <line num="586" count="2" type="cond" truecount="1" falsecount="1"/>
        <line num="587" count="0" type="stmt"/>
        <line num="591" count="0" type="cond" truecount="0" falsecount="2"/>
        <line num="592" count="0" type="stmt"/>
        <line num="593" count="0" type="stmt"/>
        <line num="596" count="2" type="stmt"/>
        <line num="597" count="2" type="stmt"/>
        <line num="598" count="2" type="stmt"/>
        <line num="599" count="2" type="stmt"/>
        <line num="600" count="2" type="stmt"/>
        <line num="601" count="2" type="stmt"/>
        <line num="602" count="2" type="stmt"/>
        <line num="603" count="2" type="stmt"/>
        <line num="604" count="2" type="cond" truecount="1" falsecount="1"/>
        <line num="605" count="2" type="stmt"/>
        <line num="606" count="2" type="stmt"/>
        <line num="607" count="2" type="stmt"/>
        <line num="608" count="2" type="stmt"/>
        <line num="612" count="2" type="stmt"/>
        <line num="613" count="2" type="stmt"/>
        <line num="614" count="4" type="stmt"/>
        <line num="615" count="4" type="cond" truecount="1" falsecount="1"/>
        <line num="618" count="0" type="cond" truecount="0" falsecount="2"/>
        <line num="619" count="0" type="stmt"/>
        <line num="620" count="0" type="stmt"/>
        <line num="622" count="0" type="stmt"/>
        <line num="624" count="0" type="stmt"/>
        <line num="627" count="0" type="cond" truecount="0" falsecount="6"/>
        <line num="629" count="0" type="stmt"/>
        <line num="631" count="0" type="stmt"/>
        <line num="635" count="0" type="stmt"/>
        <line num="637" count="0" type="stmt"/>
        <line num="641" count="2" type="stmt"/>
        <line num="642" count="2" type="stmt"/>
        <line num="643" count="2" type="stmt"/>
        <line num="644" count="2" type="stmt"/>
        <line num="647" count="4" type="cond" truecount="4" falsecount="0"/>
        <line num="648" count="2" type="cond" truecount="3" falsecount="1"/>
        <line num="649" count="0" type="stmt"/>
        <line num="653" count="0" type="stmt"/>
        <line num="654" count="0" type="cond" truecount="0" falsecount="4"/>
        <line num="655" count="0" type="stmt"/>
        <line num="656" count="0" type="stmt"/>
        <line num="657" count="0" type="cond" truecount="0" falsecount="2"/>
        <line num="658" count="0" type="stmt"/>
        <line num="659" count="0" type="stmt"/>
        <line num="660" count="0" type="cond" truecount="0" falsecount="2"/>
        <line num="661" count="0" type="stmt"/>
        <line num="662" count="0" type="stmt"/>
        <line num="667" count="4" type="cond" truecount="5" falsecount="0"/>
        <line num="668" count="2" type="cond" truecount="1" falsecount="1"/>
        <line num="669" count="0" type="stmt"/>
        <line num="670" count="2" type="cond" truecount="1" falsecount="1"/>
        <line num="671" count="0" type="stmt"/>
        <line num="673" count="2" type="stmt"/>
        <line num="674" count="2" type="stmt"/>
      </file>
      <file name="Geography.vue" path="C:\Users\sameerksingh\hux_test\hux-unified\hux\frontend\src\views\SegmentPlayground\Geography.vue">
        <metrics statements="1" coveredstatements="1" conditionals="0" coveredconditionals="0" methods="2" coveredmethods="1"/>
        <line num="73" count="3" type="stmt"/>
      </file>
      <file name="Index.vue" path="C:\Users\sameerksingh\hux_test\hux-unified\hux\frontend\src\views\SegmentPlayground\Index.vue">
        <metrics statements="83" coveredstatements="20" conditionals="48" coveredconditionals="10" methods="23" coveredmethods="9"/>
        <line num="260" count="3" type="stmt"/>
        <line num="340" count="9" type="cond" truecount="2" falsecount="0"/>
        <line num="343" count="3" type="cond" truecount="1" falsecount="1"/>
        <line num="344" count="3" type="cond" truecount="2" falsecount="3"/>
        <line num="345" count="0" type="cond" truecount="0" falsecount="2"/>
        <line num="346" count="0" type="stmt"/>
        <line num="351" count="0" type="stmt"/>
        <line num="354" count="3" type="stmt"/>
        <line num="357" count="3" type="cond" truecount="1" falsecount="1"/>
        <line num="363" count="0" type="cond" truecount="0" falsecount="2"/>
        <line num="364" count="0" type="stmt"/>
        <line num="365" count="0" type="stmt"/>
        <line num="367" count="0" type="stmt"/>
        <line num="371" count="3" type="stmt"/>
        <line num="372" count="3" type="stmt"/>
        <line num="373" count="3" type="stmt"/>
        <line num="374" count="3" type="cond" truecount="1" falsecount="2"/>
        <line num="376" count="0" type="stmt"/>
        <line num="377" count="0" type="stmt"/>
        <line num="380" count="0" type="stmt"/>
        <line num="381" count="0" type="stmt"/>
        <line num="384" count="3" type="stmt"/>
        <line num="387" count="0" type="stmt"/>
        <line num="389" count="3" type="stmt"/>
        <line num="390" count="3" type="stmt"/>
        <line num="406" count="0" type="stmt"/>
        <line num="407" count="0" type="stmt"/>
        <line num="408" count="0" type="stmt"/>
        <line num="409" count="0" type="stmt"/>
        <line num="410" count="0" type="stmt"/>
        <line num="413" count="6" type="stmt"/>
        <line num="414" count="9" type="cond" truecount="2" falsecount="0"/>
        <line num="417" count="2" type="cond" truecount="1" falsecount="1"/>
        <line num="418" count="0" type="stmt"/>
        <line num="422" count="0" type="stmt"/>
        <line num="424" count="2" type="stmt"/>
        <line num="428" count="0" type="stmt"/>
        <line num="429" count="0" type="stmt"/>
        <line num="430" count="0" type="stmt"/>
        <line num="434" count="0" type="stmt"/>
        <line num="440" count="0" type="stmt"/>
        <line num="441" count="0" type="stmt"/>
        <line num="446" count="0" type="stmt"/>
        <line num="468" count="0" type="stmt"/>
        <line num="470" count="0" type="stmt"/>
        <line num="476" count="0" type="stmt"/>
        <line num="477" count="0" type="stmt"/>
        <line num="486" count="0" type="stmt"/>
        <line num="489" count="0" type="cond" truecount="0" falsecount="2"/>
        <line num="490" count="0" type="stmt"/>
        <line num="491" count="0" type="stmt"/>
        <line num="492" count="0" type="stmt"/>
        <line num="496" count="0" type="stmt"/>
        <line num="497" count="0" type="stmt"/>
        <line num="498" count="0" type="stmt"/>
        <line num="505" count="0" type="stmt"/>
        <line num="506" count="0" type="cond" truecount="0" falsecount="4"/>
        <line num="507" count="0" type="stmt"/>
        <line num="508" count="0" type="cond" truecount="0" falsecount="2"/>
        <line num="509" count="0" type="stmt"/>
        <line num="515" count="3" type="stmt"/>
        <line num="516" count="3" type="stmt"/>
        <line num="520" count="3" type="stmt"/>
        <line num="521" count="0" type="stmt"/>
        <line num="523" count="0" type="stmt"/>
        <line num="524" count="0" type="stmt"/>
        <line num="525" count="0" type="stmt"/>
        <line num="529" count="0" type="stmt"/>
        <line num="530" count="0" type="cond" truecount="0" falsecount="2"/>
        <line num="531" count="0" type="stmt"/>
        <line num="535" count="0" type="stmt"/>
        <line num="544" count="0" type="stmt"/>
        <line num="545" count="0" type="stmt"/>
        <line num="546" count="0" type="stmt"/>
        <line num="550" count="0" type="stmt"/>
        <line num="551" count="0" type="stmt"/>
        <line num="553" count="0" type="stmt"/>
        <line num="555" count="0" type="stmt"/>
        <line num="558" count="0" type="stmt"/>
        <line num="559" count="0" type="cond" truecount="0" falsecount="2"/>
        <line num="560" count="0" type="stmt"/>
        <line num="562" count="0" type="stmt"/>
        <line num="563" count="0" type="stmt"/>
      </file>
      <file name="Overview.vue" path="C:\Users\sameerksingh\hux_test\hux-unified\hux\frontend\src\views\SegmentPlayground\Overview.vue">
        <metrics statements="7" coveredstatements="7" conditionals="9" coveredconditionals="8" methods="3" coveredmethods="2"/>
        <line num="108" count="3" type="stmt"/>
        <line num="142" count="54" type="cond" truecount="5" falsecount="0"/>
        <line num="144" count="12" type="stmt"/>
        <line num="146" count="12" type="cond" truecount="3" falsecount="1"/>
        <line num="150" count="12" type="stmt"/>
        <line num="152" count="12" type="stmt"/>
        <line num="155" count="6" type="stmt"/>
      </file>
    </package>
    <package name="src.views.Shared.Drawers">
      <metrics statements="157" coveredstatements="81" conditionals="74" coveredconditionals="35" methods="51" coveredmethods="26"/>
      <file name="DeliveryHistoryDrawer.vue" path="C:\Users\sameerksingh\hux_test\hux-unified\hux\frontend\src\views\Shared\Drawers\DeliveryHistoryDrawer.vue">
        <metrics statements="77" coveredstatements="27" conditionals="34" coveredconditionals="13" methods="24" coveredmethods="9"/>
        <line num="205" count="2" type="stmt"/>
        <line num="259" count="4" type="cond" truecount="2" falsecount="0"/>
        <line num="260" count="2" type="stmt"/>
        <line num="266" count="4" type="stmt"/>
        <line num="270" count="4" type="stmt"/>
        <line num="271" count="4" type="cond" truecount="2" falsecount="0"/>
        <line num="272" count="2" type="stmt"/>
        <line num="278" count="4" type="cond" truecount="2" falsecount="0"/>
        <line num="279" count="2" type="stmt"/>
        <line num="284" count="2" type="cond" truecount="2" falsecount="0"/>
        <line num="285" count="1" type="stmt"/>
        <line num="291" count="2" type="cond" truecount="2" falsecount="0"/>
        <line num="292" count="1" type="stmt"/>
        <line num="308" count="0" type="stmt"/>
        <line num="312" count="0" type="cond" truecount="0" falsecount="2"/>
        <line num="313" count="0" type="stmt"/>
        <line num="318" count="0" type="stmt"/>
        <line num="319" count="0" type="cond" truecount="0" falsecount="2"/>
        <line num="320" count="0" type="stmt"/>
        <line num="322" count="0" type="stmt"/>
        <line num="331" count="0" type="stmt"/>
        <line num="335" count="2" type="stmt"/>
        <line num="336" count="2" type="stmt"/>
        <line num="337" count="2" type="cond" truecount="2" falsecount="0"/>
        <line num="338" count="1" type="stmt"/>
        <line num="340" count="0" type="stmt"/>
        <line num="341" count="0" type="stmt"/>
        <line num="342" count="0" type="stmt"/>
        <line num="345" count="0" type="stmt"/>
        <line num="346" count="0" type="stmt"/>
        <line num="347" count="0" type="stmt"/>
        <line num="353" count="0" type="stmt"/>
        <line num="354" count="0" type="stmt"/>
        <line num="355" count="0" type="cond" truecount="0" falsecount="2"/>
        <line num="356" count="0" type="stmt"/>
        <line num="358" count="0" type="stmt"/>
        <line num="362" count="0" type="stmt"/>
        <line num="364" count="0" type="stmt"/>
        <line num="368" count="0" type="stmt"/>
        <line num="372" count="0" type="stmt"/>
        <line num="380" count="0" type="stmt"/>
        <line num="381" count="0" type="stmt"/>
        <line num="382" count="0" type="cond" truecount="0" falsecount="2"/>
        <line num="383" count="0" type="stmt"/>
        <line num="385" count="0" type="stmt"/>
        <line num="389" count="0" type="stmt"/>
        <line num="391" count="0" type="stmt"/>
        <line num="395" count="0" type="stmt"/>
        <line num="399" count="0" type="stmt"/>
        <line num="405" count="1" type="cond" truecount="1" falsecount="1"/>
        <line num="406" count="1" type="stmt"/>
        <line num="407" count="5" type="stmt"/>
        <line num="408" count="1" type="stmt"/>
        <line num="409" count="4" type="stmt"/>
        <line num="412" count="1" type="stmt"/>
        <line num="413" count="1" type="stmt"/>
        <line num="415" count="1" type="stmt"/>
        <line num="421" count="0" type="stmt"/>
        <line num="422" count="0" type="stmt"/>
        <line num="423" count="0" type="cond" truecount="0" falsecount="2"/>
        <line num="424" count="0" type="stmt"/>
        <line num="426" count="0" type="stmt"/>
        <line num="430" count="0" type="stmt"/>
        <line num="432" count="0" type="stmt"/>
        <line num="436" count="0" type="stmt"/>
        <line num="440" count="0" type="stmt"/>
        <line num="448" count="0" type="stmt"/>
        <line num="449" count="0" type="stmt"/>
        <line num="450" count="0" type="cond" truecount="0" falsecount="2"/>
        <line num="451" count="0" type="stmt"/>
        <line num="453" count="0" type="stmt"/>
        <line num="457" count="0" type="stmt"/>
        <line num="459" count="0" type="stmt"/>
        <line num="463" count="0" type="stmt"/>
        <line num="467" count="0" type="stmt"/>
        <line num="473" count="1" type="stmt"/>
        <line num="475" count="2" type="stmt"/>
      </file>
      <file name="DownloadAudienceDrawer.vue" path="C:\Users\sameerksingh\hux_test\hux-unified\hux\frontend\src\views\Shared\Drawers\DownloadAudienceDrawer.vue">
        <metrics statements="21" coveredstatements="2" conditionals="6" coveredconditionals="0" methods="12" coveredmethods="2"/>
        <line num="131" count="1" type="stmt"/>
        <line num="164" count="1" type="stmt"/>
        <line num="169" count="0" type="stmt"/>
        <line num="172" count="0" type="stmt"/>
        <line num="176" count="0" type="stmt"/>
        <line num="177" count="0" type="stmt"/>
        <line num="185" count="0" type="cond" truecount="0" falsecount="2"/>
        <line num="186" count="0" type="stmt"/>
        <line num="187" count="0" type="stmt"/>
        <line num="188" count="0" type="cond" truecount="0" falsecount="2"/>
        <line num="189" count="0" type="stmt"/>
        <line num="191" count="0" type="stmt"/>
        <line num="195" count="0" type="stmt"/>
        <line num="196" count="0" type="stmt"/>
        <line num="200" count="0" type="stmt"/>
        <line num="204" count="0" type="stmt"/>
        <line num="205" count="0" type="stmt"/>
        <line num="208" count="0" type="stmt"/>
        <line num="209" count="0" type="cond" truecount="0" falsecount="2"/>
        <line num="210" count="0" type="stmt"/>
        <line num="212" count="0" type="stmt"/>
      </file>
      <file name="GeoDrawer.vue" path="C:\Users\sameerksingh\hux_test\hux-unified\hux\frontend\src\views\Shared\Drawers\GeoDrawer.vue">
        <metrics statements="59" coveredstatements="52" conditionals="34" coveredconditionals="22" methods="15" coveredmethods="15"/>
        <line num="128" count="6" type="stmt"/>
        <line num="160" count="4" type="cond" truecount="1" falsecount="1"/>
        <line num="161" count="4" type="stmt"/>
        <line num="165" count="3" type="cond" truecount="1" falsecount="1"/>
        <line num="166" count="3" type="stmt"/>
        <line num="170" count="3" type="cond" truecount="1" falsecount="1"/>
        <line num="171" count="3" type="stmt"/>
        <line num="175" count="10" type="cond" truecount="3" falsecount="1"/>
        <line num="177" count="4" type="stmt"/>
        <line num="179" count="3" type="stmt"/>
        <line num="181" count="3" type="stmt"/>
        <line num="183" count="0" type="stmt"/>
        <line num="188" count="1" type="cond" truecount="1" falsecount="1"/>
        <line num="192" count="6" type="stmt"/>
        <line num="207" count="6" type="stmt"/>
        <line num="211" count="6" type="stmt"/>
        <line num="216" count="6" type="cond" truecount="2" falsecount="0"/>
        <line num="217" count="3" type="stmt"/>
        <line num="218" count="3" type="stmt"/>
        <line num="219" count="3" type="stmt"/>
        <line num="220" count="3" type="stmt"/>
        <line num="221" count="3" type="cond" truecount="3" falsecount="0"/>
        <line num="223" count="1" type="stmt"/>
        <line num="237" count="1" type="cond" truecount="1" falsecount="1"/>
        <line num="238" count="1" type="stmt"/>
        <line num="244" count="1" type="stmt"/>
        <line num="245" count="1" type="stmt"/>
        <line num="247" count="1" type="stmt"/>
        <line num="255" count="1" type="stmt"/>
        <line num="256" count="1" type="stmt"/>
        <line num="258" count="1" type="stmt"/>
        <line num="265" count="1" type="cond" truecount="1" falsecount="1"/>
        <line num="266" count="1" type="stmt"/>
        <line num="272" count="1" type="stmt"/>
        <line num="273" count="1" type="stmt"/>
        <line num="276" count="0" type="stmt"/>
        <line num="278" count="3" type="stmt"/>
        <line num="279" count="3" type="stmt"/>
        <line num="282" count="3" type="stmt"/>
        <line num="297" count="1" type="cond" truecount="2" falsecount="2"/>
        <line num="298" count="0" type="stmt"/>
        <line num="299" count="0" type="stmt"/>
        <line num="300" count="0" type="stmt"/>
        <line num="302" count="0" type="stmt"/>
        <line num="305" count="1" type="stmt"/>
        <line num="310" count="1" type="cond" truecount="1" falsecount="1"/>
        <line num="311" count="0" type="stmt"/>
        <line num="317" count="1" type="stmt"/>
        <line num="324" count="1" type="cond" truecount="1" falsecount="1"/>
        <line num="325" count="1" type="stmt"/>
        <line num="329" count="1" type="cond" truecount="1" falsecount="1"/>
        <line num="330" count="1" type="stmt"/>
        <line num="334" count="3" type="cond" truecount="3" falsecount="0"/>
        <line num="336" count="1" type="stmt"/>
        <line num="337" count="1" type="stmt"/>
        <line num="339" count="1" type="stmt"/>
        <line num="340" count="1" type="stmt"/>
        <line num="342" count="1" type="stmt"/>
        <line num="343" count="1" type="stmt"/>
      </file>
    </package>
  </project>
</coverage>
