TN:
SF:..\..\frontend\src\App.vue
FN:13,(anonymous_0)
FN:17,(anonymous_1)
FN:18,(anonymous_2)
FNF:3
FNH:3
FNDA:291,(anonymous_0)
FNDA:101,(anonymous_1)
FNDA:101,(anonymous_2)
DA:14,291
DA:18,101
DA:19,101
LF:3
LH:3
BRDA:14,0,0,291
BRDA:14,0,1,128
BRF:2
BRH:2
end_of_record
TN:
SF:..\..\frontend\src\config.js
FNF:0
FNH:0
LF:0
LH:0
BRDA:9,0,0,101
BRDA:9,0,1,0
BRF:2
BRH:1
end_of_record
TN:
SF:..\..\frontend\src\filters.js
FN:26,(anonymous_0)
FN:58,(anonymous_1)
FN:70,(anonymous_2)
FN:74,(anonymous_3)
FN:75,(anonymous_4)
FN:93,(anonymous_5)
FN:110,(anonymous_6)
FN:133,(anonymous_7)
FN:190,(anonymous_8)
FN:191,(anonymous_9)
FN:202,(anonymous_10)
FN:205,(anonymous_11)
FN:209,(anonymous_12)
FN:226,(anonymous_13)
FN:238,(anonymous_14)
FN:257,(anonymous_15)
FNF:16
FNH:13
FNDA:767053,(anonymous_0)
FNDA:74,(anonymous_1)
FNDA:0,(anonymous_2)
FNDA:0,(anonymous_3)
FNDA:0,(anonymous_4)
FNDA:7927,(anonymous_5)
FNDA:200,(anonymous_6)
FNDA:3739,(anonymous_7)
FNDA:532,(anonymous_8)
FNDA:537,(anonymous_9)
FNDA:751,(anonymous_10)
FNDA:1502,(anonymous_11)
FNDA:627,(anonymous_12)
FNDA:199,(anonymous_13)
FNDA:276,(anonymous_14)
FNDA:3,(anonymous_15)
DA:11,101
DA:12,101
DA:13,101
DA:14,101
DA:15,101
DA:26,101
DA:32,767053
DA:34,766988
DA:36,766988
DA:38,766971
DA:39,1459
DA:40,1459
DA:42,0
DA:45,765512
DA:47,765438
DA:49,765438
DA:58,101
DA:59,74
DA:70,101
DA:71,0
DA:72,0
DA:73,0
DA:74,0
DA:75,0
DA:76,0
DA:93,101
DA:94,7927
DA:95,417
DA:97,7510
DA:110,101
DA:111,200
DA:112,200
DA:114,200
DA:115,200
DA:116,200
DA:118,200
DA:119,200
DA:120,200
DA:123,200
DA:126,200
DA:127,0
DA:130,200
DA:133,101
DA:141,3739
DA:142,3015
DA:144,3015
DA:145,378
DA:146,378
DA:149,3015
DA:150,1150
DA:151,647
DA:152,647
DA:153,503
DA:154,299
DA:155,299
DA:158,3015
DA:160,234
DA:172,3015
DA:190,101
DA:191,532
DA:192,537
DA:202,101
DA:203,751
DA:205,1502
DA:209,101
DA:210,627
DA:211,0
DA:226,101
DA:227,199
DA:238,101
DA:239,276
DA:240,265
DA:241,265
DA:247,0
DA:257,101
DA:258,3
DA:260,2
DA:263,1
DA:266,0
LF:79
LH:68
BRDA:28,0,0,3055
BRDA:29,1,0,766968
BRDA:30,2,0,767053
BRDA:32,3,0,65
BRDA:32,3,1,766988
BRDA:36,4,0,17
BRDA:36,4,1,766971
BRDA:38,5,0,1459
BRDA:38,5,1,765512
BRDA:39,6,0,1459
BRDA:39,6,1,0
BRDA:45,7,0,74
BRDA:45,7,1,765438
BRDA:47,8,0,0
BRDA:47,8,1,765438
BRDA:93,9,0,6119
BRDA:94,10,0,417
BRDA:94,10,1,7510
BRDA:94,11,0,7927
BRDA:94,11,1,7923
BRDA:94,11,2,7834
BRDA:110,12,0,200
BRDA:111,13,0,200
BRDA:111,13,1,0
BRDA:112,14,0,200
BRDA:112,15,0,200
BRDA:112,16,0,200
BRDA:114,17,0,200
BRDA:114,17,1,0
BRDA:118,18,0,200
BRDA:118,18,1,0
BRDA:126,19,0,0
BRDA:126,19,1,200
BRDA:135,20,0,765
BRDA:136,21,0,1121
BRDA:137,22,0,2576
BRDA:138,23,0,3315
BRDA:139,24,0,3739
BRDA:141,25,0,724
BRDA:141,25,1,3015
BRDA:144,26,0,378
BRDA:144,26,1,2637
BRDA:149,27,0,1150
BRDA:149,27,1,1865
BRDA:150,28,0,647
BRDA:150,28,1,503
BRDA:153,29,0,299
BRDA:153,29,1,204
BRDA:158,30,0,234
BRDA:158,30,1,2781
BRDA:161,31,0,0
BRDA:161,31,1,234
BRDA:164,32,0,221
BRDA:164,32,1,13
BRDA:167,33,0,4
BRDA:167,33,1,9
BRDA:172,34,0,234
BRDA:172,34,1,2781
BRDA:177,35,0,1739
BRDA:177,35,1,1042
BRDA:177,36,0,2781
BRDA:177,36,1,1815
BRDA:210,37,0,627
BRDA:210,37,1,0
BRDA:226,38,0,199
BRDA:239,39,0,11
BRDA:239,39,1,265
BRDA:240,40,0,265
BRDA:240,40,1,0
BRDA:244,41,0,265
BRDA:244,41,1,0
BRDA:258,42,0,2
BRDA:258,42,1,1
BRDA:258,42,2,0
BRF:74
BRH:63
end_of_record
TN:
SF:..\..\frontend\src\main.js
FN:21,(anonymous_0)
FN:37,(anonymous_1)
FNF:2
FNH:2
FNDA:1212,(anonymous_0)
FNDA:101,(anonymous_1)
DA:15,101
DA:16,101
DA:18,101
DA:21,101
DA:22,1212
DA:25,101
DA:28,101
DA:29,101
DA:30,101
DA:33,101
DA:37,101
LF:11
LH:11
BRDA:28,0,0,101
BRDA:28,0,1,0
BRF:2
BRH:1
end_of_record
TN:
SF:..\..\frontend\src\utils.js
FN:15,pageTitle
FN:25,handleError
FN:46,handleSuccess
FN:62,handleInfo
FN:78,generateColor
FN:85,hslToHex
FN:88,(anonymous_6)
FN:112,getApproxSize
FN:132,filterAudiencesByDestinations
FN:133,(anonymous_9)
FN:137,(anonymous_10)
FN:155,deliverySchedule
FN:182,dayAbbreviation
FN:196,abbrDayToFullName
FN:226,listOfMonths
FN:262,listOfYears
FN:284,endOfMonth
FN:294,saveFile
FN:316,arrayHasFieldWithMultipleValues
FN:317,(anonymous_19)
FN:328,groupBy
FN:329,(anonymous_21)
FN:330,(anonymous_22)
FN:344,sortByName
FN:345,(anonymous_24)
FN:346,(anonymous_25)
FN:360,formatText
FN:370,formatRequestText
FN:380,formatDate
FN:389,endMinDateGenerator
FN:401,formatDateToLocal
FN:406,(anonymous_31)
FN:417,formatInnerHTML
FN:427,numberWithCommas
FN:437,getBatchCounts
FN:453,aggregateAgeFilters
FN:461,(anonymous_36)
FN:462,(anonymous_37)
FN:465,(anonymous_38)
FNF:39
FNH:20
FNDA:217,pageTitle
FNDA:1,handleError
FNDA:0,handleSuccess
FNDA:0,handleInfo
FNDA:751,generateColor
FNDA:751,hslToHex
FNDA:2253,(anonymous_6)
FNDA:0,getApproxSize
FNDA:0,filterAudiencesByDestinations
FNDA:0,(anonymous_9)
FNDA:0,(anonymous_10)
FNDA:5,deliverySchedule
FNDA:0,dayAbbreviation
FNDA:0,abbrDayToFullName
FNDA:5,listOfMonths
FNDA:5,listOfYears
FNDA:0,endOfMonth
FNDA:0,saveFile
FNDA:2,arrayHasFieldWithMultipleValues
FNDA:152,(anonymous_19)
FNDA:19,groupBy
FNDA:96,(anonymous_21)
FNDA:96,(anonymous_22)
FNDA:8,sortByName
FNDA:16,(anonymous_24)
FNDA:64,(anonymous_25)
FNDA:970,formatText
FNDA:0,formatRequestText
FNDA:0,formatDate
FNDA:1,endMinDateGenerator
FNDA:0,formatDateToLocal
FNDA:0,(anonymous_31)
FNDA:542,formatInnerHTML
FNDA:0,numberWithCommas
FNDA:213,getBatchCounts
FNDA:0,aggregateAgeFilters
FNDA:0,(anonymous_36)
FNDA:0,(anonymous_37)
FNDA:0,(anonymous_38)
DA:16,217
DA:28,1
DA:31,1
DA:47,0
DA:63,0
DA:86,751
DA:87,751
DA:88,751
DA:89,2253
DA:90,2253
DA:91,2253
DA:95,751
DA:97,751
DA:98,751
DA:99,9960
DA:102,751
DA:103,751
DA:114,0
DA:133,0
DA:134,0
DA:135,0
DA:136,0
DA:138,0
DA:143,0
DA:146,0
DA:156,5
DA:167,5
DA:168,5
DA:169,5
DA:173,5
DA:183,0
DA:184,0
DA:185,0
DA:187,0
DA:197,0
DA:199,0
DA:201,0
DA:203,0
DA:205,0
DA:207,0
DA:209,0
DA:211,0
DA:213,0
DA:227,5
DA:229,5
DA:244,5
DA:245,2
DA:246,2
DA:247,2
DA:248,2
DA:251,3
DA:268,5
DA:269,5
DA:270,5
DA:271,5
DA:272,23
DA:273,23
DA:275,5
DA:285,0
DA:295,0
DA:298,0
DA:299,0
DA:304,0
DA:305,0
DA:306,0
DA:317,152
DA:318,2
DA:329,96
DA:330,19
DA:331,96
DA:332,96
DA:345,8
DA:346,16
DA:347,64
DA:348,64
DA:349,64
DA:361,970
DA:371,0
DA:381,0
DA:390,1
DA:402,0
DA:403,0
DA:404,0
DA:405,0
DA:406,0
DA:407,0
DA:409,0
DA:418,542
DA:428,0
DA:439,213
DA:441,213
DA:442,213
DA:443,213
DA:444,213
DA:454,0
DA:455,0
DA:457,0
DA:458,0
DA:459,0
DA:461,0
DA:462,0
DA:463,0
DA:465,0
DA:466,0
DA:467,0
DA:468,0
DA:472,0
DA:474,0
DA:477,0
DA:478,0
DA:481,0
DA:482,0
DA:484,0
LF:113
LH:54
BRDA:28,0,0,1
BRDA:28,0,1,0
BRDA:28,0,2,0
BRDA:114,1,0,0
BRDA:114,1,1,0
BRDA:117,2,0,0
BRDA:117,2,1,0
BRDA:120,3,0,0
BRDA:120,3,1,0
BRDA:132,4,0,0
BRDA:135,5,0,0
BRDA:135,5,1,0
BRDA:137,6,0,0
BRDA:137,6,1,0
BRDA:155,7,0,4
BRDA:167,8,0,5
BRDA:167,8,1,0
BRDA:170,9,0,5
BRDA:170,9,1,0
BRDA:184,10,0,0
BRDA:184,10,1,0
BRDA:197,11,0,0
BRDA:197,11,1,0
BRDA:197,11,2,0
BRDA:197,11,3,0
BRDA:197,11,4,0
BRDA:197,11,5,0
BRDA:197,11,6,0
BRDA:197,11,7,0
BRDA:226,12,0,3
BRDA:244,13,0,2
BRDA:244,13,1,3
BRDA:244,14,0,5
BRDA:244,14,1,4
BRDA:245,15,0,2
BRDA:245,15,1,1
BRDA:246,16,0,2
BRDA:246,16,1,1
BRDA:263,17,0,3
BRDA:329,18,0,96
BRDA:329,18,1,0
BRDA:331,19,0,0
BRDA:331,19,1,96
BRDA:333,20,0,96
BRDA:333,20,1,48
BRDA:349,21,0,18
BRDA:349,21,1,46
BRDA:349,22,0,44
BRDA:349,22,1,2
BRDA:439,23,0,213
BRDA:439,23,1,40
BRDA:441,24,0,213
BRDA:441,24,1,40
BRDA:442,25,0,212
BRDA:442,25,1,1
BRDA:443,26,0,212
BRDA:443,26,1,1
BRDA:454,27,0,0
BRDA:454,27,1,0
BRDA:454,28,0,0
BRDA:454,28,1,0
BRDA:466,29,0,0
BRDA:466,29,1,0
BRDA:468,30,0,0
BRDA:468,30,1,0
BRDA:469,31,0,0
BRDA:469,31,1,0
BRDA:481,32,0,0
BRDA:481,32,1,0
BRF:69
BRH:30
end_of_record
TN:
SF:..\..\frontend\src\api\client.js
FN:12,(anonymous_0)
FN:15,(anonymous_1)
FN:16,(anonymous_2)
FN:17,(anonymous_3)
FN:18,(anonymous_4)
FN:19,(anonymous_5)
FN:20,(anonymous_6)
FN:21,(anonymous_7)
FN:27,(anonymous_8)
FN:30,(anonymous_9)
FN:33,(anonymous_10)
FN:36,(anonymous_11)
FN:39,(anonymous_12)
FN:42,(anonymous_13)
FN:45,(anonymous_14)
FN:48,(anonymous_15)
FN:51,(anonymous_16)
FN:57,(anonymous_17)
FN:61,(anonymous_18)
FN:69,(anonymous_19)
FN:73,(anonymous_20)
FN:77,(anonymous_21)
FN:79,(anonymous_22)
FN:85,(anonymous_23)
FN:89,(anonymous_24)
FN:93,(anonymous_25)
FN:99,(anonymous_26)
FN:103,(anonymous_27)
FN:107,(anonymous_28)
FN:112,(anonymous_29)
FN:116,(anonymous_30)
FN:124,(anonymous_31)
FN:128,(anonymous_32)
FN:132,(anonymous_33)
FN:136,(anonymous_34)
FN:140,(anonymous_35)
FN:144,(anonymous_36)
FN:147,(anonymous_37)
FN:153,(anonymous_38)
FN:163,(anonymous_39)
FN:167,(anonymous_40)
FN:171,(anonymous_41)
FN:175,(anonymous_42)
FN:185,(anonymous_43)
FN:198,(anonymous_44)
FN:208,(anonymous_45)
FN:219,(anonymous_46)
FN:224,(anonymous_47)
FN:234,(anonymous_48)
FN:242,(anonymous_49)
FN:247,(anonymous_50)
FN:251,(anonymous_51)
FN:259,(anonymous_52)
FN:268,(anonymous_53)
FN:278,(anonymous_54)
FN:288,(anonymous_55)
FN:298,(anonymous_56)
FN:304,(anonymous_57)
FN:308,(anonymous_58)
FN:312,(anonymous_59)
FN:316,(anonymous_60)
FN:322,(anonymous_61)
FN:326,(anonymous_62)
FN:330,(anonymous_63)
FN:334,(anonymous_64)
FN:355,(anonymous_65)
FN:362,(anonymous_66)
FN:366,(anonymous_67)
FN:374,(anonymous_68)
FN:378,(anonymous_69)
FN:384,(anonymous_70)
FN:388,(anonymous_71)
FN:392,(anonymous_72)
FN:396,(anonymous_73)
FN:400,(anonymous_74)
FN:410,(anonymous_75)
FN:425,(anonymous_76)
FN:429,(anonymous_77)
FN:435,(anonymous_78)
FN:440,(anonymous_79)
FN:446,(anonymous_80)
FN:450,(anonymous_81)
FN:455,(anonymous_82)
FN:460,(anonymous_83)
FN:465,(anonymous_84)
FN:469,(anonymous_85)
FN:476,(anonymous_86)
FN:479,(anonymous_87)
FN:497,(anonymous_88)
FN:501,(anonymous_89)
FN:505,(anonymous_90)
FN:510,(anonymous_91)
FN:514,(anonymous_92)
FN:519,(anonymous_93)
FN:523,(anonymous_94)
FN:526,(anonymous_95)
FN:530,(anonymous_96)
FN:534,(anonymous_97)
FN:537,(anonymous_98)
FNF:99
FNH:45
FNDA:1515,(anonymous_0)
FNDA:14,(anonymous_1)
FNDA:0,(anonymous_2)
FNDA:0,(anonymous_3)
FNDA:4,(anonymous_4)
FNDA:0,(anonymous_5)
FNDA:0,(anonymous_6)
FNDA:1,(anonymous_7)
FNDA:28,(anonymous_8)
FNDA:0,(anonymous_9)
FNDA:1,(anonymous_10)
FNDA:1,(anonymous_11)
FNDA:0,(anonymous_12)
FNDA:0,(anonymous_13)
FNDA:0,(anonymous_14)
FNDA:1,(anonymous_15)
FNDA:0,(anonymous_16)
FNDA:1,(anonymous_17)
FNDA:73,(anonymous_18)
FNDA:0,(anonymous_19)
FNDA:5,(anonymous_20)
FNDA:3,(anonymous_21)
FNDA:1,(anonymous_22)
FNDA:1,(anonymous_23)
FNDA:1,(anonymous_24)
FNDA:0,(anonymous_25)
FNDA:43,(anonymous_26)
FNDA:3,(anonymous_27)
FNDA:1,(anonymous_28)
FNDA:6,(anonymous_29)
FNDA:1,(anonymous_30)
FNDA:0,(anonymous_31)
FNDA:0,(anonymous_32)
FNDA:0,(anonymous_33)
FNDA:0,(anonymous_34)
FNDA:1,(anonymous_35)
FNDA:1,(anonymous_36)
FNDA:0,(anonymous_37)
FNDA:9,(anonymous_38)
FNDA:0,(anonymous_39)
FNDA:0,(anonymous_40)
FNDA:0,(anonymous_41)
FNDA:0,(anonymous_42)
FNDA:0,(anonymous_43)
FNDA:0,(anonymous_44)
FNDA:0,(anonymous_45)
FNDA:0,(anonymous_46)
FNDA:0,(anonymous_47)
FNDA:0,(anonymous_48)
FNDA:0,(anonymous_49)
FNDA:1,(anonymous_50)
FNDA:2,(anonymous_51)
FNDA:0,(anonymous_52)
FNDA:0,(anonymous_53)
FNDA:0,(anonymous_54)
FNDA:0,(anonymous_55)
FNDA:0,(anonymous_56)
FNDA:1,(anonymous_57)
FNDA:1,(anonymous_58)
FNDA:1,(anonymous_59)
FNDA:1,(anonymous_60)
FNDA:16,(anonymous_61)
FNDA:0,(anonymous_62)
FNDA:0,(anonymous_63)
FNDA:10,(anonymous_64)
FNDA:0,(anonymous_65)
FNDA:1,(anonymous_66)
FNDA:0,(anonymous_67)
FNDA:1,(anonymous_68)
FNDA:0,(anonymous_69)
FNDA:0,(anonymous_70)
FNDA:0,(anonymous_71)
FNDA:0,(anonymous_72)
FNDA:0,(anonymous_73)
FNDA:0,(anonymous_74)
FNDA:195,(anonymous_75)
FNDA:0,(anonymous_76)
FNDA:1,(anonymous_77)
FNDA:1,(anonymous_78)
FNDA:1,(anonymous_79)
FNDA:1,(anonymous_80)
FNDA:1,(anonymous_81)
FNDA:1,(anonymous_82)
FNDA:1,(anonymous_83)
FNDA:0,(anonymous_84)
FNDA:0,(anonymous_85)
FNDA:1,(anonymous_86)
FNDA:0,(anonymous_87)
FNDA:2,(anonymous_88)
FNDA:0,(anonymous_89)
FNDA:0,(anonymous_90)
FNDA:1,(anonymous_91)
FNDA:1,(anonymous_92)
FNDA:0,(anonymous_93)
FNDA:0,(anonymous_94)
FNDA:0,(anonymous_95)
FNDA:0,(anonymous_96)
FNDA:0,(anonymous_97)
FNDA:0,(anonymous_98)
DA:9,101
DA:12,101
DA:13,1515
DA:14,1515
DA:15,14
DA:16,0
DA:17,0
DA:18,4
DA:19,0
DA:20,0
DA:21,1
DA:27,101
DA:28,28
DA:30,101
DA:31,0
DA:33,101
DA:34,1
DA:36,101
DA:37,1
DA:39,101
DA:40,0
DA:42,101
DA:43,0
DA:45,101
DA:46,0
DA:48,101
DA:49,1
DA:51,101
DA:52,0
DA:57,101
DA:58,1
DA:61,101
DA:62,73
DA:69,101
DA:70,0
DA:73,101
DA:74,5
DA:77,101
DA:79,101
DA:80,1
DA:85,101
DA:86,1
DA:89,101
DA:90,1
DA:93,101
DA:94,0
DA:99,101
DA:100,43
DA:103,101
DA:104,3
DA:107,101
DA:108,1
DA:109,1
DA:112,101
DA:113,6
DA:116,101
DA:117,1
DA:124,101
DA:125,0
DA:128,101
DA:129,0
DA:132,101
DA:133,0
DA:136,101
DA:137,0
DA:140,101
DA:141,1
DA:144,101
DA:145,1
DA:147,101
DA:148,0
DA:153,101
DA:154,9
DA:155,9
DA:156,36
DA:157,36
DA:159,9
DA:160,9
DA:163,101
DA:164,0
DA:167,101
DA:168,0
DA:171,101
DA:172,0
DA:175,101
DA:180,0
DA:185,101
DA:192,0
DA:198,101
DA:201,0
DA:202,0
DA:204,0
DA:208,101
DA:211,0
DA:212,0
DA:214,0
DA:215,0
DA:219,101
DA:220,0
DA:221,0
DA:224,101
DA:230,0
DA:231,0
DA:234,101
DA:238,0
DA:239,0
DA:242,101
DA:243,0
DA:244,0
DA:247,101
DA:248,1
DA:251,101
DA:252,2
DA:259,101
DA:264,0
DA:268,101
DA:272,0
DA:278,101
DA:279,0
DA:288,101
DA:293,0
DA:298,101
DA:299,0
DA:304,101
DA:305,1
DA:308,101
DA:309,1
DA:312,101
DA:313,1
DA:316,101
DA:317,1
DA:322,101
DA:323,16
DA:326,101
DA:327,0
DA:330,101
DA:331,0
DA:334,101
DA:335,10
DA:338,10
DA:339,70
DA:340,10
DA:341,0
DA:342,0
DA:345,60
DA:346,60
DA:349,10
DA:350,10
DA:351,10
DA:352,10
DA:355,101
DA:356,0
DA:362,101
DA:363,1
DA:366,101
DA:367,0
DA:374,101
DA:375,1
DA:378,101
DA:379,0
DA:384,101
DA:385,0
DA:388,101
DA:389,0
DA:392,101
DA:393,0
DA:396,101
DA:397,0
DA:400,101
DA:401,0
DA:402,0
DA:403,0
DA:405,0
DA:410,101
DA:411,195
DA:412,195
DA:415,195
DA:416,546
DA:417,546
DA:419,195
DA:420,195
DA:421,195
DA:422,195
DA:425,101
DA:426,0
DA:429,101
DA:430,1
DA:435,101
DA:436,1
DA:437,1
DA:440,101
DA:441,1
DA:442,0
DA:443,1
DA:446,101
DA:447,1
DA:450,101
DA:451,1
DA:452,1
DA:455,101
DA:456,1
DA:457,1
DA:460,101
DA:461,1
DA:462,1
DA:465,101
DA:466,0
DA:469,101
DA:470,0
DA:471,0
DA:472,0
DA:476,101
DA:477,1
DA:479,101
DA:486,0
DA:497,101
DA:498,2
DA:501,101
DA:502,0
DA:505,101
DA:506,0
DA:510,101
DA:511,1
DA:514,101
DA:515,1
DA:519,101
DA:520,0
DA:523,101
DA:524,0
DA:526,101
DA:527,0
DA:530,101
DA:531,0
DA:534,101
DA:535,0
DA:537,101
DA:538,0
LF:237
LH:166
BRDA:201,0,0,0
BRDA:201,0,1,0
BRDA:211,1,0,0
BRDA:211,1,1,0
BRDA:254,2,0,1
BRDA:254,2,1,1
BRDA:339,3,0,10
BRDA:339,3,1,60
BRDA:402,4,0,0
BRDA:402,4,1,0
BRDA:436,5,0,0
BRDA:436,5,1,1
BRDA:441,6,0,0
BRDA:441,6,1,1
BRDA:451,7,0,0
BRDA:451,7,1,1
BRDA:456,8,0,0
BRDA:456,8,1,1
BRDA:461,9,0,0
BRDA:461,9,1,1
BRDA:470,10,0,0
BRDA:470,10,1,0
BRDA:488,11,0,0
BRDA:488,11,1,0
BRDA:488,12,0,0
BRDA:488,12,1,0
BRDA:488,12,2,0
BRDA:489,13,0,0
BRDA:489,13,1,0
BRDA:490,14,0,0
BRDA:490,14,1,0
BRDA:491,15,0,0
BRDA:491,15,1,0
BRF:33
BRH:9
end_of_record
TN:
SF:..\..\frontend\src\api\httpClient.js
FN:19,(anonymous_0)
FNF:1
FNH:1
FNDA:442,(anonymous_0)
DA:9,101
DA:18,101
DA:19,101
DA:20,442
DA:21,442
DA:22,442
DA:23,442
DA:24,442
LF:8
LH:8
BRDA:18,0,0,101
BRDA:18,0,1,0
BRF:2
BRH:1
end_of_record
TN:
SF:..\..\frontend\src\api\resources.js
FNF:0
FNH:0
LF:0
LH:0
BRF:0
BRH:0
end_of_record
TN:
SF:..\..\frontend\src\api\mock\routes.js
FN:37,(anonymous_0)
FN:39,(anonymous_1)
FN:42,(anonymous_2)
FN:53,(anonymous_3)
FN:62,(anonymous_4)
FN:66,(anonymous_5)
FN:77,(anonymous_6)
FN:97,(anonymous_7)
FN:98,(anonymous_8)
FN:103,(anonymous_9)
FN:104,(anonymous_10)
FN:121,(anonymous_11)
FN:127,(anonymous_12)
FN:133,(anonymous_13)
FN:145,(anonymous_14)
FN:156,(anonymous_15)
FN:171,(anonymous_16)
FN:188,(anonymous_17)
FN:194,(anonymous_18)
FN:206,(anonymous_19)
FN:224,(anonymous_20)
FN:227,(anonymous_21)
FN:243,(anonymous_22)
FN:249,(anonymous_23)
FN:282,(anonymous_24)
FN:284,(anonymous_25)
FN:291,(anonymous_26)
FN:297,(anonymous_27)
FN:305,(anonymous_28)
FN:320,(anonymous_29)
FN:331,(anonymous_30)
FN:337,(anonymous_31)
FN:340,(anonymous_32)
FN:343,(anonymous_33)
FN:352,(anonymous_34)
FN:366,(anonymous_35)
FN:373,(anonymous_36)
FN:383,(anonymous_37)
FN:389,(anonymous_38)
FN:407,(anonymous_39)
FN:415,(anonymous_40)
FN:417,(anonymous_41)
FN:437,(anonymous_42)
FN:442,(anonymous_43)
FN:453,(anonymous_44)
FN:459,(anonymous_45)
FN:465,(anonymous_46)
FN:475,(anonymous_47)
FN:478,(anonymous_48)
FN:485,(anonymous_49)
FN:489,(anonymous_50)
FN:492,(anonymous_51)
FN:505,(anonymous_52)
FN:523,(anonymous_53)
FN:530,(anonymous_54)
FN:534,(anonymous_55)
FN:555,(anonymous_56)
FN:566,(anonymous_57)
FN:575,(anonymous_58)
FN:578,(anonymous_59)
FN:582,(anonymous_60)
FN:592,(anonymous_61)
FN:597,(anonymous_62)
FN:611,(anonymous_63)
FN:615,(anonymous_64)
FN:619,(anonymous_65)
FN:625,(anonymous_66)
FN:627,(anonymous_67)
FN:629,(anonymous_68)
FN:635,(anonymous_69)
FN:640,(anonymous_70)
FN:653,(anonymous_71)
FN:661,(anonymous_72)
FN:663,(anonymous_73)
FN:665,(anonymous_74)
FN:667,(anonymous_75)
FN:669,(anonymous_76)
FN:671,(anonymous_77)
FN:673,(anonymous_78)
FN:681,(anonymous_79)
FN:685,(anonymous_80)
FN:689,(anonymous_81)
FN:695,(anonymous_82)
FN:698,(anonymous_83)
FN:709,(anonymous_84)
FN:714,(anonymous_85)
FN:715,(anonymous_86)
FN:718,(anonymous_87)
FN:728,(anonymous_88)
FN:734,(anonymous_89)
FN:735,(anonymous_90)
FN:738,(anonymous_91)
FN:742,(anonymous_92)
FN:755,(anonymous_93)
FN:759,(anonymous_94)
FN:762,(anonymous_95)
FN:766,(anonymous_96)
FN:775,(anonymous_97)
FN:782,(anonymous_98)
FN:784,(anonymous_99)
FN:790,(anonymous_100)
FN:800,(anonymous_101)
FN:804,(anonymous_102)
FN:806,(anonymous_103)
FN:816,(anonymous_104)
FN:820,(anonymous_105)
FN:838,(anonymous_106)
FN:846,(anonymous_107)
FN:850,(anonymous_108)
FN:854,(anonymous_109)
FN:862,(anonymous_110)
FN:875,(anonymous_111)
FN:896,(anonymous_112)
FN:902,(anonymous_113)
FN:906,(anonymous_114)
FN:909,(anonymous_115)
FN:914,(anonymous_116)
FN:922,(anonymous_117)
FN:923,(anonymous_118)
FN:927,(anonymous_119)
FN:929,(anonymous_120)
FN:932,(anonymous_121)
FN:934,(anonymous_122)
FN:936,(anonymous_123)
FN:938,(anonymous_124)
FN:940,(anonymous_125)
FN:942,(anonymous_126)
FNF:127
FNH:50
FNDA:101,(anonymous_0)
FNDA:28,(anonymous_1)
FNDA:1,(anonymous_2)
FNDA:1,(anonymous_3)
FNDA:1,(anonymous_4)
FNDA:0,(anonymous_5)
FNDA:0,(anonymous_6)
FNDA:0,(anonymous_7)
FNDA:0,(anonymous_8)
FNDA:1,(anonymous_9)
FNDA:0,(anonymous_10)
FNDA:1,(anonymous_11)
FNDA:0,(anonymous_12)
FNDA:0,(anonymous_13)
FNDA:0,(anonymous_14)
FNDA:0,(anonymous_15)
FNDA:1,(anonymous_16)
FNDA:0,(anonymous_17)
FNDA:0,(anonymous_18)
FNDA:0,(anonymous_19)
FNDA:1,(anonymous_20)
FNDA:9,(anonymous_21)
FNDA:2,(anonymous_22)
FNDA:0,(anonymous_23)
FNDA:0,(anonymous_24)
FNDA:0,(anonymous_25)
FNDA:0,(anonymous_26)
FNDA:0,(anonymous_27)
FNDA:0,(anonymous_28)
FNDA:0,(anonymous_29)
FNDA:0,(anonymous_30)
FNDA:0,(anonymous_31)
FNDA:0,(anonymous_32)
FNDA:0,(anonymous_33)
FNDA:0,(anonymous_34)
FNDA:0,(anonymous_35)
FNDA:0,(anonymous_36)
FNDA:0,(anonymous_37)
FNDA:0,(anonymous_38)
FNDA:0,(anonymous_39)
FNDA:0,(anonymous_40)
FNDA:0,(anonymous_41)
FNDA:0,(anonymous_42)
FNDA:0,(anonymous_43)
FNDA:0,(anonymous_44)
FNDA:0,(anonymous_45)
FNDA:0,(anonymous_46)
FNDA:0,(anonymous_47)
FNDA:0,(anonymous_48)
FNDA:0,(anonymous_49)
FNDA:0,(anonymous_50)
FNDA:0,(anonymous_51)
FNDA:0,(anonymous_52)
FNDA:0,(anonymous_53)
FNDA:1,(anonymous_54)
FNDA:1,(anonymous_55)
FNDA:1,(anonymous_56)
FNDA:1,(anonymous_57)
FNDA:0,(anonymous_58)
FNDA:0,(anonymous_59)
FNDA:0,(anonymous_60)
FNDA:0,(anonymous_61)
FNDA:1,(anonymous_62)
FNDA:1,(anonymous_63)
FNDA:0,(anonymous_64)
FNDA:1,(anonymous_65)
FNDA:1,(anonymous_66)
FNDA:1,(anonymous_67)
FNDA:1,(anonymous_68)
FNDA:0,(anonymous_69)
FNDA:0,(anonymous_70)
FNDA:1,(anonymous_71)
FNDA:5,(anonymous_72)
FNDA:1,(anonymous_73)
FNDA:3,(anonymous_74)
FNDA:0,(anonymous_75)
FNDA:43,(anonymous_76)
FNDA:3,(anonymous_77)
FNDA:1,(anonymous_78)
FNDA:1,(anonymous_79)
FNDA:1,(anonymous_80)
FNDA:1,(anonymous_81)
FNDA:6,(anonymous_82)
FNDA:1,(anonymous_83)
FNDA:1,(anonymous_84)
FNDA:1,(anonymous_85)
FNDA:1,(anonymous_86)
FNDA:195,(anonymous_87)
FNDA:0,(anonymous_88)
FNDA:1,(anonymous_89)
FNDA:2,(anonymous_90)
FNDA:0,(anonymous_91)
FNDA:10,(anonymous_92)
FNDA:1,(anonymous_93)
FNDA:0,(anonymous_94)
FNDA:0,(anonymous_95)
FNDA:1,(anonymous_96)
FNDA:0,(anonymous_97)
FNDA:0,(anonymous_98)
FNDA:0,(anonymous_99)
FNDA:0,(anonymous_100)
FNDA:0,(anonymous_101)
FNDA:16,(anonymous_102)
FNDA:0,(anonymous_103)
FNDA:1,(anonymous_104)
FNDA:4,(anonymous_105)
FNDA:0,(anonymous_106)
FNDA:0,(anonymous_107)
FNDA:0,(anonymous_108)
FNDA:0,(anonymous_109)
FNDA:0,(anonymous_110)
FNDA:0,(anonymous_111)
FNDA:0,(anonymous_112)
FNDA:1,(anonymous_113)
FNDA:73,(anonymous_114)
FNDA:2,(anonymous_115)
FNDA:0,(anonymous_116)
FNDA:0,(anonymous_117)
FNDA:0,(anonymous_118)
FNDA:1,(anonymous_119)
FNDA:1,(anonymous_120)
FNDA:0,(anonymous_121)
FNDA:0,(anonymous_122)
FNDA:0,(anonymous_123)
FNDA:0,(anonymous_124)
FNDA:0,(anonymous_125)
FNDA:0,(anonymous_126)
DA:37,101
DA:39,101
DA:40,28
DA:42,101
DA:43,1
DA:44,1
DA:45,1
DA:46,1
DA:47,1
DA:48,1
DA:50,1
DA:51,1
DA:53,101
DA:54,1
DA:55,1
DA:56,1
DA:57,1
DA:58,1
DA:59,1
DA:61,1
DA:62,1
DA:64,1
DA:66,101
DA:67,0
DA:68,0
DA:69,0
DA:75,0
DA:77,101
DA:78,0
DA:79,0
DA:80,0
DA:81,0
DA:95,0
DA:97,101
DA:98,101
DA:99,0
DA:100,0
DA:101,0
DA:103,101
DA:104,101
DA:105,0
DA:106,0
DA:108,0
DA:114,101
DA:117,101
DA:119,101
DA:121,101
DA:122,1
DA:123,1
DA:124,1
DA:127,101
DA:128,0
DA:129,0
DA:130,0
DA:133,101
DA:134,0
DA:136,0
DA:142,101
DA:143,101
DA:145,101
DA:146,0
DA:147,0
DA:149,0
DA:156,101
DA:157,0
DA:158,0
DA:159,0
DA:160,0
DA:162,0
DA:168,101
DA:169,101
DA:172,1
DA:173,1
DA:176,1
DA:178,1
DA:184,1
DA:188,101
DA:189,0
DA:190,0
DA:191,0
DA:194,101
DA:195,0
DA:196,0
DA:197,0
DA:198,0
DA:200,0
DA:201,0
DA:203,0
DA:206,101
DA:207,0
DA:208,0
DA:209,0
DA:210,0
DA:211,0
DA:213,0
DA:220,0
DA:224,101
DA:227,101
DA:228,9
DA:229,9
DA:233,9
DA:234,9
DA:235,9
DA:240,9
DA:243,101
DA:244,2
DA:245,2
DA:246,2
DA:249,101
DA:250,0
DA:255,0
DA:259,0
DA:260,0
DA:266,0
DA:267,0
DA:272,0
DA:273,0
DA:274,0
DA:275,0
DA:278,0
DA:280,0
DA:282,0
DA:284,0
DA:288,0
DA:291,101
DA:292,0
DA:294,0
DA:297,101
DA:298,0
DA:299,0
DA:300,0
DA:301,0
DA:305,101
DA:306,0
DA:307,0
DA:308,0
DA:309,0
DA:310,0
DA:311,0
DA:312,0
DA:313,0
DA:316,0
DA:320,101
DA:321,0
DA:322,0
DA:323,0
DA:327,0
DA:331,101
DA:332,0
DA:333,0
DA:334,0
DA:335,0
DA:336,0
DA:337,0
DA:338,0
DA:339,0
DA:340,0
DA:342,0
DA:343,0
DA:344,0
DA:346,0
DA:348,0
DA:353,0
DA:356,0
DA:358,0
DA:359,0
DA:361,0
DA:362,0
DA:366,101
DA:367,0
DA:368,0
DA:369,0
DA:370,0
DA:371,0
DA:372,0
DA:373,0
DA:376,0
DA:377,0
DA:381,101
DA:384,0
DA:385,0
DA:386,0
DA:387,0
DA:388,0
DA:389,0
DA:390,0
DA:391,0
DA:395,0
DA:396,0
DA:400,0
DA:401,0
DA:405,101
DA:408,0
DA:409,0
DA:411,0
DA:413,0
DA:416,0
DA:417,0
DA:418,0
DA:422,0
DA:425,0
DA:429,0
DA:431,0
DA:435,101
DA:438,0
DA:442,101
DA:443,0
DA:444,0
DA:445,0
DA:448,0
DA:451,101
DA:454,0
DA:457,101
DA:460,0
DA:463,101
DA:466,0
DA:467,0
DA:468,0
DA:469,0
DA:470,0
DA:472,0
DA:473,0
DA:475,0
DA:476,0
DA:477,0
DA:478,0
DA:480,0
DA:481,0
DA:482,0
DA:483,0
DA:485,0
DA:488,0
DA:489,0
DA:491,0
DA:492,0
DA:493,0
DA:494,0
DA:495,0
DA:496,0
DA:498,0
DA:501,0
DA:505,101
DA:506,0
DA:507,0
DA:508,0
DA:510,0
DA:513,0
DA:514,0
DA:517,0
DA:521,101
DA:524,0
DA:525,0
DA:526,0
DA:527,0
DA:530,101
DA:531,1
DA:532,1
DA:533,1
DA:534,1
DA:535,1
DA:553,101
DA:556,1
DA:557,1
DA:558,1
DA:561,0
DA:564,101
DA:567,1
DA:568,1
DA:569,1
DA:572,0
DA:575,101
DA:578,0
DA:579,0
DA:582,101
DA:583,0
DA:584,0
DA:585,0
DA:586,0
DA:587,0
DA:591,101
DA:592,101
DA:593,0
DA:594,0
DA:597,101
DA:598,1
DA:599,1
DA:600,1
DA:608,1
DA:611,101
DA:612,1
DA:615,101
DA:616,0
DA:619,101
DA:620,1
DA:621,1
DA:622,1
DA:625,101
DA:627,101
DA:629,101
DA:630,1
DA:631,1
DA:632,1
DA:635,101
DA:636,0
DA:637,0
DA:640,101
DA:641,0
DA:642,0
DA:643,0
DA:644,0
DA:645,0
DA:646,0
DA:647,0
DA:651,101
DA:653,101
DA:654,1
DA:655,1
DA:656,1
DA:657,1
DA:658,1
DA:661,101
DA:663,101
DA:665,101
DA:667,101
DA:669,101
DA:671,101
DA:673,101
DA:674,1
DA:675,1
DA:676,1
DA:677,1
DA:678,1
DA:681,101
DA:682,1
DA:685,101
DA:686,1
DA:689,101
DA:690,1
DA:691,1
DA:692,1
DA:695,101
DA:698,101
DA:699,1
DA:707,101
DA:710,1
DA:714,101
DA:715,101
DA:718,101
DA:719,195
DA:720,195
DA:721,195
DA:726,195
DA:728,101
DA:729,0
DA:730,0
DA:731,0
DA:734,101
DA:735,2
DA:738,101
DA:739,0
DA:742,101
DA:743,10
DA:744,10
DA:748,10
DA:749,8
DA:750,8
DA:752,10
DA:755,101
DA:756,1
DA:757,1
DA:759,101
DA:762,0
DA:763,0
DA:766,101
DA:767,1
DA:768,1
DA:769,1
DA:775,101
DA:776,0
DA:777,0
DA:778,0
DA:779,0
DA:780,0
DA:782,0
DA:784,0
DA:787,0
DA:790,101
DA:791,0
DA:792,0
DA:793,0
DA:797,0
DA:800,101
DA:801,0
DA:804,101
DA:806,101
DA:807,0
DA:808,0
DA:809,0
DA:811,0
DA:812,0
DA:816,101
DA:817,1
DA:818,1
DA:819,1
DA:820,1
DA:821,4
DA:838,101
DA:839,0
DA:840,0
DA:841,0
DA:842,0
DA:843,0
DA:846,101
DA:847,0
DA:850,101
DA:851,0
DA:854,101
DA:855,0
DA:856,0
DA:857,0
DA:858,0
DA:859,0
DA:862,101
DA:863,0
DA:864,0
DA:865,0
DA:866,0
DA:867,0
DA:875,101
DA:876,0
DA:881,0
DA:882,0
DA:883,0
DA:893,0
DA:896,101
DA:897,0
DA:898,0
DA:902,101
DA:903,1
DA:906,101
DA:909,101
DA:910,2
DA:911,2
DA:914,101
DA:915,0
DA:922,101
DA:923,0
DA:924,0
DA:927,101
DA:929,101
DA:932,101
DA:934,101
DA:936,101
DA:938,101
DA:940,101
DA:942,101
LF:456
LH:209
BRDA:159,0,0,0
BRDA:159,0,1,0
BRDA:200,1,0,0
BRDA:200,1,1,0
BRDA:210,2,0,0
BRDA:210,2,1,0
BRDA:233,3,0,9
BRDA:233,3,1,0
BRDA:259,4,0,0
BRDA:259,4,1,0
BRDA:266,5,0,0
BRDA:266,5,1,0
BRDA:272,6,0,0
BRDA:272,6,1,0
BRDA:342,7,0,0
BRDA:342,7,1,0
BRDA:358,8,0,0
BRDA:358,8,1,0
BRDA:395,9,0,0
BRDA:395,9,1,0
BRDA:416,10,0,0
BRDA:416,10,1,0
BRDA:476,11,0,0
BRDA:476,11,1,0
BRDA:480,12,0,0
BRDA:480,12,1,0
BRDA:508,13,0,0
BRDA:508,13,1,0
BRDA:527,14,0,0
BRDA:527,14,1,0
BRDA:559,15,0,1
BRDA:559,15,1,1
BRDA:570,16,0,1
BRDA:570,16,1,1
BRDA:674,17,0,1
BRDA:674,17,1,0
BRDA:675,18,0,1
BRDA:675,18,1,0
BRDA:676,19,0,0
BRDA:676,19,1,1
BRDA:677,20,0,0
BRDA:677,20,1,1
BRDA:724,21,0,1
BRDA:724,21,1,194
BRDA:748,22,0,8
BRDA:748,22,1,2
BRDA:808,23,0,0
BRDA:808,23,1,0
BRDA:827,24,0,4
BRDA:827,24,1,0
BRDA:828,25,0,4
BRDA:828,25,1,0
BRDA:829,26,0,4
BRDA:829,26,1,0
BRDA:839,27,0,0
BRDA:839,27,1,0
BRDA:840,28,0,0
BRDA:840,28,1,0
BRDA:841,29,0,0
BRDA:841,29,1,0
BRDA:842,30,0,0
BRDA:842,30,1,0
BRDA:911,31,0,1
BRDA:911,31,1,1
BRF:64
BRH:18
end_of_record
TN:
SF:..\..\frontend\src\api\mock\serializer.js
FNF:0
FNH:0
LF:0
LH:0
BRF:0
BRH:0
end_of_record
TN:
SF:..\..\frontend\src\api\mock\server.js
FN:50,makeServer
FN:109,(anonymous_1)
FN:118,(anonymous_2)
FNF:3
FNH:2
FNDA:101,makeServer
FNDA:101,(anonymous_1)
FNDA:0,(anonymous_2)
DA:52,101
DA:79,101
DA:104,101
DA:110,101
DA:111,101
DA:112,101
DA:113,101
DA:117,101
DA:118,0
DA:119,0
DA:120,0
DA:121,0
DA:123,0
DA:128,101
DA:144,101
LF:15
LH:10
BRDA:50,0,0,101
BRDA:50,1,0,101
BRDA:117,2,0,0
BRDA:117,2,1,101
BRDA:117,3,0,101
BRDA:117,3,1,101
BRDA:119,4,0,0
BRDA:119,4,1,0
BRF:8
BRH:5
end_of_record
TN:
SF:..\..\frontend\src\api\mock\factories\application.js
FNF:0
FNH:0
DA:3,101
DA:51,101
LF:2
LH:2
BRF:0
BRH:0
end_of_record
TN:
SF:..\..\frontend\src\api\mock\factories\attributeRules.js
FNF:0
FNH:0
DA:1,101
LF:1
LH:1
BRF:0
BRH:0
end_of_record
TN:
SF:..\..\frontend\src\api\mock\factories\audienceCSVData.js
FNF:0
FNH:0
LF:0
LH:0
BRF:0
BRH:0
end_of_record
TN:
SF:..\..\frontend\src\api\mock\factories\audienceHistogramData.js
FNF:0
FNH:0
LF:0
LH:0
BRF:0
BRH:0
end_of_record
TN:
SF:..\..\frontend\src\api\mock\factories\audiencePerformance.js
FN:5,(anonymous_0)
FN:36,(anonymous_1)
FN:58,(anonymous_2)
FN:126,(anonymous_3)
FN:165,(anonymous_4)
FN:209,(anonymous_5)
FNF:6
FNH:6
FNDA:1010,(anonymous_0)
FNDA:1010,(anonymous_1)
FNDA:1793,(anonymous_2)
FNDA:1010,(anonymous_3)
FNDA:1010,(anonymous_4)
FNDA:1862,(anonymous_5)
DA:2,101
DA:3,101
DA:6,1010
DA:7,520
DA:21,490
DA:37,1010
DA:38,1010
DA:39,1010
DA:40,490
DA:42,1010
DA:43,1793
DA:58,1793
DA:59,1793
DA:60,1793
DA:61,1793
DA:62,1793
DA:64,1793
DA:65,1793
DA:115,1793
DA:116,1793
DA:118,1793
DA:120,1793
DA:122,1010
DA:128,1010
DA:129,520
DA:146,490
DA:166,1010
DA:167,1010
DA:168,1010
DA:169,490
DA:191,520
DA:192,1862
DA:209,1862
DA:210,1862
DA:211,1862
DA:212,1862
DA:213,1862
DA:236,1862
DA:238,1862
DA:240,1862
DA:243,1010
LF:41
LH:41
BRDA:6,0,0,520
BRDA:6,0,1,490
BRDA:38,1,0,520
BRDA:38,1,1,490
BRDA:39,2,0,490
BRDA:39,2,1,520
BRDA:64,3,0,1793
BRDA:64,3,1,0
BRDA:69,4,0,903
BRDA:69,4,1,890
BRDA:75,5,0,903
BRDA:75,5,1,890
BRDA:78,6,0,903
BRDA:78,6,1,890
BRDA:84,7,0,903
BRDA:84,7,1,890
BRDA:90,8,0,903
BRDA:90,8,1,890
BRDA:93,9,0,903
BRDA:93,9,1,890
BRDA:96,10,0,903
BRDA:96,10,1,890
BRDA:99,11,0,903
BRDA:99,11,1,890
BRDA:102,12,0,903
BRDA:102,12,1,890
BRDA:108,13,0,903
BRDA:108,13,1,890
BRDA:111,14,0,903
BRDA:111,14,1,890
BRDA:115,15,0,890
BRDA:115,15,1,903
BRDA:128,16,0,520
BRDA:128,16,1,490
BRDA:167,17,0,520
BRDA:167,17,1,490
BRDA:168,18,0,490
BRDA:168,18,1,520
BRF:38
BRH:37
end_of_record
TN:
SF:..\..\frontend\src\api\mock\factories\audiences.js
FN:21,(anonymous_0)
FN:31,(anonymous_1)
FN:32,(anonymous_2)
FN:33,(anonymous_3)
FN:34,(anonymous_4)
FN:36,(anonymous_5)
FN:46,(anonymous_6)
FN:71,(anonymous_7)
FN:89,(anonymous_8)
FN:101,(anonymous_9)
FN:114,(anonymous_10)
FN:118,(anonymous_11)
FN:122,(anonymous_12)
FN:126,(anonymous_13)
FN:133,(anonymous_14)
FN:134,(anonymous_15)
FN:135,(anonymous_16)
FN:136,(anonymous_17)
FN:137,(anonymous_18)
FN:138,(anonymous_19)
FN:145,(anonymous_20)
FN:146,(anonymous_21)
FN:147,(anonymous_22)
FN:148,(anonymous_23)
FN:149,(anonymous_24)
FN:150,(anonymous_25)
FN:151,(anonymous_26)
FN:153,(anonymous_27)
FN:154,(anonymous_28)
FN:155,(anonymous_29)
FN:157,(anonymous_30)
FN:180,(anonymous_31)
FN:191,(anonymous_32)
FNF:33
FNH:27
FNDA:50252,(anonymous_0)
FNDA:0,(anonymous_1)
FNDA:0,(anonymous_2)
FNDA:0,(anonymous_3)
FNDA:0,(anonymous_4)
FNDA:0,(anonymous_5)
FNDA:52065,(anonymous_6)
FNDA:105040,(anonymous_7)
FNDA:0,(anonymous_8)
FNDA:15904,(anonymous_9)
FNDA:20806,(anonymous_10)
FNDA:20200,(anonymous_11)
FNDA:21008,(anonymous_12)
FNDA:10504,(anonymous_13)
FNDA:20200,(anonymous_14)
FNDA:20402,(anonymous_15)
FNDA:21008,(anonymous_16)
FNDA:21008,(anonymous_17)
FNDA:21008,(anonymous_18)
FNDA:21008,(anonymous_19)
FNDA:20604,(anonymous_20)
FNDA:20604,(anonymous_21)
FNDA:20604,(anonymous_22)
FNDA:20604,(anonymous_23)
FNDA:20604,(anonymous_24)
FNDA:20806,(anonymous_25)
FNDA:20200,(anonymous_26)
FNDA:20604,(anonymous_27)
FNDA:21008,(anonymous_28)
FNDA:21008,(anonymous_29)
FNDA:10504,(anonymous_30)
FNDA:10504,(anonymous_31)
FNDA:10504,(anonymous_32)
DA:9,101
DA:21,101
DA:22,50252
DA:31,0
DA:32,0
DA:33,0
DA:34,0
DA:36,0
DA:46,101
DA:47,52065
DA:71,101
DA:72,105040
DA:90,0
DA:101,101
DA:102,15904
DA:114,101
DA:115,20806
DA:118,101
DA:119,20200
DA:122,101
DA:123,21008
DA:126,101
DA:127,10504
DA:132,101
DA:133,20200
DA:134,20402
DA:135,21008
DA:136,21008
DA:137,21008
DA:139,21008
DA:145,20604
DA:146,20604
DA:147,20604
DA:148,20604
DA:149,20604
DA:150,20806
DA:152,20200
DA:153,20604
DA:154,21008
DA:155,21008
DA:158,10504
DA:180,10504
DA:191,10504
LF:43
LH:37
BRDA:114,0,0,0
BRDA:118,1,0,0
BRDA:122,2,0,0
BRDA:126,3,0,0
BRF:4
BRH:0
end_of_record
TN:
SF:..\..\frontend\src\api\mock\factories\campaigns.js
FN:4,(anonymous_0)
FN:9,(anonymous_1)
FN:10,(anonymous_2)
FN:11,(anonymous_3)
FN:12,(anonymous_4)
FN:18,(anonymous_5)
FN:23,(anonymous_6)
FN:24,(anonymous_7)
FNF:8
FNH:8
FNDA:101,(anonymous_0)
FNDA:303,(anonymous_1)
FNDA:303,(anonymous_2)
FNDA:303,(anonymous_3)
FNDA:303,(anonymous_4)
FNDA:101,(anonymous_5)
FNDA:303,(anonymous_6)
FNDA:303,(anonymous_7)
DA:3,101
DA:5,101
DA:6,101
DA:7,101
DA:8,303
DA:9,303
DA:10,303
DA:11,303
DA:12,303
DA:14,303
DA:16,101
DA:19,101
DA:20,101
DA:21,101
DA:22,303
DA:23,303
DA:24,303
DA:26,303
DA:28,101
DA:31,101
LF:20
LH:20
BRF:0
BRH:0
end_of_record
TN:
SF:..\..\frontend\src\api\mock\factories\client.js
FN:5,(anonymous_0)
FN:6,(anonymous_1)
FN:7,(anonymous_2)
FN:8,(anonymous_3)
FN:9,(anonymous_4)
FN:10,(anonymous_5)
FN:11,(anonymous_6)
FN:12,(anonymous_7)
FN:13,(anonymous_8)
FN:14,(anonymous_9)
FN:15,(anonymous_10)
FNF:11
FNH:11
FNDA:606,(anonymous_0)
FNDA:606,(anonymous_1)
FNDA:606,(anonymous_2)
FNDA:606,(anonymous_3)
FNDA:606,(anonymous_4)
FNDA:606,(anonymous_5)
FNDA:606,(anonymous_6)
FNDA:606,(anonymous_7)
FNDA:606,(anonymous_8)
FNDA:606,(anonymous_9)
FNDA:606,(anonymous_10)
DA:5,606
DA:6,606
DA:7,606
DA:8,606
DA:9,606
DA:10,606
DA:11,606
DA:12,606
DA:13,606
DA:14,606
DA:15,606
LF:11
LH:11
BRF:0
BRH:0
end_of_record
TN:
SF:..\..\frontend\src\api\mock\factories\configuration.js
FN:4,(anonymous_0)
FN:5,(anonymous_1)
FN:14,(anonymous_2)
FN:17,(anonymous_3)
FN:18,(anonymous_4)
FN:19,(anonymous_5)
FN:20,(anonymous_6)
FNF:7
FNH:7
FNDA:1616,(anonymous_0)
FNDA:1616,(anonymous_1)
FNDA:1616,(anonymous_2)
FNDA:1616,(anonymous_3)
FNDA:1616,(anonymous_4)
FNDA:1616,(anonymous_5)
FNDA:1616,(anonymous_6)
DA:4,1616
DA:6,1616
DA:14,1616
DA:17,1616
DA:18,1616
DA:19,1616
DA:20,1616
LF:7
LH:7
BRF:0
BRH:0
end_of_record
TN:
SF:..\..\frontend\src\api\mock\factories\customers.js
FN:7,(anonymous_0)
FN:12,(anonymous_1)
FN:17,(anonymous_2)
FN:21,(anonymous_3)
FN:44,(anonymous_4)
FN:46,(anonymous_5)
FN:47,(anonymous_6)
FN:48,(anonymous_7)
FN:57,(anonymous_8)
FN:59,(anonymous_9)
FN:87,(anonymous_10)
FN:88,(anonymous_11)
FN:89,(anonymous_12)
FN:90,(anonymous_13)
FN:117,(anonymous_14)
FN:118,(anonymous_15)
FN:120,(anonymous_16)
FN:121,(anonymous_17)
FN:122,(anonymous_18)
FN:125,(anonymous_19)
FN:136,(anonymous_20)
FN:181,(anonymous_21)
FN:182,(anonymous_22)
FN:183,(anonymous_23)
FN:184,(anonymous_24)
FN:185,(anonymous_25)
FN:186,(anonymous_26)
FN:187,(anonymous_27)
FN:194,(anonymous_28)
FN:195,(anonymous_29)
FN:196,(anonymous_30)
FN:197,(anonymous_31)
FN:204,(anonymous_32)
FN:205,(anonymous_33)
FN:206,(anonymous_34)
FN:207,(anonymous_35)
FN:208,(anonymous_36)
FNF:37
FNH:35
FNDA:1010001,(anonymous_0)
FNDA:2525568,(anonymous_1)
FNDA:1010001,(anonymous_2)
FNDA:202,(anonymous_3)
FNDA:2525,(anonymous_4)
FNDA:2525,(anonymous_5)
FNDA:7575,(anonymous_6)
FNDA:7575,(anonymous_7)
FNDA:505,(anonymous_8)
FNDA:2525,(anonymous_9)
FNDA:1010001,(anonymous_10)
FNDA:1010001,(anonymous_11)
FNDA:1010001,(anonymous_12)
FNDA:1010001,(anonymous_13)
FNDA:1,(anonymous_14)
FNDA:1,(anonymous_15)
FNDA:1,(anonymous_16)
FNDA:1,(anonymous_17)
FNDA:1,(anonymous_18)
FNDA:1,(anonymous_19)
FNDA:2,(anonymous_20)
FNDA:2961118,(anonymous_21)
FNDA:2961118,(anonymous_22)
FNDA:2961118,(anonymous_23)
FNDA:2961118,(anonymous_24)
FNDA:2961118,(anonymous_25)
FNDA:2961118,(anonymous_26)
FNDA:2961118,(anonymous_27)
FNDA:0,(anonymous_28)
FNDA:404,(anonymous_29)
FNDA:404,(anonymous_30)
FNDA:0,(anonymous_31)
FNDA:10504,(anonymous_32)
FNDA:10504,(anonymous_33)
FNDA:10504,(anonymous_34)
FNDA:10504,(anonymous_35)
FNDA:10504,(anonymous_36)
DA:5,101
DA:7,101
DA:8,1010001
DA:10,1010001
DA:12,2525568
DA:14,1010001
DA:17,101
DA:18,1010001
DA:21,101
DA:22,202
DA:34,101
DA:36,101
DA:44,2525
DA:46,101
DA:47,7575
DA:48,7575
DA:49,2525
DA:50,2525
DA:57,101
DA:58,505
DA:60,2525
DA:86,101
DA:87,1010001
DA:88,1010001
DA:89,1010001
DA:90,1010001
DA:96,101
DA:117,1
DA:119,1
DA:120,1
DA:121,1
DA:122,1
DA:125,1
DA:136,2
DA:142,101
DA:180,101
DA:181,2961118
DA:182,2961118
DA:183,2961118
DA:184,2961118
DA:185,2961118
DA:186,2961118
DA:187,2961118
DA:193,101
DA:194,0
DA:195,404
DA:196,404
DA:197,0
DA:203,101
DA:204,10504
DA:205,10504
DA:206,10504
DA:207,10504
DA:208,10504
LF:54
LH:52
BRF:0
BRH:0
end_of_record
TN:
SF:..\..\frontend\src\api\mock\factories\dataExtensions.js
FN:4,(anonymous_0)
FN:5,(anonymous_1)
FNF:2
FNH:2
FNDA:5050,(anonymous_0)
FNDA:5050,(anonymous_1)
DA:3,101
DA:4,5050
DA:6,5050
LF:3
LH:3
BRF:0
BRH:0
end_of_record
TN:
SF:..\..\frontend\src\api\mock\factories\dataSource.js
FN:14,(anonymous_0)
FN:16,(anonymous_1)
FN:32,(anonymous_2)
FN:62,(anonymous_3)
FN:72,(anonymous_4)
FN:82,(anonymous_5)
FN:109,(anonymous_6)
FN:119,(anonymous_7)
FN:121,(anonymous_8)
FNF:9
FNH:1
FNDA:0,(anonymous_0)
FNDA:0,(anonymous_1)
FNDA:0,(anonymous_2)
FNDA:1,(anonymous_3)
FNDA:0,(anonymous_4)
FNDA:0,(anonymous_5)
FNDA:0,(anonymous_6)
FNDA:0,(anonymous_7)
FNDA:0,(anonymous_8)
DA:14,0
DA:17,0
DA:32,101
DA:33,0
DA:62,101
DA:63,1
DA:65,1
DA:67,1
DA:72,0
DA:82,101
DA:83,0
DA:84,0
DA:86,0
DA:109,0
DA:119,101
DA:120,0
DA:121,0
LF:17
LH:7
BRDA:32,0,0,0
BRDA:50,1,0,0
BRDA:50,1,1,0
BRDA:65,2,0,1
BRDA:65,2,1,0
BRF:5
BRH:1
end_of_record
TN:
SF:..\..\frontend\src\api\mock\factories\delivery.js
FN:4,(anonymous_0)
FN:6,(anonymous_1)
FN:7,(anonymous_2)
FNF:3
FNH:0
FNDA:0,(anonymous_0)
FNDA:0,(anonymous_1)
FNDA:0,(anonymous_2)
DA:4,0
DA:6,0
DA:7,0
LF:3
LH:0
BRF:0
BRH:0
end_of_record
TN:
SF:..\..\frontend\src\api\mock\factories\destination.js
FN:15,(anonymous_0)
FN:16,(anonymous_1)
FN:17,(anonymous_2)
FN:18,(anonymous_3)
FN:20,(anonymous_4)
FN:39,(anonymous_5)
FN:101,(anonymous_6)
FNF:7
FNH:4
FNDA:0,(anonymous_0)
FNDA:3838,(anonymous_1)
FNDA:0,(anonymous_2)
FNDA:1010,(anonymous_3)
FNDA:3838,(anonymous_4)
FNDA:1414,(anonymous_5)
FNDA:0,(anonymous_6)
DA:6,101
DA:15,0
DA:16,3838
DA:17,0
DA:18,1010
DA:20,3838
DA:39,101
DA:45,1414
DA:56,101
DA:101,101
DA:102,0
DA:103,0
DA:104,0
DA:110,0
LF:14
LH:8
BRDA:41,0,0,1010
BRDA:42,1,0,1414
BRDA:43,2,0,1414
BRF:3
BRH:3
end_of_record
TN:
SF:..\..\frontend\src\api\mock\factories\driftData.js
FN:3,(anonymous_0)
FN:7,(anonymous_1)
FNF:2
FNH:2
FNDA:1,(anonymous_0)
FNDA:4,(anonymous_1)
DA:3,101
DA:4,1
DA:7,101
DA:8,4
LF:4
LH:4
BRF:0
BRH:0
end_of_record
TN:
SF:..\..\frontend\src\api\mock\factories\emailDeliverability.js
FNF:0
FNH:0
DA:4,101
LF:1
LH:1
BRF:0
BRH:0
end_of_record
TN:
SF:..\..\frontend\src\api\mock\factories\engagement.js
FN:3,(anonymous_0)
FN:30,(anonymous_1)
FN:31,(anonymous_2)
FN:32,(anonymous_3)
FN:33,(anonymous_4)
FN:37,(anonymous_5)
FN:47,(anonymous_6)
FN:48,(anonymous_7)
FN:49,(anonymous_8)
FN:50,(anonymous_9)
FN:55,(anonymous_10)
FN:59,(anonymous_11)
FN:63,(anonymous_12)
FN:77,(anonymous_13)
FN:78,(anonymous_14)
FN:79,(anonymous_15)
FN:84,(anonymous_16)
FN:85,(anonymous_17)
FN:86,(anonymous_18)
FN:87,(anonymous_19)
FN:88,(anonymous_20)
FN:89,(anonymous_21)
FN:110,(anonymous_22)
FN:121,(anonymous_23)
FN:135,(anonymous_24)
FN:146,(anonymous_25)
FN:173,(anonymous_26)
FN:184,(anonymous_27)
FN:198,(anonymous_28)
FN:209,(anonymous_29)
FNF:30
FNH:22
FNDA:211773,(anonymous_0)
FNDA:0,(anonymous_1)
FNDA:0,(anonymous_2)
FNDA:0,(anonymous_3)
FNDA:0,(anonymous_4)
FNDA:70591,(anonymous_5)
FNDA:0,(anonymous_6)
FNDA:0,(anonymous_7)
FNDA:0,(anonymous_8)
FNDA:0,(anonymous_9)
FNDA:20200,(anonymous_10)
FNDA:70591,(anonymous_11)
FNDA:232175,(anonymous_12)
FNDA:20200,(anonymous_13)
FNDA:20200,(anonymous_14)
FNDA:20402,(anonymous_15)
FNDA:20200,(anonymous_16)
FNDA:20604,(anonymous_17)
FNDA:20402,(anonymous_18)
FNDA:20402,(anonymous_19)
FNDA:20402,(anonymous_20)
FNDA:20402,(anonymous_21)
FNDA:10302,(anonymous_22)
FNDA:10302,(anonymous_23)
FNDA:10302,(anonymous_24)
FNDA:10302,(anonymous_25)
FNDA:10302,(anonymous_26)
FNDA:10302,(anonymous_27)
FNDA:10302,(anonymous_28)
FNDA:10302,(anonymous_29)
DA:3,101
DA:4,211773
DA:30,0
DA:31,0
DA:32,0
DA:33,0
DA:37,101
DA:38,70591
DA:47,0
DA:48,0
DA:49,0
DA:50,0
DA:55,101
DA:56,20200
DA:59,101
DA:60,70591
DA:63,101
DA:64,232175
DA:76,101
DA:77,20200
DA:78,20200
DA:79,20402
DA:84,20200
DA:85,20604
DA:86,20402
DA:87,20402
DA:88,20402
DA:89,20402
DA:111,10302
DA:122,10302
DA:136,10302
DA:147,10302
DA:174,10302
DA:185,10302
DA:199,10302
DA:210,10302
LF:36
LH:28
BRDA:55,0,0,0
BRDA:59,1,0,0
BRF:2
BRH:0
end_of_record
TN:
SF:..\..\frontend\src\api\mock\factories\identity.js
FN:40,(anonymous_0)
FN:42,(anonymous_1)
FN:44,(anonymous_2)
FN:46,(anonymous_3)
FN:48,(anonymous_4)
FN:50,(anonymous_5)
FN:56,(anonymous_6)
FN:67,(anonymous_7)
FN:78,(anonymous_8)
FNF:9
FNH:9
FNDA:2020,(anonymous_0)
FNDA:2020,(anonymous_1)
FNDA:2020,(anonymous_2)
FNDA:2020,(anonymous_3)
FNDA:2020,(anonymous_4)
FNDA:2020,(anonymous_5)
FNDA:2020,(anonymous_6)
FNDA:1,(anonymous_7)
FNDA:3,(anonymous_8)
DA:7,101
DA:39,101
DA:40,2020
DA:42,2020
DA:44,2020
DA:46,2020
DA:48,2020
DA:51,2020
DA:52,2020
DA:53,2020
DA:57,2020
DA:67,101
DA:68,1
DA:78,3
DA:80,1
DA:82,1
DA:84,1
LF:17
LH:17
BRDA:67,0,0,1
BRDA:82,1,0,0
BRDA:82,1,1,1
BRF:3
BRH:2
end_of_record
TN:
SF:..\..\frontend\src\api\mock\factories\liftChartData.js
FNF:0
FNH:0
LF:0
LH:0
BRF:0
BRH:0
end_of_record
TN:
SF:..\..\frontend\src\api\mock\factories\me.js
FN:13,(anonymous_0)
FNF:1
FNH:0
FNDA:0,(anonymous_0)
DA:1,101
DA:2,101
DA:10,101
DA:13,0
LF:4
LH:3
BRDA:1,0,0,101
BRDA:1,0,1,27
BRDA:2,1,0,101
BRDA:2,1,1,27
BRF:4
BRH:4
end_of_record
TN:
SF:..\..\frontend\src\api\mock\factories\model.js
FN:3,(anonymous_0)
FN:18,(anonymous_1)
FN:19,(anonymous_2)
FN:22,(anonymous_3)
FN:28,(anonymous_4)
FN:36,(anonymous_5)
FN:41,(anonymous_6)
FN:44,(anonymous_7)
FN:45,(anonymous_8)
FN:49,(anonymous_9)
FN:52,(anonymous_10)
FN:60,(anonymous_11)
FN:62,(anonymous_12)
FN:63,(anonymous_13)
FNF:14
FNH:11
FNDA:251894,(anonymous_0)
FNDA:5858,(anonymous_1)
FNDA:251894,(anonymous_2)
FNDA:29290,(anonymous_3)
FNDA:0,(anonymous_4)
FNDA:5858,(anonymous_5)
FNDA:0,(anonymous_6)
FNDA:3434,(anonymous_7)
FNDA:3434,(anonymous_8)
FNDA:3434,(anonymous_9)
FNDA:0,(anonymous_10)
FNDA:5858,(anonymous_11)
FNDA:5858,(anonymous_12)
FNDA:5858,(anonymous_13)
DA:3,101
DA:4,251894
DA:18,101
DA:19,251894
DA:22,101
DA:23,29290
DA:28,0
DA:36,101
DA:37,5858
DA:42,0
DA:44,3434
DA:45,3434
DA:49,3434
DA:53,0
DA:61,5858
DA:62,5858
DA:63,5858
LF:17
LH:14
BRDA:3,0,0,0
BRDA:18,1,0,0
BRDA:18,2,0,5858
BRDA:36,3,0,0
BRF:4
BRH:1
end_of_record
TN:
SF:..\..\frontend\src\api\mock\factories\notifications.js
FN:7,(anonymous_0)
FN:8,(anonymous_1)
FN:9,(anonymous_2)
FN:11,(anonymous_3)
FN:12,(anonymous_4)
FN:13,(anonymous_5)
FNF:6
FNH:6
FNDA:202000,(anonymous_0)
FNDA:202000,(anonymous_1)
FNDA:202000,(anonymous_2)
FNDA:202000,(anonymous_3)
FNDA:202000,(anonymous_4)
FNDA:202000,(anonymous_5)
DA:6,101
DA:7,202000
DA:8,202000
DA:10,202000
DA:11,202000
DA:12,202000
DA:13,202000
LF:7
LH:7
BRF:0
BRH:0
end_of_record
TN:
SF:..\..\frontend\src\api\mock\factories\user.js
FN:100,(anonymous_0)
FN:124,(anonymous_1)
FN:127,(anonymous_2)
FNF:3
FNH:3
FNDA:6,(anonymous_0)
FNDA:1,(anonymous_1)
FNDA:6,(anonymous_2)
DA:2,101
DA:3,101
DA:11,101
DA:78,101
DA:100,101
DA:101,6
DA:124,101
DA:125,1
DA:127,6
LF:9
LH:9
BRDA:2,0,0,101
BRDA:2,0,1,27
BRDA:3,1,0,101
BRDA:3,1,1,27
BRF:4
BRH:4
end_of_record
TN:
SF:..\..\frontend\src\api\mock\fixtures\addSegmentData.js
FNF:0
FNH:0
LF:0
LH:0
BRF:0
BRH:0
end_of_record
TN:
SF:..\..\frontend\src\api\mock\fixtures\customerEventData.js
FNF:0
FNH:0
LF:0
LH:0
BRF:0
BRH:0
end_of_record
TN:
SF:..\..\frontend\src\api\mock\fixtures\deliveredCountData.js
FNF:0
FNH:0
LF:0
LH:0
BRF:0
BRH:0
end_of_record
TN:
SF:..\..\frontend\src\api\mock\fixtures\demographicData.js
FNF:0
FNH:0
LF:0
LH:0
BRF:0
BRH:0
end_of_record
TN:
SF:..\..\frontend\src\api\mock\fixtures\domainLineData.js
FNF:0
FNH:0
LF:0
LH:0
BRF:0
BRH:0
end_of_record
TN:
SF:..\..\frontend\src\api\mock\fixtures\idrMatchingTrendData.js
FNF:0
FNH:0
LF:0
LH:0
BRF:0
BRH:0
end_of_record
TN:
SF:..\..\frontend\src\api\mock\fixtures\menuConfig.js
FNF:0
FNH:0
LF:0
LH:0
BRF:0
BRH:0
end_of_record
TN:
SF:..\..\frontend\src\api\mock\fixtures\runDurationData.js
FNF:0
FNH:0
LF:0
LH:0
BRF:0
BRH:0
end_of_record
TN:
SF:..\..\frontend\src\api\mock\fixtures\segmentComparisonScores.js
FNF:0
FNH:0
LF:0
LH:0
BRF:0
BRH:0
end_of_record
TN:
SF:..\..\frontend\src\api\mock\fixtures\totalCustomerSpendData.js
FNF:0
FNH:0
LF:0
LH:0
BRF:0
BRH:0
end_of_record
TN:
SF:..\..\frontend\src\api\mock\fixtures\totalCustomersData.js
FNF:0
FNH:0
LF:0
LH:0
BRF:0
BRH:0
end_of_record
TN:
SF:..\..\frontend\src\api\mock\fixtures\trustIdAttribute.js
FNF:0
FNH:0
LF:0
LH:0
BRF:0
BRH:0
end_of_record
TN:
SF:..\..\frontend\src\api\mock\fixtures\trustIdOverview.js
FNF:0
FNH:0
LF:0
LH:0
BRF:0
BRH:0
end_of_record
TN:
SF:..\..\frontend\src\api\mock\seeds\audience.js
FNF:0
FNH:0
DA:1,101
DA:20,101
DA:99,101
DA:137,101
LF:4
LH:4
BRF:0
BRH:0
end_of_record
TN:
SF:..\..\frontend\src\api\mock\seeds\configuration.js
FNF:0
FNH:0
LF:0
LH:0
BRF:0
BRH:0
end_of_record
TN:
SF:..\..\frontend\src\api\mock\seeds\dataSource.js
FNF:0
FNH:0
LF:0
LH:0
BRF:0
BRH:0
end_of_record
TN:
SF:..\..\frontend\src\api\mock\seeds\destination.js
FNF:0
FNH:0
LF:0
LH:0
BRF:0
BRH:0
end_of_record
TN:
SF:..\..\frontend\src\api\mock\seeds\engagement.js
FNF:0
FNH:0
DA:3,101
DA:31,101
LF:2
LH:2
BRF:0
BRH:0
end_of_record
TN:
SF:..\..\frontend\src\api\mock\seeds\geoCountry.js
FNF:0
FNH:0
LF:0
LH:0
BRF:0
BRH:0
end_of_record
TN:
SF:..\..\frontend\src\api\mock\seeds\index.js
FN:15,(anonymous_0)
FN:16,(anonymous_1)
FN:17,(anonymous_2)
FN:18,(anonymous_3)
FN:19,(anonymous_4)
FN:20,(anonymous_5)
FN:21,(anonymous_6)
FN:22,(anonymous_7)
FN:23,(anonymous_8)
FNF:9
FNH:9
FNDA:101,(anonymous_0)
FNDA:6767,(anonymous_1)
FNDA:1919,(anonymous_2)
FNDA:2929,(anonymous_3)
FNDA:404,(anonymous_4)
FNDA:202,(anonymous_5)
FNDA:101,(anonymous_6)
FNDA:202,(anonymous_7)
FNDA:303,(anonymous_8)
DA:16,6767
DA:17,1919
DA:18,2929
DA:19,404
DA:20,202
DA:21,101
DA:22,202
DA:23,303
DA:25,101
DA:26,101
DA:27,101
DA:28,101
DA:29,101
DA:30,101
DA:31,101
DA:32,101
DA:33,101
DA:34,101
DA:35,101
DA:36,101
DA:37,101
LF:21
LH:21
BRF:0
BRH:0
end_of_record
TN:
SF:..\..\frontend\src\api\mock\seeds\model.js
FNF:0
FNH:0
LF:0
LH:0
BRF:0
BRH:0
end_of_record
TN:
SF:..\..\frontend\src\api\mock\seeds\user.js
FNF:0
FNH:0
LF:0
LH:0
BRF:0
BRH:0
end_of_record
TN:
SF:..\..\frontend\src\components\Application.vue
FN:142,(anonymous_0)
FN:155,(anonymous_1)
FN:158,(anonymous_2)
FN:161,(anonymous_3)
FN:167,(anonymous_4)
FN:174,(anonymous_5)
FN:175,(anonymous_6)
FN:183,(anonymous_7)
FN:187,(anonymous_8)
FN:189,(anonymous_9)
FN:195,(anonymous_10)
FN:205,(anonymous_11)
FN:211,(anonymous_12)
FN:216,(anonymous_13)
FNF:14
FNH:3
FNDA:73,(anonymous_0)
FNDA:73,(anonymous_1)
FNDA:0,(anonymous_2)
FNDA:73,(anonymous_3)
FNDA:0,(anonymous_4)
FNDA:0,(anonymous_5)
FNDA:0,(anonymous_6)
FNDA:0,(anonymous_7)
FNDA:0,(anonymous_8)
FNDA:0,(anonymous_9)
FNDA:0,(anonymous_10)
FNDA:0,(anonymous_11)
FNDA:0,(anonymous_12)
FNDA:0,(anonymous_13)
DA:143,73
DA:156,73
DA:158,0
DA:162,73
DA:168,0
DA:174,0
DA:175,0
DA:183,0
DA:188,0
DA:189,0
DA:196,0
DA:206,0
DA:212,0
DA:213,0
DA:217,0
DA:218,0
DA:224,0
LF:17
LH:3
BRDA:157,0,0,73
BRDA:157,0,1,0
BRF:2
BRH:1
end_of_record
TN:
SF:..\..\frontend\src\components\CampaignSummary.vue
FN:412,(anonymous_0)
FN:417,(anonymous_1)
FN:429,(anonymous_2)
FN:624,(anonymous_3)
FN:630,(anonymous_4)
FN:635,(anonymous_5)
FN:638,(anonymous_6)
FN:646,(anonymous_7)
FN:650,(anonymous_8)
FN:651,(anonymous_9)
FN:674,(anonymous_10)
FN:677,(anonymous_11)
FN:679,(anonymous_12)
FN:689,(anonymous_13)
FN:690,(anonymous_14)
FN:694,(anonymous_15)
FN:698,(anonymous_16)
FN:704,(anonymous_17)
FN:706,(anonymous_18)
FN:723,(anonymous_19)
FN:724,(anonymous_20)
FN:726,(anonymous_21)
FN:729,(anonymous_22)
FN:736,(anonymous_23)
FNF:24
FNH:3
FNDA:0,(anonymous_0)
FNDA:2,(anonymous_1)
FNDA:2,(anonymous_2)
FNDA:0,(anonymous_3)
FNDA:0,(anonymous_4)
FNDA:0,(anonymous_5)
FNDA:2,(anonymous_6)
FNDA:0,(anonymous_7)
FNDA:0,(anonymous_8)
FNDA:0,(anonymous_9)
FNDA:0,(anonymous_10)
FNDA:0,(anonymous_11)
FNDA:0,(anonymous_12)
FNDA:0,(anonymous_13)
FNDA:0,(anonymous_14)
FNDA:0,(anonymous_15)
FNDA:0,(anonymous_16)
FNDA:0,(anonymous_17)
FNDA:0,(anonymous_18)
FNDA:0,(anonymous_19)
FNDA:0,(anonymous_20)
FNDA:0,(anonymous_21)
FNDA:0,(anonymous_22)
FNDA:0,(anonymous_23)
DA:412,0
DA:417,2
DA:430,2
DA:625,0
DA:626,0
DA:630,0
DA:631,0
DA:636,0
DA:639,2
DA:647,0
DA:648,0
DA:649,0
DA:650,0
DA:651,0
DA:653,0
DA:654,0
DA:660,0
DA:661,0
DA:662,0
DA:663,0
DA:664,0
DA:665,0
DA:666,0
DA:667,0
DA:669,0
DA:672,0
DA:675,0
DA:678,0
DA:679,0
DA:685,0
DA:686,0
DA:687,0
DA:690,0
DA:691,0
DA:695,0
DA:699,0
DA:705,0
DA:706,0
DA:707,0
DA:708,0
DA:709,0
DA:710,0
DA:717,0
DA:718,0
DA:721,0
DA:724,0
DA:727,0
DA:729,0
DA:737,0
DA:738,0
LF:50
LH:3
BRDA:625,0,0,0
BRDA:625,0,1,0
BRDA:626,1,0,0
BRDA:626,1,1,0
BRDA:636,2,0,0
BRDA:636,2,1,0
BRDA:639,3,0,0
BRDA:639,3,1,2
BRDA:647,4,0,0
BRDA:647,4,1,0
BRDA:647,5,0,0
BRDA:647,5,1,0
BRDA:648,6,0,0
BRDA:648,6,1,0
BRDA:651,7,0,0
BRDA:651,7,1,0
BRDA:653,8,0,0
BRDA:653,8,1,0
BRDA:654,9,0,0
BRDA:654,9,1,0
BRDA:655,10,0,0
BRDA:655,10,1,0
BRDA:655,10,2,0
BRDA:655,10,3,0
BRDA:666,11,0,0
BRDA:666,11,1,0
BRDA:666,12,0,0
BRDA:666,12,1,0
BRDA:696,13,0,0
BRDA:696,13,1,0
BRDA:696,13,2,0
BRDA:699,14,0,0
BRDA:699,14,1,0
BRDA:699,14,2,0
BRDA:707,15,0,0
BRDA:707,15,1,0
BRDA:709,16,0,0
BRDA:709,16,1,0
BRDA:717,17,0,0
BRDA:717,17,1,0
BRF:40
BRH:1
end_of_record
TN:
SF:..\..\frontend\src\components\ContactUsOptions.vue
FN:48,(anonymous_0)
FN:74,(anonymous_1)
FNF:2
FNH:2
FNDA:4,(anonymous_0)
FNDA:2,(anonymous_1)
DA:49,4
DA:75,2
LF:2
LH:2
BRF:0
BRH:0
end_of_record
TN:
SF:..\..\frontend\src\components\HeaderNavigation.vue
FN:86,(anonymous_0)
FN:99,(anonymous_1)
FN:104,(anonymous_2)
FN:109,(anonymous_3)
FNF:4
FNH:4
FNDA:74,(anonymous_0)
FNDA:74,(anonymous_1)
FNDA:82,(anonymous_2)
FNDA:1,(anonymous_3)
DA:87,74
DA:100,74
DA:101,74
DA:102,74
DA:105,82
DA:110,1
DA:114,1
DA:116,0
LF:8
LH:7
BRDA:110,0,0,1
BRDA:110,0,1,0
BRDA:111,1,0,1
BRDA:111,1,1,1
BRF:4
BRH:3
end_of_record
TN:
SF:..\..\frontend\src\components\Help.vue
FN:93,(anonymous_0)
FN:107,(anonymous_1)
FN:110,(anonymous_2)
FN:114,(anonymous_3)
FN:117,(anonymous_4)
FN:122,(anonymous_5)
FN:137,(anonymous_6)
FNF:7
FNH:6
FNDA:74,(anonymous_0)
FNDA:2,(anonymous_1)
FNDA:2,(anonymous_2)
FNDA:2,(anonymous_3)
FNDA:0,(anonymous_4)
FNDA:2,(anonymous_5)
FNDA:2,(anonymous_6)
DA:94,74
DA:108,2
DA:111,2
DA:112,2
DA:115,2
DA:118,0
DA:119,0
DA:120,0
DA:123,2
DA:125,2
DA:127,2
DA:128,2
DA:129,0
DA:130,0
DA:131,0
DA:133,0
DA:134,0
DA:138,2
LF:18
LH:10
BRDA:127,0,0,2
BRDA:127,0,1,0
BRDA:129,1,0,0
BRDA:129,1,1,0
BRF:4
BRH:1
end_of_record
TN:
SF:..\..\frontend\src\components\NavBar.vue
FN:16,(anonymous_0)
FNF:1
FNH:1
FNDA:74,(anonymous_0)
DA:16,74
LF:1
LH:1
BRF:0
BRH:0
end_of_record
TN:
SF:..\..\frontend\src\components\Notification.vue
FN:104,(anonymous_0)
FN:120,(anonymous_1)
FN:128,(anonymous_2)
FN:133,(anonymous_3)
FN:137,(anonymous_4)
FN:146,(anonymous_5)
FNF:6
FNH:6
FNDA:73,(anonymous_0)
FNDA:108,(anonymous_1)
FNDA:2,(anonymous_2)
FNDA:8,(anonymous_3)
FNDA:73,(anonymous_4)
FNDA:81,(anonymous_5)
DA:105,73
DA:121,108
DA:129,2
DA:130,0
DA:134,8
DA:138,73
DA:139,73
DA:147,81
LF:8
LH:7
BRDA:129,0,0,0
BRDA:129,0,1,2
BRDA:129,1,0,2
BRDA:129,1,1,1
BRF:4
BRH:3
end_of_record
TN:
SF:..\..\frontend\src\components\ReportBug.vue
FN:48,(anonymous_0)
FN:60,(anonymous_1)
FN:64,(anonymous_2)
FNF:3
FNH:2
FNDA:2,(anonymous_0)
FNDA:2,(anonymous_1)
FNDA:0,(anonymous_2)
DA:49,2
DA:61,2
DA:62,2
DA:65,0
DA:66,0
LF:5
LH:3
BRF:0
BRH:0
end_of_record
TN:
SF:..\..\frontend\src\components\SideMenu.vue
FN:185,(anonymous_0)
FN:201,(anonymous_1)
FN:205,(anonymous_2)
FN:209,(anonymous_3)
FN:213,(anonymous_4)
FN:214,(anonymous_5)
FN:216,(anonymous_6)
FN:225,(anonymous_7)
FN:236,(anonymous_8)
FN:254,(anonymous_9)
FN:260,(anonymous_10)
FN:261,(anonymous_11)
FN:268,(anonymous_12)
FN:271,(anonymous_13)
FN:272,(anonymous_14)
FN:277,(anonymous_15)
FN:282,(anonymous_16)
FN:285,(anonymous_17)
FN:298,(anonymous_18)
FN:302,(anonymous_19)
FN:303,(anonymous_20)
FNF:21
FNH:17
FNDA:73,(anonymous_0)
FNDA:73,(anonymous_1)
FNDA:101,(anonymous_2)
FNDA:67,(anonymous_3)
FNDA:140,(anonymous_4)
FNDA:402,(anonymous_5)
FNDA:670,(anonymous_6)
FNDA:73,(anonymous_7)
FNDA:2,(anonymous_8)
FNDA:73,(anonymous_9)
FNDA:0,(anonymous_10)
FNDA:0,(anonymous_11)
FNDA:71,(anonymous_12)
FNDA:426,(anonymous_13)
FNDA:142,(anonymous_14)
FNDA:2,(anonymous_15)
FNDA:2,(anonymous_16)
FNDA:67,(anonymous_17)
FNDA:0,(anonymous_18)
FNDA:67,(anonymous_19)
FNDA:0,(anonymous_20)
DA:185,73
DA:202,73
DA:206,101
DA:210,67
DA:214,140
DA:215,402
DA:216,938
DA:217,268
DA:219,134
DA:226,73
DA:227,67
DA:228,67
DA:237,2
DA:238,2
DA:243,0
DA:251,2
DA:255,73
DA:259,0
DA:260,0
DA:261,0
DA:263,0
DA:265,73
DA:269,71
DA:270,71
DA:271,426
DA:272,142
DA:278,2
DA:279,2
DA:283,2
DA:286,67
DA:287,67
DA:292,0
DA:299,0
DA:300,0
DA:303,67
DA:304,0
DA:306,67
LF:37
LH:28
BRDA:202,0,0,73
BRDA:202,0,1,73
BRDA:210,1,0,0
BRDA:210,1,1,67
BRDA:215,2,0,268
BRDA:215,2,1,134
BRDA:215,3,0,402
BRDA:215,3,1,268
BRDA:238,4,0,0
BRDA:238,4,1,2
BRDA:239,5,0,2
BRDA:239,5,1,0
BRDA:239,5,2,0
BRDA:255,6,0,0
BRDA:255,6,1,73
BRDA:256,7,0,73
BRDA:256,7,1,73
BRDA:269,8,0,71
BRDA:269,8,1,0
BRDA:269,9,0,71
BRDA:269,9,1,71
BRDA:278,10,0,2
BRDA:278,10,1,0
BRDA:286,11,0,67
BRDA:286,11,1,0
BRF:25
BRH:17
end_of_record
TN:
SF:..\..\frontend\src\components\UserAvatar.vue
FN:73,(anonymous_0)
FN:86,(anonymous_1)
FN:91,(anonymous_2)
FN:95,(anonymous_3)
FNF:4
FNH:3
FNDA:74,(anonymous_0)
FNDA:75,(anonymous_1)
FNDA:0,(anonymous_2)
FNDA:102,(anonymous_3)
DA:74,74
DA:87,75
DA:92,0
DA:96,102
LF:4
LH:3
BRF:0
BRH:0
end_of_record
TN:
SF:..\..\frontend\src\components\common\Avatar.vue
FN:46,(anonymous_0)
FN:52,(anonymous_1)
FNF:2
FNH:2
FNDA:751,(anonymous_0)
FNDA:751,(anonymous_1)
DA:24,17
DA:47,751
DA:53,751
DA:54,0
DA:56,751
LF:5
LH:4
BRDA:47,0,0,751
BRDA:47,0,1,15
BRDA:53,1,0,0
BRDA:53,1,1,751
BRF:4
BRH:3
end_of_record
TN:
SF:..\..\frontend\src\components\common\Breadcrumb.vue
FN:73,(anonymous_0)
FNF:1
FNH:0
FNDA:0,(anonymous_0)
DA:73,0
LF:1
LH:0
BRF:0
BRH:0
end_of_record
TN:
SF:..\..\frontend\src\components\common\CardHorizontal.vue
FN:115,(anonymous_0)
FN:130,(anonymous_1)
FN:134,(anonymous_2)
FNF:3
FNH:3
FNDA:724,(anonymous_0)
FNDA:297,(anonymous_1)
FNDA:297,(anonymous_2)
DA:131,297
DA:135,297
LF:2
LH:2
BRDA:135,0,0,297
BRDA:135,0,1,260
BRF:2
BRH:2
end_of_record
TN:
SF:..\..\frontend\src\components\common\ConfirmModal.vue
FN:160,(anonymous_0)
FN:167,(anonymous_1)
FN:176,(anonymous_2)
FN:180,(anonymous_3)
FN:189,(anonymous_4)
FN:192,(anonymous_5)
FNF:6
FNH:6
FNDA:216,(anonymous_0)
FNDA:6,(anonymous_1)
FNDA:9,(anonymous_2)
FNDA:9,(anonymous_3)
FNDA:2,(anonymous_4)
FNDA:1,(anonymous_5)
DA:161,216
DA:168,6
DA:169,2
DA:171,4
DA:177,9
DA:181,9
DA:182,9
DA:183,3
DA:190,2
DA:193,1
LF:10
LH:10
BRDA:168,0,0,2
BRDA:168,0,1,4
BRDA:182,1,0,3
BRDA:182,1,1,6
BRF:4
BRH:4
end_of_record
TN:
SF:..\..\frontend\src\components\common\DataCards.vue
FN:187,(anonymous_0)
FN:195,(anonymous_1)
FN:209,(anonymous_2)
FN:215,(anonymous_3)
FN:223,(anonymous_4)
FNF:5
FNH:5
FNDA:7,(anonymous_0)
FNDA:7,(anonymous_1)
FNDA:17,(anonymous_2)
FNDA:3,(anonymous_3)
FNDA:27,(anonymous_4)
DA:130,3
DA:188,7
DA:196,7
DA:197,3
DA:199,3
DA:200,3
DA:203,0
DA:210,17
DA:216,3
DA:217,0
DA:219,3
DA:224,27
LF:12
LH:10
BRDA:196,0,0,3
BRDA:196,0,1,4
BRDA:197,1,0,3
BRDA:197,1,1,0
BRDA:210,2,0,0
BRDA:210,2,1,17
BRDA:211,3,0,0
BRDA:211,3,1,17
BRDA:216,4,0,0
BRDA:216,4,1,3
BRF:10
BRH:6
end_of_record
TN:
SF:..\..\frontend\src\components\common\DeliveryDetails.vue
FN:229,(anonymous_0)
FN:260,(anonymous_1)
FN:333,(anonymous_2)
FN:336,(anonymous_3)
FN:341,(anonymous_4)
FN:346,(anonymous_5)
FN:351,(anonymous_6)
FN:358,(anonymous_7)
FN:361,(anonymous_8)
FN:373,(anonymous_9)
FN:381,(anonymous_10)
FN:382,(anonymous_11)
FN:385,(anonymous_12)
FN:387,(anonymous_13)
FN:398,(anonymous_14)
FN:411,(anonymous_15)
FN:422,(anonymous_16)
FN:445,(anonymous_17)
FNF:18
FNH:5
FNDA:0,(anonymous_0)
FNDA:4,(anonymous_1)
FNDA:0,(anonymous_2)
FNDA:4,(anonymous_3)
FNDA:0,(anonymous_4)
FNDA:4,(anonymous_5)
FNDA:0,(anonymous_6)
FNDA:0,(anonymous_7)
FNDA:0,(anonymous_8)
FNDA:0,(anonymous_9)
FNDA:0,(anonymous_10)
FNDA:0,(anonymous_11)
FNDA:4,(anonymous_12)
FNDA:4,(anonymous_13)
FNDA:0,(anonymous_14)
FNDA:0,(anonymous_15)
FNDA:0,(anonymous_16)
FNDA:0,(anonymous_17)
DA:261,4
DA:334,0
DA:337,4
DA:342,0
DA:347,4
DA:352,0
DA:359,0
DA:362,0
DA:374,0
DA:378,0
DA:379,0
DA:383,0
DA:386,4
DA:387,4
DA:388,4
DA:390,4
DA:391,4
DA:393,0
DA:396,4
DA:398,0
DA:399,0
DA:401,0
DA:402,0
DA:405,0
DA:406,0
DA:409,0
DA:411,0
DA:413,0
DA:416,0
DA:419,0
DA:423,0
DA:428,0
DA:429,0
DA:436,0
DA:446,0
DA:447,0
DA:448,0
LF:37
LH:9
BRDA:337,0,0,4
BRDA:337,0,1,0
BRDA:342,1,0,0
BRDA:342,1,1,0
BRDA:347,2,0,4
BRDA:347,2,1,0
BRDA:359,3,0,0
BRDA:359,3,1,0
BRDA:362,4,0,0
BRDA:362,4,1,0
BRDA:386,5,0,4
BRDA:386,5,1,0
BRDA:388,6,0,4
BRDA:388,6,1,0
BRDA:399,7,0,0
BRDA:399,7,1,0
BRDA:399,7,2,0
BRDA:399,7,3,0
BRDA:428,8,0,0
BRDA:428,8,1,0
BRF:20
BRH:4
end_of_record
TN:
SF:..\..\frontend\src\components\common\Drawer.vue
FN:123,(anonymous_0)
FN:131,(anonymous_1)
FN:137,(anonymous_2)
FN:141,(anonymous_3)
FN:147,(anonymous_4)
FN:151,(anonymous_5)
FN:161,(anonymous_6)
FN:166,(anonymous_7)
FNF:8
FNH:7
FNDA:103,(anonymous_0)
FNDA:103,(anonymous_1)
FNDA:103,(anonymous_2)
FNDA:132,(anonymous_3)
FNDA:32,(anonymous_4)
FNDA:32,(anonymous_5)
FNDA:0,(anonymous_6)
FNDA:15,(anonymous_7)
DA:124,103
DA:132,103
DA:138,103
DA:142,132
DA:148,32
DA:152,32
DA:153,32
DA:154,15
DA:155,15
DA:162,0
DA:163,0
DA:167,15
LF:12
LH:10
BRDA:133,0,0,0
BRDA:133,0,1,103
BRDA:138,1,0,0
BRDA:138,1,1,103
BRDA:142,2,0,132
BRDA:142,2,1,46
BRDA:153,3,0,15
BRDA:153,3,1,17
BRF:8
BRH:6
end_of_record
TN:
SF:..\..\frontend\src\components\common\DropMenu.vue
FN:50,(anonymous_0)
FNF:1
FNH:1
FNDA:4,(anonymous_0)
DA:51,4
LF:1
LH:1
BRF:0
BRH:0
end_of_record
TN:
SF:..\..\frontend\src\components\common\FilterPanel.vue
FN:58,(anonymous_0)
FNF:1
FNH:1
FNDA:12,(anonymous_0)
DA:59,12
LF:1
LH:1
BRF:0
BRH:0
end_of_record
TN:
SF:..\..\frontend\src\components\common\FilterPanels.vue
FN:24,(anonymous_0)
FN:30,(anonymous_1)
FN:32,(anonymous_2)
FN:33,(anonymous_3)
FNF:4
FNH:4
FNDA:1,(anonymous_0)
FNDA:17,(anonymous_1)
FNDA:67,(anonymous_2)
FNDA:2,(anonymous_3)
DA:24,1
DA:31,17
DA:32,67
DA:34,2
DA:38,17
LF:5
LH:5
BRF:0
BRH:0
end_of_record
TN:
SF:..\..\frontend\src\components\common\FiltersDrawer.vue
FN:143,(anonymous_0)
FNF:1
FNH:1
FNDA:17,(anonymous_0)
DA:144,17
LF:1
LH:1
BRF:0
BRH:0
end_of_record
TN:
SF:..\..\frontend\src\components\common\HuxAlert.vue
FN:64,(anonymous_0)
FN:65,(anonymous_1)
FN:74,(anonymous_2)
FN:83,(anonymous_3)
FN:91,(anonymous_4)
FN:98,(anonymous_5)
FN:107,(anonymous_6)
FN:117,(anonymous_7)
FNF:8
FNH:7
FNDA:76,(anonymous_0)
FNDA:1,(anonymous_1)
FNDA:1,(anonymous_2)
FNDA:1,(anonymous_3)
FNDA:1,(anonymous_4)
FNDA:1,(anonymous_5)
FNDA:2,(anonymous_6)
FNDA:0,(anonymous_7)
DA:65,77
DA:75,1
DA:80,1
DA:84,1
DA:88,1
DA:92,1
DA:95,1
DA:99,1
DA:104,1
DA:108,2
DA:114,2
DA:118,0
LF:12
LH:11
BRDA:80,0,0,1
BRDA:80,0,1,0
BRDA:88,1,0,1
BRDA:88,1,1,0
BRDA:95,2,0,1
BRDA:95,2,1,1
BRDA:104,3,0,1
BRDA:104,3,1,0
BRDA:114,4,0,2
BRDA:114,4,1,0
BRF:10
BRH:6
end_of_record
TN:
SF:..\..\frontend\src\components\common\HuxAutocomplete.vue
FN:29,(anonymous_0)
FN:38,(anonymous_1)
FN:40,(anonymous_2)
FN:41,(anonymous_3)
FN:48,(anonymous_4)
FN:49,(anonymous_5)
FNF:6
FNH:5
FNDA:0,(anonymous_0)
FNDA:2,(anonymous_1)
FNDA:4,(anonymous_2)
FNDA:2,(anonymous_3)
FNDA:2,(anonymous_4)
FNDA:4,(anonymous_5)
DA:29,0
DA:39,2
DA:40,4
DA:42,2
DA:43,2
DA:47,2
DA:49,2
DA:50,4
DA:51,4
DA:59,2
LF:10
LH:9
BRF:0
BRH:0
end_of_record
TN:
SF:..\..\frontend\src\components\common\HuxDropDownSearch.vue
FN:95,(anonymous_0)
FN:103,(anonymous_1)
FN:108,(anonymous_2)
FN:115,(anonymous_3)
FN:119,(anonymous_4)
FN:128,(anonymous_5)
FN:140,(anonymous_6)
FN:141,(anonymous_7)
FNF:8
FNH:1
FNDA:18,(anonymous_0)
FNDA:0,(anonymous_1)
FNDA:0,(anonymous_2)
FNDA:0,(anonymous_3)
FNDA:0,(anonymous_4)
FNDA:0,(anonymous_5)
FNDA:0,(anonymous_6)
FNDA:0,(anonymous_7)
DA:96,18
DA:104,0
DA:105,0
DA:107,0
DA:108,0
DA:109,0
DA:116,0
DA:120,0
DA:121,0
DA:122,0
DA:129,0
DA:130,0
DA:131,0
DA:132,0
DA:135,0
DA:137,0
DA:141,0
LF:17
LH:1
BRDA:104,0,0,0
BRDA:104,0,1,0
BRDA:107,1,0,0
BRDA:107,1,1,0
BRDA:121,2,0,0
BRDA:121,2,1,0
BRDA:130,3,0,0
BRDA:130,3,1,0
BRDA:131,4,0,0
BRDA:131,4,1,0
BRF:10
BRH:0
end_of_record
TN:
SF:..\..\frontend\src\components\common\HuxDropdown.vue
FN:150,(anonymous_0)
FN:156,(anonymous_1)
FN:161,(anonymous_2)
FNF:3
FNH:3
FNDA:8,(anonymous_0)
FNDA:16,(anonymous_1)
FNDA:4,(anonymous_2)
DA:151,8
DA:157,16
DA:162,4
DA:163,4
LF:4
LH:4
BRDA:157,0,0,16
BRDA:157,0,1,8
BRF:2
BRH:2
end_of_record
TN:
SF:..\..\frontend\src\components\common\HuxSlider.vue
FN:97,(anonymous_0)
FN:107,(anonymous_1)
FN:110,(anonymous_2)
FN:114,(anonymous_3)
FN:131,(anonymous_4)
FNF:5
FNH:2
FNDA:101,(anonymous_0)
FNDA:0,(anonymous_1)
FNDA:0,(anonymous_2)
FNDA:101,(anonymous_3)
FNDA:0,(anonymous_4)
DA:98,101
DA:108,0
DA:111,0
DA:115,104
DA:116,106
DA:117,100
DA:118,89
DA:119,81
DA:120,66
DA:121,63
DA:122,58
DA:123,49
DA:124,40
DA:125,28
DA:126,26
DA:127,6
DA:132,0
LF:17
LH:14
BRDA:99,0,0,0
BRDA:99,0,1,101
BRDA:115,1,0,3
BRDA:115,1,1,98
BRDA:116,2,0,8
BRDA:116,2,1,90
BRDA:117,3,0,10
BRDA:117,3,1,80
BRDA:118,4,0,9
BRDA:118,4,1,71
BRDA:119,5,0,10
BRDA:119,5,1,61
BRDA:120,6,0,5
BRDA:120,6,1,56
BRDA:121,7,0,7
BRDA:121,7,1,49
BRDA:122,8,0,9
BRDA:122,8,1,40
BRDA:123,9,0,9
BRDA:123,9,1,31
BRDA:124,10,0,9
BRDA:124,10,1,22
BRDA:125,11,0,6
BRDA:125,11,1,16
BRDA:126,12,0,10
BRDA:126,12,1,6
BRF:26
BRH:25
end_of_record
TN:
SF:..\..\frontend\src\components\common\Icon.vue
FN:45,(anonymous_0)
FNF:1
FNH:1
FNDA:2465,(anonymous_0)
DA:46,2465
LF:1
LH:1
BRF:0
BRH:0
end_of_record
TN:
SF:..\..\frontend\src\components\common\LiftChart.vue
FN:38,(anonymous_0)
FN:41,(anonymous_1)
FNF:2
FNH:2
FNDA:1,(anonymous_0)
FNDA:1,(anonymous_1)
DA:39,1
DA:42,1
LF:2
LH:2
BRDA:39,0,0,0
BRDA:39,0,1,1
BRF:2
BRH:1
end_of_record
TN:
SF:..\..\frontend\src\components\common\LookAlikeSlider.vue
FN:43,(anonymous_0)
FN:46,(anonymous_1)
FN:50,(anonymous_2)
FN:51,(anonymous_3)
FN:56,(anonymous_4)
FNF:5
FNH:3
FNDA:16,(anonymous_0)
FNDA:0,(anonymous_1)
FNDA:16,(anonymous_2)
FNDA:160,(anonymous_3)
FNDA:0,(anonymous_4)
DA:44,16
DA:47,0
DA:51,176
DA:57,0
LF:4
LH:2
BRF:0
BRH:0
end_of_record
TN:
SF:..\..\frontend\src\components\common\Modal.vue
FN:140,(anonymous_0)
FN:147,(anonymous_1)
FN:156,(anonymous_2)
FN:160,(anonymous_3)
FN:169,(anonymous_4)
FN:172,(anonymous_5)
FN:175,(anonymous_6)
FNF:7
FNH:5
FNDA:74,(anonymous_0)
FNDA:0,(anonymous_1)
FNDA:4,(anonymous_2)
FNDA:4,(anonymous_3)
FNDA:2,(anonymous_4)
FNDA:2,(anonymous_5)
FNDA:0,(anonymous_6)
DA:141,74
DA:148,0
DA:149,0
DA:151,0
DA:157,4
DA:161,4
DA:162,4
DA:163,2
DA:170,2
DA:173,2
DA:176,0
LF:11
LH:7
BRDA:148,0,0,0
BRDA:148,0,1,0
BRDA:162,1,0,2
BRDA:162,1,1,2
BRF:4
BRH:2
end_of_record
TN:
SF:..\..\frontend\src\components\common\Observer.vue
FN:8,(anonymous_0)
FN:13,(anonymous_1)
FN:14,(anonymous_2)
FNF:3
FNH:3
FNDA:19,(anonymous_0)
FNDA:19,(anonymous_1)
FNDA:24,(anonymous_2)
DA:9,19
DA:14,19
DA:15,24
DA:16,2
DA:19,19
LF:5
LH:5
BRDA:15,0,0,2
BRDA:15,0,1,22
BRDA:15,1,0,24
BRDA:15,1,1,24
BRF:4
BRH:4
end_of_record
TN:
SF:..\..\frontend\src\components\common\SVG.vue
FN:54,(anonymous_0)
FN:61,(anonymous_1)
FN:76,(anonymous_2)
FN:77,(anonymous_3)
FN:94,(anonymous_4)
FN:95,(anonymous_5)
FNF:6
FNH:6
FNDA:3828,(anonymous_0)
FNDA:3832,(anonymous_1)
FNDA:72,(anonymous_2)
FNDA:65,(anonymous_3)
FNDA:3828,(anonymous_4)
FNDA:3610,(anonymous_5)
DA:55,3828
DA:62,3832
DA:64,7664
DA:65,7664
DA:66,4528
DA:67,7664
DA:68,3835
DA:69,7664
DA:71,3832
DA:77,137
DA:95,7438
LF:11
LH:11
BRDA:64,0,0,3832
BRDA:64,0,1,0
BRDA:65,1,0,3832
BRDA:65,1,1,0
BRDA:66,2,0,696
BRDA:66,2,1,3136
BRDA:67,3,0,3832
BRDA:67,3,1,0
BRDA:68,4,0,3
BRDA:68,4,1,3829
BRDA:69,5,0,3832
BRDA:69,5,1,0
BRF:12
BRH:8
end_of_record
TN:
SF:..\..\frontend\src\components\common\Select.vue
FN:67,(anonymous_0)
FN:69,(anonymous_1)
FN:70,(anonymous_2)
FN:77,(anonymous_3)
FNF:4
FNH:3
FNDA:4,(anonymous_0)
FNDA:8,(anonymous_1)
FNDA:0,(anonymous_2)
FNDA:10,(anonymous_3)
DA:68,4
DA:69,8
DA:71,0
DA:72,0
DA:76,4
DA:77,10
DA:80,4
LF:7
LH:5
BRF:0
BRH:0
end_of_record
TN:
SF:..\..\frontend\src\components\common\SelectDate.vue
FN:72,(anonymous_0)
FN:74,(anonymous_1)
FN:75,(anonymous_2)
FN:82,(anonymous_3)
FN:86,(anonymous_4)
FN:94,(anonymous_5)
FN:133,(anonymous_6)
FN:152,onChange
FN:167,(anonymous_8)
FNF:9
FNH:5
FNDA:2,(anonymous_0)
FNDA:4,(anonymous_1)
FNDA:0,(anonymous_2)
FNDA:0,(anonymous_3)
FNDA:0,(anonymous_4)
FNDA:5,(anonymous_5)
FNDA:5,(anonymous_6)
FNDA:0,onChange
FNDA:2,(anonymous_8)
DA:73,2
DA:74,4
DA:76,0
DA:77,0
DA:81,2
DA:82,0
DA:85,2
DA:86,0
DA:89,2
DA:91,2
DA:93,2
DA:97,5
DA:98,2
DA:99,2
DA:101,2
DA:104,1
DA:105,0
DA:108,1
DA:114,2
DA:117,1
DA:118,0
DA:121,1
DA:128,5
DA:132,2
DA:136,5
DA:137,2
DA:143,5
DA:155,0
DA:156,0
DA:158,0
DA:167,2
DA:168,2
DA:169,2
DA:170,2
DA:174,2
LF:35
LH:26
BRDA:97,0,0,2
BRDA:97,0,1,3
BRDA:97,1,0,5
BRDA:97,1,1,3
BRDA:101,2,0,1
BRDA:101,2,1,1
BRDA:104,3,0,0
BRDA:104,3,1,1
BRDA:114,4,0,1
BRDA:114,4,1,1
BRDA:117,5,0,0
BRDA:117,5,1,1
BRDA:136,6,0,2
BRDA:136,6,1,3
BRDA:136,7,0,5
BRDA:136,7,1,3
BRDA:155,8,0,0
BRDA:155,8,1,0
BRDA:155,9,0,0
BRDA:155,9,1,0
BRDA:168,10,0,2
BRDA:168,10,1,0
BRF:22
BRH:15
end_of_record
TN:
SF:..\..\frontend\src\components\common\Status.vue
FN:522,(anonymous_0)
FNF:1
FNH:1
FNDA:671,(anonymous_0)
DA:523,671
LF:1
LH:1
BRF:0
BRH:0
end_of_record
TN:
SF:..\..\frontend\src\components\common\Switch.vue
FN:24,(anonymous_0)
FN:58,(anonymous_1)
FN:61,(anonymous_2)
FN:65,(anonymous_3)
FN:67,(anonymous_4)
FN:70,(anonymous_5)
FN:83,(anonymous_6)
FN:86,(anonymous_7)
FNF:8
FNH:5
FNDA:2,(anonymous_0)
FNDA:32,(anonymous_1)
FNDA:0,(anonymous_2)
FNDA:32,(anonymous_3)
FNDA:64,(anonymous_4)
FNDA:32,(anonymous_5)
FNDA:0,(anonymous_6)
FNDA:0,(anonymous_7)
DA:24,2
DA:59,32
DA:62,0
DA:66,32
DA:67,64
DA:71,32
DA:84,0
DA:87,0
LF:8
LH:5
BRDA:72,0,0,0
BRDA:72,0,1,32
BRDA:75,1,0,0
BRDA:75,1,1,32
BRF:4
BRH:2
end_of_record
TN:
SF:..\..\frontend\src\components\common\TableFiltersBar.vue
FN:83,(anonymous_0)
FN:87,(anonymous_1)
FN:94,(anonymous_2)
FN:100,(anonymous_3)
FN:101,(anonymous_4)
FN:108,(anonymous_5)
FN:114,(anonymous_6)
FN:118,(anonymous_7)
FN:121,(anonymous_8)
FNF:9
FNH:1
FNDA:0,(anonymous_0)
FNDA:4,(anonymous_1)
FNDA:0,(anonymous_2)
FNDA:0,(anonymous_3)
FNDA:0,(anonymous_4)
FNDA:0,(anonymous_5)
FNDA:0,(anonymous_6)
FNDA:0,(anonymous_7)
FNDA:0,(anonymous_8)
DA:83,0
DA:88,4
DA:95,0
DA:96,0
DA:97,0
DA:101,0
DA:102,0
DA:104,0
DA:105,0
DA:109,0
DA:110,0
DA:115,0
DA:119,0
DA:120,0
DA:121,0
DA:123,0
LF:16
LH:1
BRDA:109,0,0,0
BRDA:109,0,1,0
BRF:2
BRH:0
end_of_record
TN:
SF:..\..\frontend\src\components\common\TextField.vue
FN:103,(anonymous_0)
FN:113,(anonymous_1)
FN:116,(anonymous_2)
FN:123,(anonymous_3)
FNF:4
FNH:4
FNDA:9,(anonymous_0)
FNDA:214,(anonymous_1)
FNDA:197,(anonymous_2)
FNDA:197,(anonymous_3)
DA:103,9
DA:114,214
DA:117,197
DA:124,197
LF:4
LH:4
BRDA:114,0,0,214
BRDA:114,0,1,39
BRF:2
BRH:2
end_of_record
TN:
SF:..\..\frontend\src\components\common\TipsMenu.vue
FN:90,(anonymous_0)
FNF:1
FNH:1
FNDA:4,(anonymous_0)
DA:91,4
LF:1
LH:1
BRF:0
BRH:0
end_of_record
TN:
SF:..\..\frontend\src\components\common\huxButton.vue
FN:128,(anonymous_0)
FN:135,(anonymous_1)
FN:138,(anonymous_2)
FN:143,(anonymous_3)
FN:147,(anonymous_4)
FN:153,(anonymous_5)
FNF:6
FNH:4
FNDA:658,(anonymous_0)
FNDA:658,(anonymous_1)
FNDA:0,(anonymous_2)
FNDA:23,(anonymous_3)
FNDA:0,(anonymous_4)
FNDA:27,(anonymous_5)
DA:129,658
DA:136,658
DA:139,0
DA:144,23
DA:145,0
DA:146,0
DA:147,0
DA:148,0
DA:154,27
DA:155,27
LF:10
LH:5
BRDA:144,0,0,0
BRDA:144,0,1,23
BRF:2
BRH:1
end_of_record
TN:
SF:..\..\frontend\src\components\common\Cards\DescriptiveCard.vue
FN:175,(anonymous_0)
FNF:1
FNH:1
FNDA:57,(anonymous_0)
LF:0
LH:0
BRF:0
BRH:0
end_of_record
TN:
SF:..\..\frontend\src\components\common\Cards\PlainCard.vue
FN:109,(anonymous_0)
FN:134,(anonymous_1)
FNF:2
FNH:2
FNDA:74,(anonymous_0)
FNDA:2,(anonymous_1)
DA:135,2
LF:1
LH:1
BRF:0
BRH:0
end_of_record
TN:
SF:..\..\frontend\src\components\common\Charts\BarChart\BarChart.vue
FN:29,(anonymous_0)
FN:41,(anonymous_1)
FN:57,(anonymous_2)
FN:67,(anonymous_3)
FN:89,(anonymous_4)
FN:90,(anonymous_5)
FN:98,(anonymous_6)
FN:115,(anonymous_7)
FN:122,(anonymous_8)
FN:125,(anonymous_9)
FN:127,(anonymous_10)
FN:142,(anonymous_11)
FN:194,(anonymous_12)
FN:222,(anonymous_13)
FN:225,(anonymous_14)
FN:227,(anonymous_15)
FN:228,(anonymous_16)
FN:229,(anonymous_17)
FN:231,(anonymous_18)
FN:232,(anonymous_19)
FN:235,(anonymous_20)
FN:237,(anonymous_21)
FN:238,(anonymous_22)
FN:246,(anonymous_23)
FN:249,(anonymous_24)
FN:253,(anonymous_25)
FN:287,(anonymous_26)
FN:301,(anonymous_27)
FN:305,(anonymous_28)
FNF:29
FNH:18
FNDA:0,(anonymous_0)
FNDA:1,(anonymous_1)
FNDA:1,(anonymous_2)
FNDA:1,(anonymous_3)
FNDA:1,(anonymous_4)
FNDA:24,(anonymous_5)
FNDA:24,(anonymous_6)
FNDA:24,(anonymous_7)
FNDA:24,(anonymous_8)
FNDA:24,(anonymous_9)
FNDA:129,(anonymous_10)
FNDA:5,(anonymous_11)
FNDA:1,(anonymous_12)
FNDA:1,(anonymous_13)
FNDA:24,(anonymous_14)
FNDA:0,(anonymous_15)
FNDA:0,(anonymous_16)
FNDA:24,(anonymous_17)
FNDA:24,(anonymous_18)
FNDA:24,(anonymous_19)
FNDA:24,(anonymous_20)
FNDA:0,(anonymous_21)
FNDA:0,(anonymous_22)
FNDA:0,(anonymous_23)
FNDA:0,(anonymous_24)
FNDA:0,(anonymous_25)
FNDA:0,(anonymous_26)
FNDA:0,(anonymous_27)
FNDA:0,(anonymous_28)
DA:30,0
DA:42,1
DA:58,1
DA:59,1
DA:68,1
DA:69,1
DA:70,1
DA:71,1
DA:72,1
DA:73,1
DA:74,1
DA:75,1
DA:77,1
DA:85,1
DA:87,1
DA:89,1
DA:90,1
DA:91,24
DA:92,24
DA:96,1
DA:98,24
DA:100,1
DA:102,1
DA:109,1
DA:115,24
DA:121,1
DA:122,24
DA:125,1
DA:126,24
DA:127,129
DA:129,24
DA:130,1
DA:132,23
DA:133,0
DA:135,23
DA:142,1
DA:143,5
DA:145,1
DA:158,1
DA:172,1
DA:183,1
DA:187,1
DA:189,1
DA:195,1
DA:196,1
DA:198,0
DA:202,1
DA:203,1
DA:204,1
DA:208,1
DA:209,1
DA:211,1
DA:218,1
DA:220,1
DA:222,1
DA:225,24
DA:227,0
DA:228,0
DA:229,24
DA:231,24
DA:232,24
DA:235,24
DA:237,1
DA:238,0
DA:239,0
DA:240,0
DA:244,1
DA:246,1
DA:247,0
DA:248,0
DA:249,0
DA:250,0
DA:253,1
DA:254,0
DA:255,0
DA:256,0
DA:257,0
DA:258,0
DA:259,0
DA:260,0
DA:261,0
DA:263,0
DA:271,0
DA:278,0
DA:287,1
DA:288,0
DA:301,1
DA:302,0
DA:306,0
LF:89
LH:63
BRDA:100,0,0,0
BRDA:100,0,1,1
BRDA:113,1,0,0
BRDA:113,1,1,1
BRDA:122,2,0,24
BRDA:122,2,1,6
BRDA:129,3,0,1
BRDA:129,3,1,23
BRDA:129,4,0,24
BRDA:129,4,1,6
BRDA:129,4,2,1
BRDA:132,5,0,0
BRDA:132,5,1,23
BRDA:132,6,0,23
BRDA:132,6,1,5
BRDA:135,7,0,5
BRDA:135,7,1,18
BRDA:136,8,0,0
BRDA:136,8,1,5
BRDA:143,9,0,0
BRDA:143,9,1,5
BRDA:195,10,0,1
BRDA:195,10,1,0
BRDA:218,11,0,0
BRDA:218,11,1,1
BRDA:226,12,0,0
BRDA:226,12,1,1
BRF:27
BRH:19
end_of_record
TN:
SF:..\..\frontend\src\components\common\Charts\DensityChart\HuxDensityChart.vue
FN:38,(anonymous_0)
FN:52,(anonymous_1)
FN:60,(anonymous_2)
FN:71,(anonymous_3)
FN:82,(anonymous_4)
FN:87,(anonymous_5)
FN:103,(anonymous_6)
FN:156,(anonymous_7)
FN:160,(anonymous_8)
FNF:9
FNH:0
FNDA:0,(anonymous_0)
FNDA:0,(anonymous_1)
FNDA:0,(anonymous_2)
FNDA:0,(anonymous_3)
FNDA:0,(anonymous_4)
FNDA:0,(anonymous_5)
FNDA:0,(anonymous_6)
FNDA:0,(anonymous_7)
FNDA:0,(anonymous_8)
DA:39,0
DA:53,0
DA:61,0
DA:65,0
DA:72,0
DA:76,0
DA:83,0
DA:88,0
DA:89,0
DA:91,0
DA:92,0
DA:93,0
DA:94,0
DA:97,0
DA:103,0
DA:106,0
DA:112,0
DA:117,0
DA:122,0
DA:128,0
DA:134,0
DA:140,0
DA:147,0
DA:157,0
DA:161,0
LF:25
LH:0
BRDA:125,0,0,0
BRDA:125,0,1,0
BRDA:131,1,0,0
BRDA:131,1,1,0
BRDA:137,2,0,0
BRDA:137,2,1,0
BRDA:143,3,0,0
BRDA:143,3,1,0
BRF:8
BRH:0
end_of_record
TN:
SF:..\..\frontend\src\components\common\Charts\DomainChart\DomainChart.vue
FN:26,(anonymous_0)
FN:38,(anonymous_1)
FN:49,(anonymous_2)
FN:58,(anonymous_3)
FN:70,(anonymous_4)
FN:97,(anonymous_5)
FN:102,(anonymous_6)
FN:104,(anonymous_7)
FN:111,(anonymous_8)
FN:119,(anonymous_9)
FN:133,(anonymous_10)
FN:139,(anonymous_11)
FN:141,(anonymous_12)
FN:171,(anonymous_13)
FN:215,(anonymous_14)
FN:218,(anonymous_15)
FN:219,(anonymous_16)
FN:224,(anonymous_17)
FN:225,(anonymous_18)
FN:226,(anonymous_19)
FN:236,(anonymous_20)
FN:254,(anonymous_21)
FN:255,(anonymous_22)
FN:271,(anonymous_23)
FN:272,(anonymous_24)
FN:274,(anonymous_25)
FN:281,(anonymous_26)
FN:293,(anonymous_27)
FN:305,(anonymous_28)
FN:347,(anonymous_29)
FNF:30
FNH:22
FNDA:0,(anonymous_0)
FNDA:6,(anonymous_1)
FNDA:6,(anonymous_2)
FNDA:36,(anonymous_3)
FNDA:6,(anonymous_4)
FNDA:2790,(anonymous_5)
FNDA:6,(anonymous_6)
FNDA:30,(anonymous_7)
FNDA:558,(anonymous_8)
FNDA:93,(anonymous_9)
FNDA:15,(anonymous_10)
FNDA:6,(anonymous_11)
FNDA:558,(anonymous_12)
FNDA:18,(anonymous_13)
FNDA:6,(anonymous_14)
FNDA:558,(anonymous_15)
FNDA:558,(anonymous_16)
FNDA:558,(anonymous_17)
FNDA:558,(anonymous_18)
FNDA:558,(anonymous_19)
FNDA:6,(anonymous_20)
FNDA:558,(anonymous_21)
FNDA:558,(anonymous_22)
FNDA:0,(anonymous_23)
FNDA:0,(anonymous_24)
FNDA:0,(anonymous_25)
FNDA:0,(anonymous_26)
FNDA:0,(anonymous_27)
FNDA:0,(anonymous_28)
FNDA:0,(anonymous_29)
DA:27,0
DA:39,6
DA:50,6
DA:51,6
DA:59,36
DA:61,6
DA:63,30
DA:65,0
DA:67,0
DA:71,6
DA:73,6
DA:74,6
DA:75,6
DA:79,6
DA:80,6
DA:81,6
DA:82,6
DA:83,6
DA:84,6
DA:86,6
DA:88,6
DA:97,6
DA:98,2790
DA:101,6
DA:102,7
DA:104,35
DA:107,6
DA:111,558
DA:115,6
DA:116,1
DA:119,93
DA:122,5
DA:129,6
DA:133,15
DA:135,6
DA:137,6
DA:139,6
DA:140,6
DA:141,6
DA:142,558
DA:143,558
DA:144,558
DA:149,6
DA:152,6
DA:161,6
DA:172,18
DA:177,6
DA:193,6
DA:194,6
DA:195,6
DA:199,6
DA:200,6
DA:203,6
DA:207,6
DA:213,6
DA:215,6
DA:216,6
DA:218,558
DA:219,558
DA:222,6
DA:224,558
DA:225,558
DA:226,558
DA:228,6
DA:236,6
DA:238,6
DA:247,6
DA:254,558
DA:255,558
DA:259,6
DA:265,6
DA:271,0
DA:272,0
DA:274,6
DA:275,0
DA:276,0
DA:277,0
DA:278,0
DA:281,6
DA:282,0
DA:283,0
DA:284,0
DA:285,0
DA:287,0
DA:289,0
DA:290,0
DA:291,0
DA:292,0
DA:293,0
DA:296,0
DA:297,0
DA:305,0
DA:306,0
DA:307,0
DA:308,0
DA:309,0
DA:321,0
DA:334,0
DA:335,0
DA:337,0
DA:338,0
DA:340,0
DA:342,0
DA:343,0
DA:348,0
LF:105
LH:70
BRDA:59,0,0,6
BRDA:59,0,1,30
BRDA:59,0,2,0
BRDA:59,0,3,0
BRDA:73,1,0,6
BRDA:73,1,1,0
BRDA:76,2,0,6
BRDA:76,2,1,0
BRDA:101,3,0,1
BRDA:101,3,1,5
BRDA:115,4,0,1
BRDA:115,4,1,5
BRDA:172,5,0,12
BRDA:172,5,1,6
BRDA:218,6,0,0
BRDA:218,6,1,6
BRDA:219,7,0,0
BRDA:219,7,1,6
BRDA:296,8,0,0
BRDA:296,8,1,0
BRDA:306,9,0,0
BRDA:306,9,1,0
BRDA:334,10,0,0
BRDA:334,10,1,0
BRDA:334,11,0,0
BRDA:334,11,1,0
BRDA:337,12,0,0
BRDA:337,12,1,0
BRDA:337,13,0,0
BRDA:337,13,1,0
BRDA:341,14,0,0
BRDA:341,14,1,0
BRF:32
BRH:12
end_of_record
TN:
SF:..\..\frontend\src\components\common\Charts\DriftChart\DriftChart.vue
FN:75,(anonymous_0)
FN:82,(anonymous_1)
FN:109,(anonymous_2)
FN:116,(anonymous_3)
FN:130,(anonymous_4)
FN:143,(anonymous_5)
FN:152,(anonymous_6)
FN:157,(anonymous_7)
FN:161,(anonymous_8)
FN:165,(anonymous_9)
FN:190,(anonymous_10)
FN:191,(anonymous_11)
FN:196,(anonymous_12)
FN:198,(anonymous_13)
FN:260,(anonymous_14)
FN:295,(anonymous_15)
FN:344,(anonymous_16)
FN:352,(anonymous_17)
FN:360,(anonymous_18)
FN:362,(anonymous_19)
FN:365,(anonymous_20)
FN:375,(anonymous_21)
FNF:22
FNH:13
FNDA:12,(anonymous_0)
FNDA:0,(anonymous_1)
FNDA:1,(anonymous_2)
FNDA:0,(anonymous_3)
FNDA:1,(anonymous_4)
FNDA:1,(anonymous_5)
FNDA:1,(anonymous_6)
FNDA:2,(anonymous_7)
FNDA:8,(anonymous_8)
FNDA:0,(anonymous_9)
FNDA:8,(anonymous_10)
FNDA:8,(anonymous_11)
FNDA:8,(anonymous_12)
FNDA:8,(anonymous_13)
FNDA:12,(anonymous_14)
FNDA:2,(anonymous_15)
FNDA:0,(anonymous_16)
FNDA:0,(anonymous_17)
FNDA:0,(anonymous_18)
FNDA:0,(anonymous_19)
FNDA:0,(anonymous_20)
FNDA:0,(anonymous_21)
DA:76,12
DA:83,0
DA:110,1
DA:117,0
DA:131,1
DA:144,1
DA:145,1
DA:153,1
DA:158,2
DA:159,2
DA:161,10
DA:163,2
DA:165,0
DA:168,2
DA:175,2
DA:181,2
DA:188,2
DA:190,8
DA:191,8
DA:194,2
DA:196,8
DA:198,8
DA:201,2
DA:204,2
DA:205,2
DA:206,2
DA:219,0
DA:220,0
DA:234,0
DA:250,2
DA:260,12
DA:263,2
DA:264,2
DA:268,2
DA:269,2
DA:275,2
DA:286,2
DA:294,2
DA:295,4
DA:299,2
DA:300,2
DA:303,2
DA:305,2
DA:307,2
DA:312,2
DA:318,2
DA:321,2
DA:325,2
DA:332,2
DA:345,0
DA:346,0
DA:347,0
DA:348,0
DA:349,0
DA:350,0
DA:353,0
DA:354,0
DA:355,0
DA:356,0
DA:357,0
DA:358,0
DA:360,0
DA:362,2
DA:363,0
DA:365,2
DA:366,0
DA:367,0
DA:371,0
DA:372,0
DA:374,0
DA:375,0
DA:378,0
DA:379,0
DA:380,0
DA:382,0
DA:389,0
DA:396,0
DA:401,0
DA:403,0
DA:404,0
DA:405,0
LF:81
LH:45
BRDA:163,0,0,2
BRDA:163,0,1,0
BRDA:205,1,0,2
BRDA:205,1,1,0
BRDA:214,2,0,2
BRDA:214,2,1,0
BRDA:219,3,0,0
BRDA:219,3,1,0
BRDA:228,4,0,0
BRDA:228,4,1,0
BRDA:242,5,0,0
BRDA:242,5,1,0
BRDA:258,6,0,2
BRDA:258,6,1,0
BRDA:263,7,0,2
BRDA:263,7,1,0
BRDA:268,8,0,2
BRDA:268,8,1,0
BRDA:294,9,0,2
BRDA:294,9,1,0
BRDA:321,10,0,2
BRDA:321,10,1,0
BRDA:338,11,0,2
BRDA:338,11,1,0
BRDA:378,12,0,0
BRDA:378,12,1,0
BRDA:402,13,0,0
BRDA:402,13,1,0
BRF:28
BRH:9
end_of_record
TN:
SF:..\..\frontend\src\components\common\Charts\LineAreaChart\LineAreaChart.vue
FN:26,(anonymous_0)
FN:34,(anonymous_1)
FN:49,(anonymous_2)
FN:58,(anonymous_3)
FN:78,(anonymous_4)
FN:81,(anonymous_5)
FN:88,(anonymous_6)
FN:94,(anonymous_7)
FN:101,(anonymous_8)
FN:103,(anonymous_9)
FN:183,(anonymous_10)
FN:186,(anonymous_11)
FN:187,(anonymous_12)
FN:192,(anonymous_13)
FN:193,(anonymous_14)
FN:194,(anonymous_15)
FN:204,(anonymous_16)
FN:222,(anonymous_17)
FN:223,(anonymous_18)
FN:239,(anonymous_19)
FN:240,(anonymous_20)
FN:242,(anonymous_21)
FN:249,(anonymous_22)
FN:261,(anonymous_23)
FN:273,(anonymous_24)
FN:314,(anonymous_25)
FNF:26
FNH:18
FNDA:0,(anonymous_0)
FNDA:3,(anonymous_1)
FNDA:5,(anonymous_2)
FNDA:5,(anonymous_3)
FNDA:4625,(anonymous_4)
FNDA:35,(anonymous_5)
FNDA:925,(anonymous_6)
FNDA:925,(anonymous_7)
FNDA:5,(anonymous_8)
FNDA:925,(anonymous_9)
FNDA:5,(anonymous_10)
FNDA:925,(anonymous_11)
FNDA:925,(anonymous_12)
FNDA:925,(anonymous_13)
FNDA:925,(anonymous_14)
FNDA:925,(anonymous_15)
FNDA:5,(anonymous_16)
FNDA:925,(anonymous_17)
FNDA:925,(anonymous_18)
FNDA:0,(anonymous_19)
FNDA:0,(anonymous_20)
FNDA:0,(anonymous_21)
FNDA:0,(anonymous_22)
FNDA:0,(anonymous_23)
FNDA:0,(anonymous_24)
FNDA:0,(anonymous_25)
DA:27,0
DA:35,3
DA:50,5
DA:51,5
DA:59,5
DA:60,5
DA:61,5
DA:62,5
DA:63,5
DA:64,5
DA:65,5
DA:67,5
DA:69,5
DA:78,5
DA:79,4625
DA:81,5
DA:82,35
DA:84,5
DA:88,925
DA:91,5
DA:94,925
DA:97,5
DA:99,5
DA:101,5
DA:102,5
DA:103,5
DA:104,925
DA:105,925
DA:106,925
DA:111,5
DA:114,5
DA:128,5
DA:137,5
DA:151,5
DA:167,5
DA:168,5
DA:169,5
DA:173,5
DA:174,5
DA:177,5
DA:181,5
DA:183,5
DA:184,5
DA:186,925
DA:187,925
DA:190,5
DA:192,925
DA:193,925
DA:194,925
DA:196,5
DA:204,5
DA:206,5
DA:215,5
DA:222,925
DA:223,925
DA:227,5
DA:233,5
DA:239,0
DA:240,0
DA:242,5
DA:243,0
DA:244,0
DA:245,0
DA:246,0
DA:249,5
DA:250,0
DA:251,0
DA:252,0
DA:254,0
DA:255,0
DA:257,0
DA:258,0
DA:259,0
DA:260,0
DA:261,0
DA:264,0
DA:265,0
DA:273,0
DA:274,0
DA:275,0
DA:276,0
DA:277,0
DA:289,0
DA:303,0
DA:304,0
DA:306,0
DA:308,0
DA:309,0
DA:315,0
LF:89
LH:58
BRDA:186,0,0,0
BRDA:186,0,1,5
BRDA:187,1,0,0
BRDA:187,1,1,5
BRDA:264,2,0,0
BRDA:264,2,1,0
BRDA:274,3,0,0
BRDA:274,3,1,0
BRDA:303,4,0,0
BRDA:303,4,1,0
BRDA:307,5,0,0
BRDA:307,5,1,0
BRF:12
BRH:2
end_of_record
TN:
SF:..\..\frontend\src\components\common\Charts\LineBarChart\LineBarChart.vue
FN:35,(anonymous_0)
FN:47,(anonymous_1)
FN:64,(anonymous_2)
FN:73,(anonymous_3)
FN:77,(anonymous_4)
FN:96,(anonymous_5)
FN:113,(anonymous_6)
FN:114,(anonymous_7)
FN:133,(anonymous_8)
FN:141,(anonymous_9)
FN:146,(anonymous_10)
FN:148,(anonymous_11)
FN:166,(anonymous_12)
FN:169,(anonymous_13)
FN:223,(anonymous_14)
FN:224,(anonymous_15)
FN:257,(anonymous_16)
FN:260,(anonymous_17)
FN:265,(anonymous_18)
FN:266,(anonymous_19)
FN:269,(anonymous_20)
FN:270,(anonymous_21)
FN:271,(anonymous_22)
FN:273,(anonymous_23)
FN:274,(anonymous_24)
FN:277,(anonymous_25)
FN:286,(anonymous_26)
FN:288,(anonymous_27)
FN:289,(anonymous_28)
FN:302,(anonymous_29)
FN:306,(anonymous_30)
FN:310,(anonymous_31)
FN:375,(anonymous_32)
FN:386,(anonymous_33)
FN:410,(anonymous_34)
FN:419,(anonymous_35)
FNF:36
FNH:23
FNDA:0,(anonymous_0)
FNDA:1,(anonymous_1)
FNDA:1,(anonymous_2)
FNDA:0,(anonymous_3)
FNDA:1,(anonymous_4)
FNDA:4,(anonymous_5)
FNDA:1,(anonymous_6)
FNDA:14,(anonymous_7)
FNDA:14,(anonymous_8)
FNDA:14,(anonymous_9)
FNDA:14,(anonymous_10)
FNDA:50,(anonymous_11)
FNDA:4,(anonymous_12)
FNDA:6,(anonymous_13)
FNDA:14,(anonymous_14)
FNDA:14,(anonymous_15)
FNDA:1,(anonymous_16)
FNDA:14,(anonymous_17)
FNDA:14,(anonymous_18)
FNDA:14,(anonymous_19)
FNDA:0,(anonymous_20)
FNDA:0,(anonymous_21)
FNDA:14,(anonymous_22)
FNDA:14,(anonymous_23)
FNDA:14,(anonymous_24)
FNDA:14,(anonymous_25)
FNDA:1,(anonymous_26)
FNDA:0,(anonymous_27)
FNDA:0,(anonymous_28)
FNDA:0,(anonymous_29)
FNDA:0,(anonymous_30)
FNDA:0,(anonymous_31)
FNDA:0,(anonymous_32)
FNDA:0,(anonymous_33)
FNDA:0,(anonymous_34)
FNDA:0,(anonymous_35)
DA:36,0
DA:48,1
DA:65,1
DA:66,1
DA:67,1
DA:74,0
DA:78,1
DA:79,1
DA:80,1
DA:81,1
DA:82,1
DA:83,1
DA:84,1
DA:85,1
DA:86,1
DA:88,1
DA:96,1
DA:97,4
DA:98,1
DA:99,3
DA:100,1
DA:101,2
DA:102,1
DA:104,1
DA:108,1
DA:110,1
DA:111,1
DA:113,1
DA:114,1
DA:115,14
DA:116,14
DA:120,1
DA:127,1
DA:133,14
DA:138,1
DA:141,14
DA:144,1
DA:146,1
DA:147,14
DA:148,50
DA:150,14
DA:151,1
DA:153,13
DA:154,0
DA:156,13
DA:166,1
DA:167,4
DA:169,1
DA:170,6
DA:174,1
DA:187,1
DA:196,1
DA:207,1
DA:216,1
DA:220,1
DA:221,1
DA:223,14
DA:224,14
DA:226,1
DA:234,1
DA:235,1
DA:236,1
DA:240,1
DA:241,1
DA:242,1
DA:243,0
[...]
FN:415,(anonymous_0)
FN:436,(anonymous_1)
FN:445,(anonymous_2)
FN:459,(anonymous_3)
FNF:4
FNH:4
FNDA:1,(anonymous_0)
FNDA:1,(anonymous_1)
FNDA:1,(anonymous_2)
FNDA:1,(anonymous_3)
DA:416,1
DA:437,1
DA:438,1
DA:446,1
DA:447,1
DA:448,1
DA:449,1
DA:450,1
DA:452,1
DA:455,0
DA:457,1
DA:460,1
DA:461,1
DA:462,1
DA:463,1
DA:491,0
LF:16
LH:14
BRDA:449,0,0,1
BRDA:449,0,1,0
BRDA:451,1,0,1
BRDA:451,1,1,0
BRDA:453,2,0,1
BRDA:453,2,1,0
BRDA:462,3,0,1
BRDA:462,3,1,0
BRF:8
BRH:4
end_of_record
TN:
SF:..\..\frontend\src\views\Measurement\EmailDeliverability\Overview.vue
FN:54,(anonymous_0)
FNF:1
FNH:0
FNDA:0,(anonymous_0)
LF:0
LH:0
BRF:0
BRH:0
end_of_record
TN:
SF:..\..\frontend\src\views\Measurement\EmailDeliverability\Domain\Overview.vue
FN:78,(anonymous_0)
FN:81,(anonymous_1)
FNF:2
FNH:2
FNDA:1,(anonymous_0)
FNDA:2,(anonymous_1)
DA:78,1
DA:82,2
LF:2
LH:2
BRF:0
BRH:0
end_of_record
TN:
SF:..\..\frontend\src\views\Models\Dashboard.vue
FN:553,(anonymous_0)
FN:594,(anonymous_1)
FN:597,(anonymous_2)
FN:598,(anonymous_3)
FN:608,(anonymous_4)
FN:617,(anonymous_5)
FN:621,(anonymous_6)
FN:624,(anonymous_7)
FN:627,(anonymous_8)
FN:660,(anonymous_9)
FN:679,(anonymous_10)
FN:682,(anonymous_11)
FN:695,(anonymous_12)
FN:701,(anonymous_13)
FN:710,(anonymous_14)
FN:719,(anonymous_15)
FN:722,(anonymous_16)
FN:731,(anonymous_17)
FN:736,(anonymous_18)
FNF:19
FNH:18
FNDA:1,(anonymous_0)
FNDA:1,(anonymous_1)
FNDA:2,(anonymous_2)
FNDA:4,(anonymous_3)
FNDA:6,(anonymous_4)
FNDA:2,(anonymous_5)
FNDA:1,(anonymous_6)
FNDA:2,(anonymous_7)
FNDA:1,(anonymous_8)
FNDA:1,(anonymous_9)
FNDA:1,(anonymous_10)
FNDA:0,(anonymous_11)
FNDA:1,(anonymous_12)
FNDA:1,(anonymous_13)
FNDA:1,(anonymous_14)
FNDA:2,(anonymous_15)
FNDA:1,(anonymous_16)
FNDA:2,(anonymous_17)
FNDA:1,(anonymous_18)
DA:554,1
DA:595,1
DA:598,2
DA:599,4
DA:600,4
DA:603,4
DA:608,2
DA:609,6
DA:610,6
DA:611,10
DA:612,3
DA:613,1
DA:615,2
DA:618,2
DA:622,1
DA:625,2
DA:628,1
DA:636,1
DA:637,1
DA:650,0
DA:651,0
DA:657,1
DA:661,1
DA:662,1
DA:663,1
DA:664,1
DA:665,1
DA:666,1
DA:667,0
DA:669,1
DA:671,1
DA:672,1
DA:673,1
DA:674,1
DA:675,1
DA:676,1
DA:680,1
DA:683,0
DA:684,0
DA:696,1
DA:697,0
DA:698,0
DA:699,1
DA:702,1
DA:703,1
DA:704,1
DA:706,0
DA:708,1
DA:711,1
DA:712,1
DA:713,1
DA:715,0
DA:717,1
DA:720,2
DA:723,1
DA:724,1
DA:725,1
DA:727,0
DA:729,1
DA:732,2
DA:733,2
DA:737,1
DA:738,1
DA:739,1
DA:741,0
DA:743,1
LF:66
LH:55
BRDA:595,0,0,1
BRDA:595,0,1,0
BRDA:611,1,0,4
BRDA:611,1,1,2
BRDA:612,2,0,1
BRDA:612,2,1,1
BRDA:618,3,0,2
BRDA:618,3,1,0
BRDA:625,4,0,2
BRDA:625,4,1,2
BRDA:636,5,0,1
BRDA:636,5,1,0
BRDA:641,6,0,0
BRDA:641,6,1,1
BRDA:642,7,0,1
BRDA:642,7,1,0
BRDA:650,8,0,0
BRDA:650,8,1,0
BRDA:666,9,0,0
BRDA:666,9,1,1
BRDA:696,10,0,0
BRDA:696,10,1,1
BRDA:732,11,0,2
BRDA:732,11,1,0
BRF:24
BRH:14
end_of_record
TN:
SF:..\..\frontend\src\views\Models\FeaturesTable.vue
FN:75,(anonymous_0)
FNF:1
FNH:1
FNDA:1,(anonymous_0)
DA:76,1
LF:1
LH:1
BRF:0
BRH:0
end_of_record
TN:
SF:..\..\frontend\src\views\Models\Index.vue
FN:216,(anonymous_0)
FN:239,(anonymous_1)
FN:242,(anonymous_2)
FN:244,(anonymous_3)
FN:245,(anonymous_4)
FN:249,(anonymous_5)
FN:250,(anonymous_6)
FN:256,(anonymous_7)
FN:270,(anonymous_8)
FN:282,(anonymous_9)
FN:289,(anonymous_10)
FN:292,(anonymous_11)
FN:296,(anonymous_12)
FN:305,(anonymous_13)
FN:309,(anonymous_14)
FNF:15
FNH:8
FNDA:2,(anonymous_0)
FNDA:0,(anonymous_1)
FNDA:4,(anonymous_2)
FNDA:56,(anonymous_3)
FNDA:20,(anonymous_4)
FNDA:56,(anonymous_5)
FNDA:0,(anonymous_6)
FNDA:2,(anonymous_7)
FNDA:1,(anonymous_8)
FNDA:24,(anonymous_9)
FNDA:0,(anonymous_10)
FNDA:0,(anonymous_11)
FNDA:0,(anonymous_12)
FNDA:0,(anonymous_13)
FNDA:0,(anonymous_14)
DA:217,2
DA:240,0
DA:243,4
DA:244,56
DA:246,20
DA:248,4
DA:249,56
DA:251,0
DA:253,4
DA:257,2
DA:258,2
DA:259,2
DA:261,0
DA:263,2
DA:271,1
DA:272,1
DA:283,24
DA:290,0
DA:293,0
DA:294,0
DA:297,0
DA:298,0
DA:299,0
DA:301,0
DA:303,0
DA:306,0
DA:307,0
DA:310,0
DA:311,0
DA:312,0
LF:30
LH:14
BRDA:240,0,0,0
BRDA:240,0,1,0
BRDA:271,1,0,1
BRDA:271,1,1,0
BRDA:283,2,0,6
BRDA:283,2,1,18
BRDA:284,3,0,24
BRDA:284,3,1,0
BRF:8
BRH:4
end_of_record
TN:
SF:..\..\frontend\src\views\Models\PipelinePerfrmance.vue
FN:353,(anonymous_0)
FN:364,(anonymous_1)
FN:368,(anonymous_2)
FN:376,(anonymous_3)
FNF:4
FNH:0
FNDA:0,(anonymous_0)
FNDA:0,(anonymous_1)
FNDA:0,(anonymous_2)
FNDA:0,(anonymous_3)
DA:354,0
DA:365,0
DA:369,0
DA:377,0
DA:378,0
DA:379,0
DA:381,0
DA:383,0
LF:8
LH:0
BRF:0
BRH:0
end_of_record
TN:
SF:..\..\frontend\src\views\Models\Drawers\Configuration.vue
FN:125,(anonymous_0)
FN:155,(anonymous_1)
FN:158,(anonymous_2)
FN:163,(anonymous_3)
FN:164,(anonymous_4)
FN:174,(anonymous_5)
FN:180,(anonymous_6)
FN:183,(anonymous_7)
FN:192,(anonymous_8)
FN:193,(anonymous_9)
FN:203,(anonymous_10)
FN:209,(anonymous_11)
FN:212,(anonymous_12)
FN:222,(anonymous_13)
FN:225,(anonymous_14)
FN:236,(anonymous_15)
FN:244,(anonymous_16)
FN:247,(anonymous_17)
FN:250,(anonymous_18)
FN:257,(anonymous_19)
FN:261,(anonymous_20)
FNF:21
FNH:13
FNDA:2,(anonymous_0)
FNDA:2,(anonymous_1)
FNDA:0,(anonymous_2)
FNDA:4,(anonymous_3)
FNDA:56,(anonymous_4)
FNDA:4,(anonymous_5)
FNDA:2,(anonymous_6)
FNDA:4,(anonymous_7)
FNDA:4,(anonymous_8)
FNDA:56,(anonymous_9)
FNDA:12,(anonymous_10)
FNDA:10,(anonymous_11)
FNDA:12,(anonymous_12)
FNDA:0,(anonymous_13)
FNDA:0,(anonymous_14)
FNDA:0,(anonymous_15)
FNDA:0,(anonymous_16)
FNDA:0,(anonymous_17)
FNDA:0,(anonymous_18)
FNDA:0,(anonymous_19)
FNDA:56,(anonymous_20)
DA:126,2
DA:156,2
DA:159,0
DA:160,0
DA:164,4
DA:165,56
DA:166,24
DA:167,24
DA:169,56
DA:172,4
DA:175,4
DA:176,4
DA:179,4
DA:181,2
DA:184,4
DA:185,4
DA:188,4
DA:189,4
DA:193,4
DA:194,56
DA:195,32
DA:196,32
DA:198,56
DA:201,4
DA:204,12
DA:205,12
DA:208,4
DA:210,10
DA:213,12
DA:214,12
DA:217,4
DA:218,4
DA:223,0
DA:226,0
DA:227,0
DA:228,0
DA:237,0
DA:238,0
DA:239,0
DA:241,0
DA:245,0
DA:247,0
DA:250,0
DA:251,0
DA:252,0
DA:254,0
DA:255,0
DA:258,0
DA:259,0
DA:262,56
LF:50
LH:31
BRDA:160,0,0,0
BRDA:160,0,1,0
BRDA:165,1,0,24
BRDA:165,1,1,32
BRDA:166,2,0,24
BRDA:166,2,1,4
BRDA:194,3,0,32
BRDA:194,3,1,24
BRDA:195,4,0,32
BRDA:195,4,1,12
BRDA:227,5,0,0
BRDA:227,5,1,0
BRDA:237,6,0,0
BRDA:237,6,1,0
BRDA:262,7,0,36
BRDA:262,7,1,20
BRDA:263,8,0,56
BRDA:263,8,1,0
BRF:18
BRH:11
end_of_record
TN:
SF:..\..\frontend\src\views\Models\Drawers\VersionHistoryDrawer.vue
FN:147,(anonymous_0)
FN:182,(anonymous_1)
FN:188,(anonymous_2)
FN:197,(anonymous_3)
FN:206,(anonymous_4)
FNF:5
FNH:4
FNDA:1,(anonymous_0)
FNDA:1,(anonymous_1)
FNDA:2,(anonymous_2)
FNDA:2,(anonymous_3)
FNDA:0,(anonymous_4)
DA:148,1
DA:183,1
DA:189,2
DA:190,2
DA:191,1
DA:192,1
DA:193,1
DA:194,1
DA:198,2
DA:207,0
DA:208,0
DA:213,0
LF:12
LH:9
BRDA:190,0,0,1
BRDA:190,0,1,1
BRDA:207,1,0,0
BRDA:207,1,1,0
BRF:4
BRH:2
end_of_record
TN:
SF:..\..\frontend\src\views\SegmentPlayground\AttributeRules.vue
FN:273,(anonymous_0)
FN:291,(anonymous_1)
FN:313,(anonymous_2)
FN:317,(anonymous_3)
FN:321,(anonymous_4)
FN:324,(anonymous_5)
FN:329,(anonymous_6)
FN:342,(anonymous_7)
FN:345,(anonymous_8)
FN:349,(anonymous_9)
FN:360,(anonymous_10)
FN:366,(anonymous_11)
FN:375,(anonymous_12)
FN:390,(anonymous_13)
FN:394,(anonymous_14)
FN:403,(anonymous_15)
FN:406,(anonymous_16)
FN:409,(anonymous_17)
FN:421,(anonymous_18)
FN:424,(anonymous_19)
FN:429,(anonymous_20)
FN:445,(anonymous_21)
FN:452,(anonymous_22)
FN:463,(anonymous_23)
FN:473,(anonymous_24)
FN:479,(anonymous_25)
FN:519,(anonymous_26)
FN:526,(anonymous_27)
FN:527,(anonymous_28)
FN:532,(anonymous_29)
FN:581,(anonymous_30)
FN:611,(anonymous_31)
FN:614,(anonymous_32)
FN:617,(anonymous_33)
FN:619,(anonymous_34)
FN:626,(anonymous_35)
FN:640,(anonymous_36)
FN:646,(anonymous_37)
FNF:38
FNH:31
FNDA:0,(anonymous_0)
FNDA:8,(anonymous_1)
FNDA:2,(anonymous_2)
FNDA:8,(anonymous_3)
FNDA:8,(anonymous_4)
FNDA:67,(anonymous_5)
FNDA:8,(anonymous_6)
FNDA:8,(anonymous_7)
FNDA:2,(anonymous_8)
FNDA:22,(anonymous_9)
FNDA:0,(anonymous_10)
FNDA:64,(anonymous_11)
FNDA:38,(anonymous_12)
FNDA:22,(anonymous_13)
FNDA:44,(anonymous_14)
FNDA:176,(anonymous_15)
FNDA:1301,(anonymous_16)
FNDA:242,(anonymous_17)
FNDA:220,(anonymous_18)
FNDA:198,(anonymous_19)
FNDA:10,(anonymous_20)
FNDA:16,(anonymous_21)
FNDA:96,(anonymous_22)
FNDA:0,(anonymous_23)
FNDA:0,(anonymous_24)
FNDA:3,(anonymous_25)
FNDA:1,(anonymous_26)
FNDA:8,(anonymous_27)
FNDA:1,(anonymous_28)
FNDA:3,(anonymous_29)
FNDA:4,(anonymous_30)
FNDA:2,(anonymous_31)
FNDA:2,(anonymous_32)
FNDA:0,(anonymous_33)
FNDA:0,(anonymous_34)
FNDA:0,(anonymous_35)
FNDA:2,(anonymous_36)
FNDA:4,(anonymous_37)
DA:241,6
DA:246,6
DA:273,0
DA:292,8
DA:314,2
DA:318,8
DA:322,8
DA:324,67
DA:330,8
DA:331,8
DA:332,8
DA:333,8
DA:334,8
DA:335,3
DA:337,8
DA:339,8
DA:343,8
DA:346,2
DA:350,22
DA:361,0
DA:362,0
DA:364,0
DA:367,64
DA:368,0
DA:369,0
DA:376,38
DA:391,22
DA:392,22
DA:393,22
DA:394,22
DA:395,44
DA:396,44
DA:397,44
DA:401,44
DA:402,44
DA:404,176
DA:405,176
DA:406,1301
DA:408,176
DA:409,44
DA:410,242
DA:411,242
DA:413,242
DA:416,242
DA:417,176
DA:418,176
DA:421,264
DA:422,44
DA:424,22
DA:425,198
DA:427,0
DA:430,10
DA:438,0
DA:439,10
DA:440,0
DA:442,10
DA:447,16
DA:451,16
DA:453,96
DA:454,32
DA:461,0
DA:462,0
DA:464,0
DA:465,0
DA:473,0
DA:480,3
DA:481,3
DA:482,3
DA:484,3
DA:485,3
DA:486,3
DA:487,0
DA:488,0
DA:490,3
DA:491,3
DA:493,3
DA:507,3
DA:508,3
DA:512,3
DA:513,3
DA:515,0
DA:516,0
DA:520,1
DA:521,1
DA:522,1
DA:527,8
DA:528,1
DA:533,3
DA:534,3
DA:535,3
DA:538,3
DA:539,3
DA:540,3
DA:541,3
DA:542,3
DA:543,3
DA:544,3
DA:545,0
DA:546,0
DA:548,3
DA:549,3
DA:551,3
DA:552,2
DA:559,3
DA:563,3
DA:565,3
DA:566,3
DA:570,3
DA:571,3
DA:572,3
DA:573,3
DA:575,0
DA:576,0
DA:577,0
DA:582,4
DA:583,4
DA:584,4
DA:585,2
DA:586,2
DA:587,0
DA:591,0
DA:592,0
DA:593,0
DA:596,2
DA:597,2
DA:598,2
DA:599,2
DA:600,2
DA:601,2
DA:602,2
DA:603,2
DA:604,2
DA:605,2
DA:606,2
DA:607,2
DA:608,2
DA:612,2
DA:613,2
DA:614,4
DA:615,4
DA:618,0
DA:619,0
DA:620,0
DA:622,0
DA:624,0
DA:627,0
DA:629,0
DA:631,0
DA:635,0
DA:637,0
DA:641,2
DA:642,2
DA:643,2
DA:644,2
DA:647,4
DA:648,2
DA:649,0
DA:653,0
DA:654,0
DA:655,0
DA:656,0
DA:657,0
DA:658,0
DA:659,0
DA:660,0
DA:661,0
DA:662,0
DA:667,4
DA:668,2
DA:669,0
DA:670,2
DA:671,0
DA:673,2
DA:674,2
LF:174
LH:124
BRDA:334,0,0,3
BRDA:334,0,1,5
BRDA:361,1,0,0
BRDA:361,1,1,0
BRDA:367,2,0,0
BRDA:367,2,1,64
BRDA:368,3,0,0
BRDA:368,3,1,0
BRDA:376,4,0,32
BRDA:376,4,1,6
BRDA:391,5,0,22
BRDA:391,5,1,0
BRDA:396,6,0,22
BRDA:396,6,1,22
BRDA:408,7,0,44
BRDA:408,7,1,132
BRDA:412,8,0,133
BRDA:412,8,1,109
BRDA:416,9,0,66
BRDA:416,9,1,110
BRDA:430,10,0,0
BRDA:430,10,1,10
BRDA:439,11,0,0
BRDA:439,11,1,10
BRDA:447,12,0,16
BRDA:447,12,1,0
BRDA:448,13,0,16
BRDA:448,13,1,0
BRDA:453,14,0,32
BRDA:453,14,1,64
BRDA:461,15,0,0
BRDA:461,15,1,0
BRDA:464,16,0,0
BRDA:464,16,1,0
BRDA:479,17,0,2
BRDA:481,18,0,3
BRDA:481,18,1,0
BRDA:486,19,0,0
BRDA:486,19,1,3
BRDA:521,20,0,1
BRDA:521,20,1,0
BRDA:539,21,0,3
BRDA:539,21,1,0
BRDA:544,22,0,0
BRDA:544,22,1,3
BRDA:551,23,0,2
BRDA:551,23,1,1
BRDA:584,24,0,2
BRDA:584,24,1,2
BRDA:586,25,0,0
BRDA:586,25,1,2
BRDA:588,26,0,0
BRDA:588,26,1,0
BRDA:589,27,0,0
BRDA:589,27,1,0
BRDA:591,28,0,0
BRDA:591,28,1,0
BRDA:604,29,0,2
BRDA:604,29,1,0
BRDA:615,30,0,2
BRDA:615,30,1,0
BRDA:618,31,0,0
BRDA:618,31,1,0
BRDA:627,32,0,0
BRDA:627,32,1,0
BRDA:627,32,2,0
BRDA:627,32,3,0
BRDA:627,32,4,0
BRDA:627,32,5,0
BRDA:647,33,0,2
BRDA:647,33,1,2
BRDA:647,34,0,4
BRDA:647,34,1,2
BRDA:648,35,0,0
BRDA:648,35,1,2
BRDA:648,36,0,2
BRDA:648,36,1,2
BRDA:650,37,0,0
BRDA:650,37,1,0
BRDA:654,38,0,0
BRDA:654,38,1,0
BRDA:654,39,0,0
BRDA:654,39,1,0
BRDA:657,40,0,0
BRDA:657,40,1,0
BRDA:660,41,0,0
BRDA:660,41,1,0
BRDA:667,42,0,2
BRDA:667,42,1,2
BRDA:667,43,0,4
BRDA:667,43,1,2
BRDA:667,43,2,2
BRDA:668,44,0,0
BRDA:668,44,1,2
BRDA:670,45,0,0
BRDA:670,45,1,2
BRF:96
BRH:47
end_of_record
TN:
SF:..\..\frontend\src\views\SegmentPlayground\Geography.vue
FN:64,(anonymous_0)
FN:72,(anonymous_1)
FNF:2
FNH:1
FNDA:0,(anonymous_0)
FNDA:3,(anonymous_1)
DA:73,3
LF:1
LH:1
BRF:0
BRH:0
end_of_record
TN:
SF:..\..\frontend\src\views\SegmentPlayground\Index.vue
FN:259,(anonymous_0)
FN:339,(anonymous_1)
FN:342,(anonymous_2)
FN:356,(anonymous_3)
FN:362,(anonymous_4)
FN:370,(anonymous_5)
FN:405,(anonymous_6)
FN:412,(anonymous_7)
FN:416,(anonymous_8)
FN:427,(anonymous_9)
FN:475,(anonymous_10)
FN:488,(anonymous_11)
FN:504,(anonymous_12)
FN:507,(anonymous_13)
FN:514,(anonymous_14)
FN:519,(anonymous_15)
FN:525,(anonymous_16)
FN:528,(anonymous_17)
FN:535,(anonymous_18)
FN:544,(anonymous_19)
FN:545,(anonymous_20)
FN:553,(anonymous_21)
FN:562,(anonymous_22)
FNF:23
FNH:9
FNDA:3,(anonymous_0)
FNDA:9,(anonymous_1)
FNDA:3,(anonymous_2)
FNDA:3,(anonymous_3)
FNDA:0,(anonymous_4)
FNDA:3,(anonymous_5)
FNDA:0,(anonymous_6)
FNDA:6,(anonymous_7)
FNDA:2,(anonymous_8)
FNDA:0,(anonymous_9)
FNDA:0,(anonymous_10)
FNDA:0,(anonymous_11)
FNDA:0,(anonymous_12)
FNDA:0,(anonymous_13)
FNDA:3,(anonymous_14)
FNDA:3,(anonymous_15)
FNDA:0,(anonymous_16)
FNDA:0,(anonymous_17)
FNDA:0,(anonymous_18)
FNDA:0,(anonymous_19)
FNDA:0,(anonymous_20)
FNDA:0,(anonymous_21)
FNDA:0,(anonymous_22)
DA:260,3
DA:340,9
DA:343,3
DA:344,3
DA:345,0
DA:346,0
DA:351,0
DA:354,3
DA:357,3
DA:363,0
DA:364,0
DA:365,0
DA:367,0
DA:371,3
DA:372,3
DA:373,3
DA:374,3
DA:376,0
DA:377,0
DA:380,0
DA:381,0
DA:384,3
DA:387,0
DA:389,3
DA:390,3
DA:406,0
DA:407,0
DA:408,0
DA:409,0
DA:410,0
DA:413,6
DA:414,9
DA:417,2
DA:418,0
DA:422,0
DA:424,2
DA:428,0
DA:429,0
DA:430,0
DA:434,0
DA:440,0
DA:441,0
DA:446,0
DA:468,0
DA:470,0
DA:476,0
DA:477,0
DA:486,0
DA:489,0
DA:490,0
DA:491,0
DA:492,0
DA:496,0
DA:497,0
DA:498,0
DA:505,0
DA:506,0
DA:507,0
DA:508,0
DA:509,0
DA:515,3
DA:516,3
DA:520,3
DA:521,0
DA:523,0
DA:524,0
DA:525,0
DA:529,0
DA:530,0
DA:531,0
DA:535,0
DA:544,0
DA:545,0
DA:546,0
DA:550,0
DA:551,0
DA:553,0
DA:555,0
DA:558,0
DA:559,0
DA:560,0
DA:562,0
DA:563,0
LF:83
LH:20
BRDA:340,0,0,9
BRDA:340,0,1,9
BRDA:343,1,0,3
BRDA:343,1,1,0
BRDA:344,2,0,0
BRDA:344,2,1,3
BRDA:344,3,0,3
BRDA:344,3,1,0
BRDA:344,3,2,0
BRDA:345,4,0,0
BRDA:345,4,1,0
BRDA:357,5,0,0
BRDA:357,5,1,3
BRDA:363,6,0,0
BRDA:363,6,1,0
BRDA:374,7,0,0
BRDA:374,7,1,0
BRDA:374,7,2,3
BRDA:414,8,0,3
BRDA:414,8,1,3
BRDA:417,9,0,0
BRDA:417,9,1,2
BRDA:435,10,0,0
BRDA:435,10,1,0
BRDA:450,11,0,0
BRDA:450,11,1,0
BRDA:457,12,0,0
BRDA:457,12,1,0
BRDA:489,13,0,0
BRDA:489,13,1,0
BRDA:506,14,0,0
BRDA:506,14,1,0
BRDA:506,15,0,0
BRDA:506,15,1,0
BRDA:508,16,0,0
BRDA:508,16,1,0
BRDA:530,17,0,0
BRDA:530,17,1,0
BRDA:538,18,0,0
BRDA:538,18,1,0
BRDA:539,19,0,0
BRDA:539,19,1,0
BRDA:540,20,0,0
BRDA:540,20,1,0
BRDA:552,21,0,0
BRDA:552,21,1,0
BRDA:559,22,0,0
BRDA:559,22,1,0
BRF:48
BRH:10
end_of_record
TN:
SF:..\..\frontend\src\views\SegmentPlayground\Overview.vue
FN:95,(anonymous_0)
FN:107,(anonymous_1)
FN:141,(anonymous_2)
FNF:3
FNH:2
FNDA:0,(anonymous_0)
FNDA:3,(anonymous_1)
FNDA:54,(anonymous_2)
DA:108,3
DA:142,54
DA:144,12
DA:146,12
DA:150,12
DA:152,12
DA:155,6
LF:7
LH:7
BRDA:142,0,0,12
BRDA:142,0,1,12
BRDA:142,0,2,12
BRDA:142,0,3,12
BRDA:142,0,4,6
BRDA:146,1,0,12
BRDA:146,1,1,0
BRDA:146,2,0,12
BRDA:146,2,1,12
BRF:9
BRH:8
end_of_record
TN:
SF:..\..\frontend\src\views\Shared\Drawers\DeliveryHistoryDrawer.vue
FN:204,(anonymous_0)
FN:258,(anonymous_1)
FN:265,(anonymous_2)
FN:269,(anonymous_3)
FN:277,(anonymous_4)
FN:283,(anonymous_5)
FN:307,(anonymous_6)
FN:311,(anonymous_7)
FN:317,(anonymous_8)
FN:320,(anonymous_9)
FN:330,(anonymous_10)
FN:334,(anonymous_11)
FN:340,(anonymous_12)
FN:342,(anonymous_13)
FN:352,(anonymous_14)
FN:354,(anonymous_15)
FN:379,(anonymous_16)
FN:381,(anonymous_17)
FN:407,(anonymous_18)
FN:409,(anonymous_19)
FN:420,(anonymous_20)
FN:422,(anonymous_21)
FN:447,(anonymous_22)
FN:449,(anonymous_23)
FNF:24
FNH:9
FNDA:2,(anonymous_0)
FNDA:4,(anonymous_1)
FNDA:4,(anonymous_2)
FNDA:4,(anonymous_3)
FNDA:4,(anonymous_4)
FNDA:2,(anonymous_5)
FNDA:0,(anonymous_6)
FNDA:0,(anonymous_7)
FNDA:0,(anonymous_8)
FNDA:0,(anonymous_9)
FNDA:0,(anonymous_10)
FNDA:2,(anonymous_11)
FNDA:0,(anonymous_12)
FNDA:0,(anonymous_13)
FNDA:0,(anonymous_14)
FNDA:0,(anonymous_15)
FNDA:0,(anonymous_16)
FNDA:0,(anonymous_17)
FNDA:4,(anonymous_18)
FNDA:4,(anonymous_19)
FNDA:0,(anonymous_20)
FNDA:0,(anonymous_21)
FNDA:0,(anonymous_22)
FNDA:0,(anonymous_23)
DA:205,2
DA:259,4
DA:260,2
DA:266,4
DA:270,4
DA:271,4
DA:272,2
DA:278,4
DA:279,2
DA:284,2
DA:285,1
DA:291,2
DA:292,1
DA:308,0
DA:312,0
DA:313,0
DA:318,0
DA:319,0
DA:320,0
DA:322,0
DA:331,0
DA:335,2
DA:336,2
DA:337,2
DA:338,1
DA:340,0
DA:341,0
DA:342,0
DA:345,0
DA:346,0
DA:347,0
DA:353,0
DA:354,0
DA:355,0
DA:356,0
DA:358,0
DA:362,0
DA:364,0
DA:368,0
DA:372,0
DA:380,0
DA:381,0
DA:382,0
DA:383,0
DA:385,0
DA:389,0
DA:391,0
DA:395,0
DA:399,0
DA:405,1
DA:406,1
DA:407,5
DA:408,1
DA:409,4
DA:412,1
DA:413,1
DA:415,1
DA:421,0
DA:422,0
DA:423,0
DA:424,0
DA:426,0
DA:430,0
DA:432,0
DA:436,0
DA:440,0
DA:448,0
DA:449,0
DA:450,0
DA:451,0
DA:453,0
DA:457,0
DA:459,0
DA:463,0
DA:467,0
DA:473,1
DA:475,2
LF:77
LH:27
BRDA:259,0,0,2
BRDA:259,0,1,2
BRDA:271,1,0,2
BRDA:271,1,1,2
BRDA:278,2,0,2
BRDA:278,2,1,2
BRDA:284,3,0,1
BRDA:284,3,1,1
BRDA:291,4,0,1
BRDA:291,4,1,1
BRDA:312,5,0,0
BRDA:312,5,1,0
BRDA:319,6,0,0
BRDA:319,6,1,0
BRDA:337,7,0,1
BRDA:337,7,1,1
BRDA:355,8,0,0
BRDA:355,8,1,0
BRDA:365,9,0,0
BRDA:365,9,1,0
BRDA:382,10,0,0
BRDA:382,10,1,0
BRDA:392,11,0,0
BRDA:392,11,1,0
BRDA:405,12,0,1
BRDA:405,12,1,0
BRDA:423,13,0,0
BRDA:423,13,1,0
BRDA:433,14,0,0
BRDA:433,14,1,0
BRDA:450,15,0,0
BRDA:450,15,1,0
BRDA:460,16,0,0
BRDA:460,16,1,0
BRF:34
BRH:13
end_of_record
TN:
SF:..\..\frontend\src\views\Shared\Drawers\DownloadAudienceDrawer.vue
FN:127,(anonymous_0)
FN:130,(anonymous_1)
FN:163,(anonymous_2)
FN:168,(anonymous_3)
FN:171,(anonymous_4)
FN:175,(anonymous_5)
FN:177,(anonymous_6)
FN:184,(anonymous_7)
FN:187,(anonymous_8)
FN:203,(anonymous_9)
FN:207,(anonymous_10)
FN:212,(anonymous_11)
FNF:12
FNH:2
FNDA:0,(anonymous_0)
FNDA:1,(anonymous_1)
FNDA:1,(anonymous_2)
FNDA:0,(anonymous_3)
FNDA:0,(anonymous_4)
FNDA:0,(anonymous_5)
FNDA:0,(anonymous_6)
FNDA:0,(anonymous_7)
FNDA:0,(anonymous_8)
FNDA:0,(anonymous_9)
FNDA:0,(anonymous_10)
FNDA:0,(anonymous_11)
DA:131,1
DA:164,1
DA:169,0
DA:172,0
DA:176,0
DA:177,0
DA:185,0
DA:186,0
DA:187,0
DA:188,0
DA:189,0
DA:191,0
DA:195,0
DA:196,0
DA:200,0
DA:204,0
DA:205,0
DA:208,0
DA:209,0
DA:210,0
DA:212,0
LF:21
LH:2
BRDA:185,0,0,0
BRDA:185,0,1,0
BRDA:188,1,0,0
BRDA:188,1,1,0
BRDA:209,2,0,0
BRDA:209,2,1,0
BRF:6
BRH:0
end_of_record
TN:
SF:..\..\frontend\src\views\Shared\Drawers\GeoDrawer.vue
FN:127,(anonymous_0)
FN:159,(anonymous_1)
FN:164,(anonymous_2)
FN:169,(anonymous_3)
FN:174,(anonymous_4)
FN:187,(anonymous_5)
FN:191,(anonymous_6)
FN:206,(anonymous_7)
FN:210,(anonymous_8)
FN:215,(anonymous_9)
FN:296,(anonymous_10)
FN:309,(anonymous_11)
FN:323,(anonymous_12)
FN:328,(anonymous_13)
FN:333,(anonymous_14)
FNF:15
FNH:15
FNDA:6,(anonymous_0)
FNDA:4,(anonymous_1)
FNDA:3,(anonymous_2)
FNDA:3,(anonymous_3)
FNDA:10,(anonymous_4)
FNDA:1,(anonymous_5)
FNDA:6,(anonymous_6)
FNDA:6,(anonymous_7)
FNDA:6,(anonymous_8)
FNDA:6,(anonymous_9)
FNDA:1,(anonymous_10)
FNDA:1,(anonymous_11)
FNDA:1,(anonymous_12)
FNDA:1,(anonymous_13)
FNDA:3,(anonymous_14)
DA:128,6
DA:160,4
DA:161,4
DA:165,3
DA:166,3
DA:170,3
DA:171,3
DA:175,10
DA:177,4
DA:179,3
DA:181,3
DA:183,0
DA:188,1
DA:192,6
DA:207,6
DA:211,6
DA:216,6
DA:217,3
DA:218,3
DA:219,3
DA:220,3
DA:221,3
DA:223,1
DA:237,1
DA:238,1
DA:244,1
DA:245,1
DA:247,1
DA:255,1
DA:256,1
DA:258,1
DA:265,1
DA:266,1
DA:272,1
DA:273,1
DA:276,0
DA:278,3
DA:279,3
DA:282,3
DA:297,1
DA:298,0
DA:299,0
DA:300,0
DA:302,0
DA:305,1
DA:310,1
DA:311,0
DA:317,1
DA:324,1
DA:325,1
DA:329,1
DA:330,1
DA:334,3
DA:336,1
DA:337,1
DA:339,1
DA:340,1
DA:342,1
DA:343,1
LF:59
LH:52
BRDA:160,0,0,0
BRDA:160,0,1,4
BRDA:165,1,0,0
BRDA:165,1,1,3
BRDA:170,2,0,0
BRDA:170,2,1,3
BRDA:175,3,0,4
BRDA:175,3,1,3
BRDA:175,3,2,3
BRDA:175,3,3,0
BRDA:188,4,0,1
BRDA:188,4,1,0
BRDA:216,5,0,3
BRDA:216,5,1,3
BRDA:221,6,0,1
BRDA:221,6,1,1
BRDA:221,6,2,1
BRDA:237,7,0,1
BRDA:237,7,1,0
BRDA:265,8,0,1
BRDA:265,8,1,0
BRDA:297,9,0,0
BRDA:297,9,1,1
BRDA:297,10,0,1
BRDA:297,10,1,0
BRDA:310,11,0,0
BRDA:310,11,1,1
BRDA:324,12,0,0
BRDA:324,12,1,1
BRDA:329,13,0,0
BRDA:329,13,1,1
BRDA:334,14,0,1
BRDA:334,14,1,1
BRDA:334,14,2,1
BRF:34
BRH:22
end_of_record
